[ 2016-09-14T08:42:48+08:00 ] 127.0.0.1 /hotel/index.php/home/index
INFO: [ app_init ] --START--
INFO: Run Behavior\BuildLiteBehavior [ RunTime:0.000023s ]
INFO: [ app_init ] --END-- [ RunTime:0.000651s ]
INFO: [ app_begin ] --START--
INFO: Run Behavior\ReadHtmlCacheBehavior [ RunTime:0.001107s ]
INFO: [ app_begin ] --END-- [ RunTime:0.001196s ]
INFO: [ view_parse ] --START--
INFO: [ template_filter ] --START--
INFO: Run Behavior\ContentReplaceBehavior [ RunTime:0.000193s ]
INFO: [ template_filter ] --END-- [ RunTime:0.000332s ]
INFO: Run Behavior\ParseTemplateBehavior [ RunTime:0.014482s ]
INFO: [ view_parse ] --END-- [ RunTime:0.014642s ]
INFO: [ view_filter ] --START--
INFO: Run Behavior\WriteHtmlCacheBehavior [ RunTime:0.000783s ]
INFO: [ view_filter ] --END-- [ RunTime:0.000880s ]
INFO: [ app_end ] --START--
INFO: Run Behavior\ShowPageTraceBehavior [ RunTime:0.001689s ]
INFO: [ app_end ] --END-- [ RunTime:0.001842s ]

[ 2016-09-14T08:42:48+08:00 ] 127.0.0.1 /hotel/index.php/home/e/upload/s1/article/image/2012-11/tpic_t_18143658.jpg
INFO: [ app_init ] --START--
INFO: Run Behavior\BuildLiteBehavior [ RunTime:0.000034s ]
INFO: [ app_init ] --END-- [ RunTime:0.001054s ]

[ 2016-09-14T08:44:51+08:00 ] 127.0.0.1 /hotel/index.php/home/index
INFO: [ app_init ] --START--
INFO: Run Behavior\BuildLiteBehavior [ RunTime:0.000027s ]
INFO: [ app_init ] --END-- [ RunTime:0.000795s ]
INFO: [ app_begin ] --START--
INFO: Run Behavior\ReadHtmlCacheBehavior [ RunTime:0.001238s ]
INFO: [ app_begin ] --END-- [ RunTime:0.001340s ]
INFO: [ view_parse ] --START--
INFO: [ template_filter ] --START--
INFO: Run Behavior\ContentReplaceBehavior [ RunTime:0.000187s ]
INFO: [ template_filter ] --END-- [ RunTime:0.000301s ]
INFO: Run Behavior\ParseTemplateBehavior [ RunTime:0.014151s ]
INFO: [ view_parse ] --END-- [ RunTime:0.014264s ]
INFO: [ view_filter ] --START--
INFO: Run Behavior\WriteHtmlCacheBehavior [ RunTime:0.000565s ]
INFO: [ view_filter ] --END-- [ RunTime:0.000658s ]
INFO: [ app_end ] --START--
INFO: Run Behavior\ShowPageTraceBehavior [ RunTime:0.001049s ]
INFO: [ app_end ] --END-- [ RunTime:0.001143s ]

[ 2016-09-14T08:47:26+08:00 ] 127.0.0.1 /hotel/index.php/home/index
INFO: [ app_init ] --START--
INFO: Run Behavior\BuildLiteBehavior [ RunTime:0.000039s ]
INFO: [ app_init ] --END-- [ RunTime:0.001242s ]
INFO: [ app_begin ] --START--
INFO: Run Behavior\ReadHtmlCacheBehavior [ RunTime:0.004594s ]
INFO: [ app_begin ] --END-- [ RunTime:0.005425s ]
INFO: [ view_parse ] --START--
INFO: [ template_filter ] --START--
INFO: Run Behavior\ContentReplaceBehavior [ RunTime:0.000313s ]
INFO: [ template_filter ] --END-- [ RunTime:0.000546s ]
INFO: Run Behavior\ParseTemplateBehavior [ RunTime:0.037457s ]
INFO: [ view_parse ] --END-- [ RunTime:0.037809s ]
INFO: [ view_filter ] --START--
INFO: Run Behavior\WriteHtmlCacheBehavior [ RunTime:0.001513s ]
INFO: [ view_filter ] --END-- [ RunTime:0.001715s ]
INFO: [ app_end ] --START--
INFO: Run Behavior\ShowPageTraceBehavior [ RunTime:0.002829s ]
INFO: [ app_end ] --END-- [ RunTime:0.003206s ]

[ 2016-09-14T08:52:07+08:00 ] 127.0.0.1 /hotel/index.php/home/index
INFO: [ app_init ] --START--
INFO: Run Behavior\BuildLiteBehavior [ RunTime:0.000043s ]
INFO: [ app_init ] --END-- [ RunTime:0.001413s ]
INFO: [ app_begin ] --START--
INFO: Run Behavior\ReadHtmlCacheBehavior [ RunTime:0.003177s ]
INFO: [ app_begin ] --END-- [ RunTime:0.003508s ]
INFO: [ view_parse ] --START--
INFO: [ template_filter ] --START--
INFO: Run Behavior\ContentReplaceBehavior [ RunTime:0.000340s ]
INFO: [ template_filter ] --END-- [ RunTime:0.000523s ]
NOTIC: [8] Undefined variable: category D:\apache2.2\root\hotel\Application\Runtime\Cache\Home\2a94b8bda04ff446dcedd42276fc99ee.php 第 56 行.
INFO: Run Behavior\ParseTemplateBehavior [ RunTime:0.036289s ]
INFO: [ view_parse ] --END-- [ RunTime:0.036700s ]
INFO: [ view_filter ] --START--
INFO: Run Behavior\WriteHtmlCacheBehavior [ RunTime:0.001088s ]
INFO: [ view_filter ] --END-- [ RunTime:0.001290s ]
INFO: [ app_end ] --START--
INFO: Run Behavior\ShowPageTraceBehavior [ RunTime:0.003184s ]
INFO: [ app_end ] --END-- [ RunTime:0.003458s ]

[ 2016-09-14T08:53:49+08:00 ] 127.0.0.1 /hotel/index.php/home/index
INFO: [ app_init ] --START--
INFO: Run Behavior\BuildLiteBehavior [ RunTime:0.000034s ]
INFO: [ app_init ] --END-- [ RunTime:0.001157s ]
INFO: [ app_begin ] --START--
INFO: Run Behavior\ReadHtmlCacheBehavior [ RunTime:0.001422s ]
INFO: [ app_begin ] --END-- [ RunTime:0.001549s ]
INFO: [ view_parse ] --START--
INFO: [ template_filter ] --START--
INFO: Run Behavior\ContentReplaceBehavior [ RunTime:0.000271s ]
INFO: [ template_filter ] --END-- [ RunTime:0.000439s ]
NOTIC: [8] Undefined variable: category D:\apache2.2\root\hotel\Application\Runtime\Cache\Home\2a94b8bda04ff446dcedd42276fc99ee.php 第 50 行.
NOTIC: [8] Undefined variable: vo D:\apache2.2\root\hotel\Application\Runtime\Cache\Home\2a94b8bda04ff446dcedd42276fc99ee.php 第 58 行.
INFO: Run Behavior\ParseTemplateBehavior [ RunTime:0.028578s ]
INFO: [ view_parse ] --END-- [ RunTime:0.028723s ]
INFO: [ view_filter ] --START--
INFO: Run Behavior\WriteHtmlCacheBehavior [ RunTime:0.000790s ]
INFO: [ view_filter ] --END-- [ RunTime:0.000900s ]
INFO: [ app_end ] --START--
INFO: Run Behavior\ShowPageTraceBehavior [ RunTime:0.001557s ]
INFO: [ app_end ] --END-- [ RunTime:0.001695s ]

[ 2016-09-14T08:57:24+08:00 ] 127.0.0.1 /hotel/index.php/home/index
INFO: [ app_init ] --START--
INFO: Run Behavior\BuildLiteBehavior [ RunTime:0.000036s ]
INFO: [ app_init ] --END-- [ RunTime:0.001153s ]
INFO: [ app_begin ] --START--
INFO: Run Behavior\ReadHtmlCacheBehavior [ RunTime:0.002447s ]
INFO: [ app_begin ] --END-- [ RunTime:0.002675s ]
INFO: [ view_parse ] --START--
INFO: [ template_filter ] --START--
INFO: Run Behavior\ContentReplaceBehavior [ RunTime:0.000279s ]
INFO: [ template_filter ] --END-- [ RunTime:0.000449s ]
NOTIC: [8] Undefined variable: category D:\apache2.2\root\hotel\Application\Runtime\Cache\Home\2a94b8bda04ff446dcedd42276fc99ee.php 第 50 行.
NOTIC: [8] Undefined variable: vo D:\apache2.2\root\hotel\Application\Runtime\Cache\Home\2a94b8bda04ff446dcedd42276fc99ee.php 第 58 行.
INFO: Run Behavior\ParseTemplateBehavior [ RunTime:0.028306s ]
INFO: [ view_parse ] --END-- [ RunTime:0.028479s ]
INFO: [ view_filter ] --START--
INFO: Run Behavior\WriteHtmlCacheBehavior [ RunTime:0.000899s ]
INFO: [ view_filter ] --END-- [ RunTime:0.001011s ]
INFO: [ app_end ] --START--
INFO: Run Behavior\ShowPageTraceBehavior [ RunTime:0.002215s ]
INFO: [ app_end ] --END-- [ RunTime:0.002478s ]

[ 2016-09-14T09:00:28+08:00 ] 127.0.0.1 /hotel/index.php/home/index
INFO: [ app_init ] --START--
INFO: Run Behavior\BuildLiteBehavior [ RunTime:0.000023s ]
INFO: [ app_init ] --END-- [ RunTime:0.000647s ]
INFO: [ app_begin ] --START--
INFO: Run Behavior\ReadHtmlCacheBehavior [ RunTime:0.002066s ]
INFO: [ app_begin ] --END-- [ RunTime:0.002292s ]
INFO: [ view_parse ] --START--
INFO: [ template_filter ] --START--
INFO: Run Behavior\ContentReplaceBehavior [ RunTime:0.000276s ]
INFO: [ template_filter ] --END-- [ RunTime:0.000466s ]
NOTIC: [8] Undefined variable: category D:\apache2.2\root\hotel\Application\Runtime\Cache\Home\2a94b8bda04ff446dcedd42276fc99ee.php 第 50 行.
NOTIC: [8] Undefined variable: vo D:\apache2.2\root\hotel\Application\Runtime\Cache\Home\2a94b8bda04ff446dcedd42276fc99ee.php 第 58 行.
INFO: Run Behavior\ParseTemplateBehavior [ RunTime:0.024062s ]
INFO: [ view_parse ] --END-- [ RunTime:0.024201s ]
INFO: [ view_filter ] --START--
INFO: Run Behavior\WriteHtmlCacheBehavior [ RunTime:0.001044s ]
INFO: [ view_filter ] --END-- [ RunTime:0.001188s ]
INFO: [ app_end ] --START--
INFO: Run Behavior\ShowPageTraceBehavior [ RunTime:0.001923s ]
INFO: [ app_end ] --END-- [ RunTime:0.002094s ]

[ 2016-09-14T09:02:37+08:00 ] 127.0.0.1 /hotel/index.php/home/index
INFO: [ app_init ] --START--
INFO: Run Behavior\BuildLiteBehavior [ RunTime:0.000030s ]
INFO: [ app_init ] --END-- [ RunTime:0.000902s ]
INFO: [ app_begin ] --START--
INFO: Run Behavior\ReadHtmlCacheBehavior [ RunTime:0.001455s ]
INFO: [ app_begin ] --END-- [ RunTime:0.001573s ]
INFO: [ view_parse ] --START--
INFO: [ template_filter ] --START--
INFO: Run Behavior\ContentReplaceBehavior [ RunTime:0.000242s ]
INFO: [ template_filter ] --END-- [ RunTime:0.000399s ]
NOTIC: [8] Undefined variable: category D:\apache2.2\root\hotel\Application\Runtime\Cache\Home\2a94b8bda04ff446dcedd42276fc99ee.php 第 50 行.
NOTIC: [8] Undefined variable: vo D:\apache2.2\root\hotel\Application\Runtime\Cache\Home\2a94b8bda04ff446dcedd42276fc99ee.php 第 58 行.
INFO: Run Behavior\ParseTemplateBehavior [ RunTime:0.026539s ]
INFO: [ view_parse ] --END-- [ RunTime:0.026718s ]
INFO: [ view_filter ] --START--
INFO: Run Behavior\WriteHtmlCacheBehavior [ RunTime:0.001002s ]
INFO: [ view_filter ] --END-- [ RunTime:0.001142s ]
INFO: [ app_end ] --START--
INFO: Run Behavior\ShowPageTraceBehavior [ RunTime:0.001583s ]
INFO: [ app_end ] --END-- [ RunTime:0.001742s ]

[ 2016-09-14T09:21:46+08:00 ] 127.0.0.1 /hotel/index.php/home/
INFO: [ app_init ] --START--
INFO: Run Behavior\BuildLiteBehavior [ RunTime:0.000025s ]
INFO: [ app_init ] --END-- [ RunTime:0.000749s ]
INFO: [ app_begin ] --START--
INFO: Run Behavior\ReadHtmlCacheBehavior [ RunTime:0.001359s ]
INFO: [ app_begin ] --END-- [ RunTime:0.001470s ]
SQL: SHOW COLUMNS FROM `categorys` [ RunTime:0.0124s ]
SQL: SELECT * FROM `categorys`  [ RunTime:0.0007s ]
INFO: [ view_parse ] --START--
INFO: [ template_filter ] --START--
INFO: Run Behavior\ContentReplaceBehavior [ RunTime:0.000211s ]
INFO: [ template_filter ] --END-- [ RunTime:0.000331s ]
INFO: Run Behavior\ParseTemplateBehavior [ RunTime:0.021756s ]
INFO: [ view_parse ] --END-- [ RunTime:0.021928s ]
INFO: [ view_filter ] --START--
INFO: Run Behavior\WriteHtmlCacheBehavior [ RunTime:0.001180s ]
INFO: [ view_filter ] --END-- [ RunTime:0.001319s ]
INFO: [ app_end ] --START--
INFO: Run Behavior\ShowPageTraceBehavior [ RunTime:0.002306s ]
INFO: [ app_end ] --END-- [ RunTime:0.002463s ]

[ 2016-09-14T09:21:46+08:00 ] 127.0.0.1 /hotel/index.php/home/%7B/hotel/Public/$vo.thumb%7D
INFO: [ app_init ] --START--
INFO: Run Behavior\BuildLiteBehavior [ RunTime:0.000037s ]
INFO: [ app_init ] --END-- [ RunTime:0.001089s ]
INFO: [ app_begin ] --START--
INFO: Run Behavior\ReadHtmlCacheBehavior [ RunTime:0.001698s ]
INFO: [ app_begin ] --END-- [ RunTime:0.001883s ]
ERR: 无法加载控制器:{

[ 2016-09-14T09:21:46+08:00 ] 127.0.0.1 /hotel/index.php/home/%7B/hotel/Public/$vo.thumb%7D
INFO: [ app_init ] --START--
INFO: Run Behavior\BuildLiteBehavior [ RunTime:0.000038s ]
INFO: [ app_init ] --END-- [ RunTime:0.001766s ]
INFO: [ app_begin ] --START--
INFO: Run Behavior\ReadHtmlCacheBehavior [ RunTime:0.001712s ]
INFO: [ app_begin ] --END-- [ RunTime:0.001870s ]
ERR: 无法加载控制器:{

[ 2016-09-14T09:21:47+08:00 ] 127.0.0.1 /hotel/index.php/home/%7B/hotel/Public/$vo.thumb%7D
INFO: [ app_init ] --START--
INFO: Run Behavior\BuildLiteBehavior [ RunTime:0.000045s ]
INFO: [ app_init ] --END-- [ RunTime:0.001738s ]
INFO: [ app_begin ] --START--
INFO: Run Behavior\ReadHtmlCacheBehavior [ RunTime:0.001322s ]
INFO: [ app_begin ] --END-- [ RunTime:0.001430s ]
ERR: 无法加载控制器:{

[ 2016-09-14T09:28:59+08:00 ] 127.0.0.1 /hotel/index.php/home/
INFO: [ app_init ] --START--
INFO: Run Behavior\BuildLiteBehavior [ RunTime:0.000049s ]
INFO: [ app_init ] --END-- [ RunTime:0.001488s ]
INFO: [ app_begin ] --START--
INFO: Run Behavior\ReadHtmlCacheBehavior [ RunTime:0.001446s ]
INFO: [ app_begin ] --END-- [ RunTime:0.001585s ]
SQL: SHOW COLUMNS FROM `categorys` [ RunTime:0.0230s ]
SQL: SELECT * FROM `categorys`  [ RunTime:0.0014s ]
INFO: [ view_parse ] --START--
INFO: [ template_filter ] --START--
INFO: Run Behavior\ContentReplaceBehavior [ RunTime:0.000236s ]
INFO: [ template_filter ] --END-- [ RunTime:0.000363s ]
INFO: Run Behavior\ParseTemplateBehavior [ RunTime:0.020551s ]
INFO: [ view_parse ] --END-- [ RunTime:0.020712s ]
INFO: [ view_filter ] --START--
INFO: Run Behavior\WriteHtmlCacheBehavior [ RunTime:0.001286s ]
INFO: [ view_filter ] --END-- [ RunTime:0.001416s ]
INFO: [ app_end ] --START--
INFO: Run Behavior\ShowPageTraceBehavior [ RunTime:0.001638s ]
INFO: [ app_end ] --END-- [ RunTime:0.001797s ]

[ 2016-09-14T09:31:36+08:00 ] 127.0.0.1 /hotel/index.php/home
INFO: [ app_init ] --START--
INFO: Run Behavior\BuildLiteBehavior [ RunTime:0.000049s ]
INFO: [ app_init ] --END-- [ RunTime:0.001111s ]
INFO: [ app_begin ] --START--
INFO: Run Behavior\ReadHtmlCacheBehavior [ RunTime:0.001678s ]
INFO: [ app_begin ] --END-- [ RunTime:0.001904s ]
SQL: SHOW COLUMNS FROM `categorys` [ RunTime:0.0197s ]
SQL: SELECT * FROM `categorys`  [ RunTime:0.0012s ]
INFO: [ view_parse ] --START--
INFO: [ template_filter ] --START--
INFO: Run Behavior\ContentReplaceBehavior [ RunTime:0.000234s ]
INFO: [ template_filter ] --END-- [ RunTime:0.000501s ]
INFO: Run Behavior\ParseTemplateBehavior [ RunTime:0.026883s ]
INFO: [ view_parse ] --END-- [ RunTime:0.027085s ]
INFO: [ view_filter ] --START--
INFO: Run Behavior\WriteHtmlCacheBehavior [ RunTime:0.000897s ]
INFO: [ view_filter ] --END-- [ RunTime:0.001023s ]
INFO: [ app_end ] --START--
INFO: Run Behavior\ShowPageTraceBehavior [ RunTime:0.001573s ]
INFO: [ app_end ] --END-- [ RunTime:0.001719s ]

[ 2016-09-14T09:34:34+08:00 ] 127.0.0.1 /hotel/index.php/home
INFO: [ app_init ] --START--
INFO: Run Behavior\BuildLiteBehavior [ RunTime:0.000059s ]
INFO: [ app_init ] --END-- [ RunTime:0.001232s ]
INFO: [ app_begin ] --START--
INFO: Run Behavior\ReadHtmlCacheBehavior [ RunTime:0.002932s ]
INFO: [ app_begin ] --END-- [ RunTime:0.003368s ]
SQL: SHOW COLUMNS FROM `categorys` [ RunTime:0.0283s ]
SQL: SELECT * FROM `categorys`  [ RunTime:0.0011s ]
INFO: [ view_parse ] --START--
INFO: [ template_filter ] --START--
INFO: Run Behavior\ContentReplaceBehavior [ RunTime:0.000308s ]
INFO: [ template_filter ] --END-- [ RunTime:0.000683s ]
INFO: Run Behavior\ParseTemplateBehavior [ RunTime:0.039931s ]
INFO: [ view_parse ] --END-- [ RunTime:0.040308s ]
INFO: [ view_filter ] --START--
INFO: Run Behavior\WriteHtmlCacheBehavior [ RunTime:0.001668s ]
INFO: [ view_filter ] --END-- [ RunTime:0.001874s ]
INFO: [ app_end ] --START--
INFO: Run Behavior\ShowPageTraceBehavior [ RunTime:0.002806s ]
INFO: [ app_end ] --END-- [ RunTime:0.002995s ]

[ 2016-09-14T09:36:19+08:00 ] 127.0.0.1 /hotel/index.php/home
INFO: [ app_init ] --START--
INFO: Run Behavior\BuildLiteBehavior [ RunTime:0.000058s ]
INFO: [ app_init ] --END-- [ RunTime:0.002691s ]
INFO: [ app_begin ] --START--
INFO: Run Behavior\ReadHtmlCacheBehavior [ RunTime:0.011685s ]
INFO: [ app_begin ] --END-- [ RunTime:0.012045s ]
SQL: SHOW COLUMNS FROM `categorys` [ RunTime:0.0266s ]
SQL: SELECT * FROM `categorys`  [ RunTime:0.0032s ]
INFO: [ view_parse ] --START--
INFO: [ template_filter ] --START--
INFO: Run Behavior\ContentReplaceBehavior [ RunTime:0.000312s ]
INFO: [ template_filter ] --END-- [ RunTime:0.000643s ]
INFO: Run Behavior\ParseTemplateBehavior [ RunTime:0.032834s ]
INFO: [ view_parse ] --END-- [ RunTime:0.033195s ]
INFO: [ view_filter ] --START--
INFO: Run Behavior\WriteHtmlCacheBehavior [ RunTime:0.001635s ]
INFO: [ view_filter ] --END-- [ RunTime:0.001939s ]
INFO: [ app_end ] --START--
INFO: Run Behavior\ShowPageTraceBehavior [ RunTime:0.001681s ]
INFO: [ app_end ] --END-- [ RunTime:0.001852s ]

