[ 2016-12-25T13:27:51+08:00 ] 127.0.0.1 /shanghua/Public/home/images/r_b.png
INFO: [ app_init ] --START--
INFO: Run Behavior\BuildLiteBehavior [ RunTime:0.000056s ]
INFO: [ app_init ] --END-- [ RunTime:0.002117s ]
ERR: 无法加载模块:Public

[ 2016-12-25T13:27:58+08:00 ] 127.0.0.1 /shanghua/Public/home/images/r_b.png
INFO: [ app_init ] --START--
INFO: Run Behavior\BuildLiteBehavior [ RunTime:0.000058s ]
INFO: [ app_init ] --END-- [ RunTime:0.001445s ]
ERR: 无法加载模块:Public

[ 2016-12-25T13:28:11+08:00 ] 127.0.0.1 /shanghua/Public/home/images/r_b.png
INFO: [ app_init ] --START--
INFO: Run Behavior\BuildLiteBehavior [ RunTime:0.000040s ]
INFO: [ app_init ] --END-- [ RunTime:0.001161s ]
ERR: 无法加载模块:Public

[ 2016-12-25T13:28:19+08:00 ] 127.0.0.1 /shanghua/Public/home/images/r_b.png
INFO: [ app_init ] --START--
INFO: Run Behavior\BuildLiteBehavior [ RunTime:0.000057s ]
INFO: [ app_init ] --END-- [ RunTime:0.001368s ]
ERR: 无法加载模块:Public

[ 2016-12-25T13:28:41+08:00 ] 127.0.0.1 /shanghua/Public/uploads/2016-12-17/585549fc8c28b.jpg
INFO: [ app_init ] --START--
INFO: Run Behavior\BuildLiteBehavior [ RunTime:0.000056s ]
INFO: [ app_init ] --END-- [ RunTime:0.001249s ]
ERR: 无法加载模块:Public

[ 2016-12-25T13:28:41+08:00 ] 127.0.0.1 /shanghua/Public/uploads/2016-12-17/585548c43bee7.jpg
INFO: [ app_init ] --START--
INFO: Run Behavior\BuildLiteBehavior [ RunTime:0.000050s ]
INFO: [ app_init ] --END-- [ RunTime:0.001321s ]
ERR: 无法加载模块:Public

[ 2016-12-25T13:28:42+08:00 ] 127.0.0.1 /shanghua/Public/uploads/2016-12-17/585549c1042cf.jpg
INFO: [ app_init ] --START--
INFO: Run Behavior\BuildLiteBehavior [ RunTime:0.000054s ]
INFO: [ app_init ] --END-- [ RunTime:0.001274s ]
ERR: 无法加载模块:Public

[ 2016-12-25T13:28:42+08:00 ] 127.0.0.1 /shanghua/Public/uploads/2016-12-20/585891bbef477.jpg
INFO: [ app_init ] --START--
INFO: Run Behavior\BuildLiteBehavior [ RunTime:0.000052s ]
INFO: [ app_init ] --END-- [ RunTime:0.001364s ]
ERR: 无法加载模块:Public

[ 2016-12-25T13:28:42+08:00 ] 127.0.0.1 /shanghua/Public/uploads/2016-12-20/585891e51ff39.jpg
INFO: [ app_init ] --START--
INFO: Run Behavior\BuildLiteBehavior [ RunTime:0.000049s ]
INFO: [ app_init ] --END-- [ RunTime:0.001285s ]
ERR: 无法加载模块:Public

[ 2016-12-25T13:28:42+08:00 ] 127.0.0.1 /shanghua/Public/uploads/2016-12-20/58589141547ee.jpg
INFO: [ app_init ] --START--
INFO: Run Behavior\BuildLiteBehavior [ RunTime:0.000055s ]
INFO: [ app_init ] --END-- [ RunTime:0.001297s ]
ERR: 无法加载模块:Public

[ 2016-12-25T13:28:42+08:00 ] 127.0.0.1 /shanghua/Public/uploads/2016-12-20/5858917c3c99f.jpg
INFO: [ app_init ] --START--
INFO: Run Behavior\BuildLiteBehavior [ RunTime:0.000053s ]
INFO: [ app_init ] --END-- [ RunTime:0.001342s ]
ERR: 无法加载模块:Public

[ 2016-12-25T13:28:42+08:00 ] 127.0.0.1 /shanghua/Public/uploads/2016-12-20/5858920c776d8.jpg
INFO: [ app_init ] --START--
INFO: Run Behavior\BuildLiteBehavior [ RunTime:0.000056s ]
INFO: [ app_init ] --END-- [ RunTime:0.001442s ]
ERR: 无法加载模块:Public

[ 2016-12-25T13:28:53+08:00 ] 127.0.0.1 /shanghua/Public/home/images/r_b.png
INFO: [ app_init ] --START--
INFO: Run Behavior\BuildLiteBehavior [ RunTime:0.000053s ]
INFO: [ app_init ] --END-- [ RunTime:0.001319s ]
ERR: 无法加载模块:Public

[ 2016-12-25T13:28:57+08:00 ] 127.0.0.1 /shanghua/Public/home/images/r_b.png
INFO: [ app_init ] --START--
INFO: Run Behavior\BuildLiteBehavior [ RunTime:0.000041s ]
INFO: [ app_init ] --END-- [ RunTime:0.001228s ]
ERR: 无法加载模块:Public

[ 2016-12-25T13:29:02+08:00 ] 127.0.0.1 /shanghua/Public/home/images/r_b.png
INFO: [ app_init ] --START--
INFO: Run Behavior\BuildLiteBehavior [ RunTime:0.000044s ]
INFO: [ app_init ] --END-- [ RunTime:0.001155s ]
ERR: 无法加载模块:Public

[ 2016-12-25T13:29:16+08:00 ] 127.0.0.1 /shanghua/Public/home/images/r_b.png
INFO: [ app_init ] --START--
INFO: Run Behavior\BuildLiteBehavior [ RunTime:0.000044s ]
INFO: [ app_init ] --END-- [ RunTime:0.003495s ]
ERR: 无法加载模块:Public

