[ 2016-12-22T07:59:16+08:00 ] 127.0.0.1 /shanghua/Public/home/images/r_b.png
INFO: [ app_init ] --START--
INFO: Run Behavior\BuildLiteBehavior [ RunTime:0.000046s ]
INFO: [ app_init ] --END-- [ RunTime:0.028700s ]
ERR: 无法加载模块:Public

[ 2016-12-22T08:06:50+08:00 ] 127.0.0.1 /shanghua/Public/home/images/r_b.png
INFO: [ app_init ] --START--
INFO: Run Behavior\BuildLiteBehavior [ RunTime:0.000055s ]
INFO: [ app_init ] --END-- [ RunTime:0.002793s ]
ERR: 无法加载模块:Public

[ 2016-12-22T08:07:14+08:00 ] 127.0.0.1 /shanghua/Public/home/images/gongyi,jpg
INFO: [ app_init ] --START--
INFO: Run Behavior\BuildLiteBehavior [ RunTime:0.000036s ]
INFO: [ app_init ] --END-- [ RunTime:0.001201s ]
ERR: 无法加载模块:Public

[ 2016-12-22T08:12:24+08:00 ] 127.0.0.1 /shanghua/Public/home/images/gongyi.jpg
INFO: [ app_init ] --START--
INFO: Run Behavior\BuildLiteBehavior [ RunTime:0.000042s ]
INFO: [ app_init ] --END-- [ RunTime:0.005417s ]
ERR: 无法加载模块:Public

[ 2016-12-22T08:17:09+08:00 ] 127.0.0.1 /shanghua/Public/home/images/r_b.png
INFO: [ app_init ] --START--
INFO: Run Behavior\BuildLiteBehavior [ RunTime:0.000253s ]
INFO: [ app_init ] --END-- [ RunTime:0.001852s ]
ERR: 无法加载模块:Public

[ 2016-12-22T08:17:38+08:00 ] 127.0.0.1 /shanghua/Public/home/images/r_b.png
INFO: [ app_init ] --START--
INFO: Run Behavior\BuildLiteBehavior [ RunTime:0.000034s ]
INFO: [ app_init ] --END-- [ RunTime:0.001339s ]
ERR: 无法加载模块:Public

[ 2016-12-22T08:17:42+08:00 ] 127.0.0.1 /shanghua/Public/home/fonts/kalinga.woff
INFO: [ app_init ] --START--
INFO: Run Behavior\BuildLiteBehavior [ RunTime:0.000033s ]
INFO: [ app_init ] --END-- [ RunTime:0.001069s ]
ERR: 无法加载模块:Public

[ 2016-12-22T08:17:43+08:00 ] 127.0.0.1 /shanghua/Public/home/fonts/kalinga.ttf
INFO: [ app_init ] --START--
INFO: Run Behavior\BuildLiteBehavior [ RunTime:0.000036s ]
INFO: [ app_init ] --END-- [ RunTime:0.001169s ]
ERR: 无法加载模块:Public

[ 2016-12-22T08:17:51+08:00 ] 127.0.0.1 /shanghua/Public/home/images/r_b.png
INFO: [ app_init ] --START--
INFO: Run Behavior\BuildLiteBehavior [ RunTime:0.000039s ]
INFO: [ app_init ] --END-- [ RunTime:0.001323s ]
ERR: 无法加载模块:Public

[ 2016-12-22T08:17:58+08:00 ] 127.0.0.1 /shanghua/Public/home/images/r_b.png
INFO: [ app_init ] --START--
INFO: Run Behavior\BuildLiteBehavior [ RunTime:0.000038s ]
INFO: [ app_init ] --END-- [ RunTime:0.001228s ]
ERR: 无法加载模块:Public

[ 2016-12-22T08:18:49+08:00 ] 127.0.0.1 /shanghua/Public/home/images/apply.jpg
INFO: [ app_init ] --START--
INFO: Run Behavior\BuildLiteBehavior [ RunTime:0.000043s ]
INFO: [ app_init ] --END-- [ RunTime:0.001412s ]
ERR: 无法加载模块:Public

[ 2016-12-22T08:20:49+08:00 ] 127.0.0.1 /shanghua/Public/home/images/apply.jpg
INFO: [ app_init ] --START--
INFO: Run Behavior\BuildLiteBehavior [ RunTime:0.000065s ]
INFO: [ app_init ] --END-- [ RunTime:0.002074s ]
ERR: 无法加载模块:Public

[ 2016-12-22T08:21:20+08:00 ] 127.0.0.1 /shanghua/Public/home/images/r_b.png
INFO: [ app_init ] --START--
INFO: Run Behavior\BuildLiteBehavior [ RunTime:0.000058s ]
INFO: [ app_init ] --END-- [ RunTime:0.032833s ]
ERR: 无法加载模块:Public

[ 2016-12-22T08:22:21+08:00 ] 127.0.0.1 /shanghua/Public/home/images/r_b.png
INFO: [ app_init ] --START--
INFO: Run Behavior\BuildLiteBehavior [ RunTime:0.000054s ]
INFO: [ app_init ] --END-- [ RunTime:0.015425s ]
ERR: 无法加载模块:Public

[ 2016-12-22T08:22:24+08:00 ] 127.0.0.1 /shanghua/Public/home/images/opration.jpg
INFO: [ app_init ] --START--
INFO: Run Behavior\BuildLiteBehavior [ RunTime:0.000056s ]
INFO: [ app_init ] --END-- [ RunTime:0.001997s ]
ERR: 无法加载模块:Public

[ 2016-12-22T08:23:18+08:00 ] 127.0.0.1 /shanghua/Public/home/images/r_b.png
INFO: [ app_init ] --START--
INFO: Run Behavior\BuildLiteBehavior [ RunTime:0.000033s ]
INFO: [ app_init ] --END-- [ RunTime:0.001190s ]
ERR: 无法加载模块:Public

[ 2016-12-22T08:23:25+08:00 ] 127.0.0.1 /shanghua/Public/home/images/r_b.png
INFO: [ app_init ] --START--
INFO: Run Behavior\BuildLiteBehavior [ RunTime:0.000050s ]
INFO: [ app_init ] --END-- [ RunTime:0.001749s ]
ERR: 无法加载模块:Public

[ 2016-12-22T08:23:29+08:00 ] 127.0.0.1 /shanghua/Public/home/fonts/kalinga.woff
INFO: [ app_init ] --START--
INFO: Run Behavior\BuildLiteBehavior [ RunTime:0.000058s ]
INFO: [ app_init ] --END-- [ RunTime:0.004417s ]
ERR: 无法加载模块:Public

[ 2016-12-22T08:23:29+08:00 ] 127.0.0.1 /shanghua/Public/home/fonts/kalinga.ttf
INFO: [ app_init ] --START--
INFO: Run Behavior\BuildLiteBehavior [ RunTime:0.000062s ]
INFO: [ app_init ] --END-- [ RunTime:0.001962s ]
ERR: 无法加载模块:Public

[ 2016-12-22T08:24:42+08:00 ] 127.0.0.1 /shanghua/Public/home/images/r_b.png
INFO: [ app_init ] --START--
INFO: Run Behavior\BuildLiteBehavior [ RunTime:0.000053s ]
INFO: [ app_init ] --END-- [ RunTime:0.015282s ]
ERR: 无法加载模块:Public

[ 2016-12-22T08:24:50+08:00 ] 127.0.0.1 /shanghua/Public/home/images/r_b.png
INFO: [ app_init ] --START--
INFO: Run Behavior\BuildLiteBehavior [ RunTime:0.000048s ]
INFO: [ app_init ] --END-- [ RunTime:0.001800s ]
ERR: 无法加载模块:Public

[ 2016-12-22T08:24:53+08:00 ] 127.0.0.1 /shanghua/Public/home/images/r_b.png
INFO: [ app_init ] --START--
INFO: Run Behavior\BuildLiteBehavior [ RunTime:0.000034s ]
INFO: [ app_init ] --END-- [ RunTime:0.001166s ]
ERR: 无法加载模块:Public

[ 2016-12-22T08:34:11+08:00 ] 127.0.0.1 /shanghua/Public/home/images/r_b.png
INFO: [ app_init ] --START--
INFO: Run Behavior\BuildLiteBehavior [ RunTime:0.000058s ]
INFO: [ app_init ] --END-- [ RunTime:0.016496s ]
ERR: 无法加载模块:Public

[ 2016-12-22T08:34:20+08:00 ] 127.0.0.1 /shanghua/Public/home/images/r_b.png
INFO: [ app_init ] --START--
INFO: Run Behavior\BuildLiteBehavior [ RunTime:0.000055s ]
INFO: [ app_init ] --END-- [ RunTime:0.004812s ]
ERR: 无法加载模块:Public

[ 2016-12-22T08:36:06+08:00 ] 127.0.0.1 /shanghua/Public/home/images/r_b.png
INFO: [ app_init ] --START--
INFO: Run Behavior\BuildLiteBehavior [ RunTime:0.000044s ]
INFO: [ app_init ] --END-- [ RunTime:0.011752s ]
ERR: 无法加载模块:Public

[ 2016-12-22T08:37:06+08:00 ] 127.0.0.1 /shanghua/Public/home/images/r_b.png
INFO: [ app_init ] --START--
INFO: Run Behavior\BuildLiteBehavior [ RunTime:0.000049s ]
INFO: [ app_init ] --END-- [ RunTime:0.002730s ]
ERR: 无法加载模块:Public

[ 2016-12-22T08:37:20+08:00 ] 127.0.0.1 /shanghua/Public/home/images/r_b.png
INFO: [ app_init ] --START--
INFO: Run Behavior\BuildLiteBehavior [ RunTime:0.000054s ]
INFO: [ app_init ] --END-- [ RunTime:0.009746s ]
ERR: 无法加载模块:Public

[ 2016-12-22T08:37:23+08:00 ] 127.0.0.1 /shanghua/Public/home/images/r_b.png
INFO: [ app_init ] --START--
INFO: Run Behavior\BuildLiteBehavior [ RunTime:0.000048s ]
INFO: [ app_init ] --END-- [ RunTime:0.002457s ]
ERR: 无法加载模块:Public

[ 2016-12-22T08:37:27+08:00 ] 127.0.0.1 /shanghua/Public/home/images/r_b.png
INFO: [ app_init ] --START--
INFO: Run Behavior\BuildLiteBehavior [ RunTime:0.000051s ]
INFO: [ app_init ] --END-- [ RunTime:0.002147s ]
ERR: 无法加载模块:Public

[ 2016-12-22T08:37:30+08:00 ] 127.0.0.1 /shanghua/Public/home/fonts/kalinga.woff
INFO: [ app_init ] --START--
INFO: Run Behavior\BuildLiteBehavior [ RunTime:0.000159s ]
INFO: [ app_init ] --END-- [ RunTime:0.005028s ]
ERR: 无法加载模块:Public

[ 2016-12-22T08:37:31+08:00 ] 127.0.0.1 /shanghua/Public/home/images/r_b.png
INFO: [ app_init ] --START--
INFO: Run Behavior\BuildLiteBehavior [ RunTime:0.000068s ]
INFO: [ app_init ] --END-- [ RunTime:0.001564s ]
ERR: 无法加载模块:Public

[ 2016-12-22T08:37:31+08:00 ] 127.0.0.1 /shanghua/Public/home/fonts/kalinga.ttf
INFO: [ app_init ] --START--
INFO: Run Behavior\BuildLiteBehavior [ RunTime:0.000050s ]
INFO: [ app_init ] --END-- [ RunTime:0.001548s ]
ERR: 无法加载模块:Public

[ 2016-12-22T08:37:33+08:00 ] 127.0.0.1 /shanghua/Public/home/images/r_b.png
INFO: [ app_init ] --START--
INFO: Run Behavior\BuildLiteBehavior [ RunTime:0.000037s ]
INFO: [ app_init ] --END-- [ RunTime:0.001214s ]
ERR: 无法加载模块:Public

[ 2016-12-22T08:37:35+08:00 ] 127.0.0.1 /shanghua/Public/home/images/r_b.png
INFO: [ app_init ] --START--
INFO: Run Behavior\BuildLiteBehavior [ RunTime:0.000058s ]
INFO: [ app_init ] --END-- [ RunTime:0.003261s ]
ERR: 无法加载模块:Public

[ 2016-12-22T08:37:39+08:00 ] 127.0.0.1 /shanghua/Public/home/images/r_b.png
INFO: [ app_init ] --START--
INFO: Run Behavior\BuildLiteBehavior [ RunTime:0.000053s ]
INFO: [ app_init ] --END-- [ RunTime:0.025282s ]
ERR: 无法加载模块:Public

[ 2016-12-22T08:37:43+08:00 ] 127.0.0.1 /shanghua/Public/home/images/r_b.png
INFO: [ app_init ] --START--
INFO: Run Behavior\BuildLiteBehavior [ RunTime:0.000050s ]
INFO: [ app_init ] --END-- [ RunTime:0.001757s ]
ERR: 无法加载模块:Public

[ 2016-12-22T08:39:43+08:00 ] 127.0.0.1 /shanghua/Public/home/images/r_b.png
INFO: [ app_init ] --START--
INFO: Run Behavior\BuildLiteBehavior [ RunTime:0.000048s ]
INFO: [ app_init ] --END-- [ RunTime:0.001702s ]
ERR: 无法加载模块:Public

[ 2016-12-22T08:45:37+08:00 ] 127.0.0.1 /shanghua/Public/home/images/r_b.png
INFO: [ app_init ] --START--
INFO: Run Behavior\BuildLiteBehavior [ RunTime:0.000062s ]
INFO: [ app_init ] --END-- [ RunTime:0.004252s ]
ERR: 无法加载模块:Public

[ 2016-12-22T08:53:03+08:00 ] 127.0.0.1 /shanghua/Public/home/images/r_b.png
INFO: [ app_init ] --START--
INFO: Run Behavior\BuildLiteBehavior [ RunTime:0.000095s ]
INFO: [ app_init ] --END-- [ RunTime:0.003565s ]
ERR: 无法加载模块:Public

[ 2016-12-22T08:54:22+08:00 ] 127.0.0.1 /shanghua/Public/home/images/r_b.png
INFO: [ app_init ] --START--
INFO: Run Behavior\BuildLiteBehavior [ RunTime:0.000050s ]
INFO: [ app_init ] --END-- [ RunTime:0.002074s ]
ERR: 无法加载模块:Public

[ 2016-12-22T08:58:40+08:00 ] 127.0.0.1 /shanghua/Public/home/images/r_b.png
INFO: [ app_init ] --START--
INFO: Run Behavior\BuildLiteBehavior [ RunTime:0.000045s ]
INFO: [ app_init ] --END-- [ RunTime:0.001735s ]
ERR: 无法加载模块:Public

[ 2016-12-22T08:58:47+08:00 ] 127.0.0.1 /shanghua/Public/home/images/r_b.png
INFO: [ app_init ] --START--
INFO: Run Behavior\BuildLiteBehavior [ RunTime:0.000033s ]
INFO: [ app_init ] --END-- [ RunTime:0.001146s ]
ERR: 无法加载模块:Public

[ 2016-12-22T09:00:39+08:00 ] 127.0.0.1 /shanghua/Public/home/images/r_b.png
INFO: [ app_init ] --START--
INFO: Run Behavior\BuildLiteBehavior [ RunTime:0.000041s ]
INFO: [ app_init ] --END-- [ RunTime:0.001338s ]
ERR: 无法加载模块:Public

[ 2016-12-22T09:00:49+08:00 ] 127.0.0.1 /shanghua/Public/home/images/r_b.png
INFO: [ app_init ] --START--
INFO: Run Behavior\BuildLiteBehavior [ RunTime:0.000055s ]
INFO: [ app_init ] --END-- [ RunTime:0.002138s ]
ERR: 无法加载模块:Public

[ 2016-12-22T09:00:56+08:00 ] 127.0.0.1 /shanghua/Public/home/images/r_b.png
INFO: [ app_init ] --START--
INFO: Run Behavior\BuildLiteBehavior [ RunTime:0.000050s ]
INFO: [ app_init ] --END-- [ RunTime:0.001665s ]
ERR: 无法加载模块:Public

[ 2016-12-22T09:01:14+08:00 ] 127.0.0.1 /shanghua/Public/home/images/r_b.png
INFO: [ app_init ] --START--
INFO: Run Behavior\BuildLiteBehavior [ RunTime:0.000055s ]
INFO: [ app_init ] --END-- [ RunTime:0.006591s ]
ERR: 无法加载模块:Public

[ 2016-12-22T14:44:36+08:00 ] 127.0.0.1 /shanghua/Public/home/images/r_b.png
INFO: [ app_init ] --START--
INFO: Run Behavior\BuildLiteBehavior [ RunTime:0.000040s ]
INFO: [ app_init ] --END-- [ RunTime:0.001120s ]
ERR: 无法加载模块:Public

[ 2016-12-22T14:49:47+08:00 ] 127.0.0.1 /shanghua/Public/home/images/r_b.png
INFO: [ app_init ] --START--
INFO: Run Behavior\BuildLiteBehavior [ RunTime:0.000069s ]
INFO: [ app_init ] --END-- [ RunTime:0.002378s ]
ERR: 无法加载模块:Public

[ 2016-12-22T14:54:41+08:00 ] 127.0.0.1 /shanghua/Public/home/images/r_b.png
INFO: [ app_init ] --START--
INFO: Run Behavior\BuildLiteBehavior [ RunTime:0.000037s ]
INFO: [ app_init ] --END-- [ RunTime:0.000953s ]
ERR: 无法加载模块:Public

[ 2016-12-22T15:06:57+08:00 ] 127.0.0.1 /shanghua/Public/home/images/r_b.png
INFO: [ app_init ] --START--
INFO: Run Behavior\BuildLiteBehavior [ RunTime:0.000040s ]
INFO: [ app_init ] --END-- [ RunTime:0.001082s ]
ERR: 无法加载模块:Public

[ 2016-12-22T15:07:05+08:00 ] 127.0.0.1 /shanghua/Public/home/images/r_b.png
INFO: [ app_init ] --START--
INFO: Run Behavior\BuildLiteBehavior [ RunTime:0.000096s ]
INFO: [ app_init ] --END-- [ RunTime:0.001252s ]
ERR: 无法加载模块:Public

[ 2016-12-22T15:08:28+08:00 ] 127.0.0.1 /shanghua/Public/home/fonts/kalinga.woff
INFO: [ app_init ] --START--
INFO: Run Behavior\BuildLiteBehavior [ RunTime:0.000044s ]
INFO: [ app_init ] --END-- [ RunTime:0.001080s ]
ERR: 无法加载模块:Public

[ 2016-12-22T15:08:28+08:00 ] 127.0.0.1 /shanghua/Public/home/fonts/kalinga.ttf
INFO: [ app_init ] --START--
INFO: Run Behavior\BuildLiteBehavior [ RunTime:0.000069s ]
INFO: [ app_init ] --END-- [ RunTime:0.001930s ]
ERR: 无法加载模块:Public

[ 2016-12-22T15:09:01+08:00 ] 127.0.0.1 /shanghua/Public/uploads/2016-12-20/585891bbef477.jpg
INFO: [ app_init ] --START--
INFO: Run Behavior\BuildLiteBehavior [ RunTime:0.000040s ]
INFO: [ app_init ] --END-- [ RunTime:0.019852s ]
ERR: 无法加载模块:Public

[ 2016-12-22T15:09:01+08:00 ] 127.0.0.1 /shanghua/Public/uploads/2016-12-20/5858917c3c99f.jpg
INFO: [ app_init ] --START--
INFO: Run Behavior\BuildLiteBehavior [ RunTime:0.000033s ]
INFO: [ app_init ] --END-- [ RunTime:0.000928s ]
ERR: 无法加载模块:Public

[ 2016-12-22T15:09:01+08:00 ] 127.0.0.1 /shanghua/Public/uploads/2016-12-17/585549c1042cf.jpg
INFO: [ app_init ] --START--
INFO: Run Behavior\BuildLiteBehavior [ RunTime:0.000050s ]
INFO: [ app_init ] --END-- [ RunTime:0.001217s ]
ERR: 无法加载模块:Public

[ 2016-12-22T15:09:01+08:00 ] 127.0.0.1 /shanghua/Public/uploads/2016-12-17/585549fc8c28b.jpg
INFO: [ app_init ] --START--
INFO: Run Behavior\BuildLiteBehavior [ RunTime:0.000050s ]
INFO: [ app_init ] --END-- [ RunTime:0.001233s ]
ERR: 无法加载模块:Public

[ 2016-12-22T15:09:01+08:00 ] 127.0.0.1 /shanghua/Public/uploads/2016-12-20/5858920c776d8.jpg
INFO: [ app_init ] --START--
INFO: Run Behavior\BuildLiteBehavior [ RunTime:0.000036s ]
INFO: [ app_init ] --END-- [ RunTime:0.000844s ]
ERR: 无法加载模块:Public

[ 2016-12-22T15:09:01+08:00 ] 127.0.0.1 /shanghua/Public/uploads/2016-12-20/58589141547ee.jpg
INFO: [ app_init ] --START--
INFO: Run Behavior\BuildLiteBehavior [ RunTime:0.000052s ]
INFO: [ app_init ] --END-- [ RunTime:0.001435s ]
ERR: 无法加载模块:Public

[ 2016-12-22T15:09:01+08:00 ] 127.0.0.1 /shanghua/Public/uploads/2016-12-17/585548c43bee7.jpg
INFO: [ app_init ] --START--
INFO: Run Behavior\BuildLiteBehavior [ RunTime:0.000053s ]
INFO: [ app_init ] --END-- [ RunTime:0.001342s ]
ERR: 无法加载模块:Public

[ 2016-12-22T15:09:01+08:00 ] 127.0.0.1 /shanghua/Public/uploads/2016-12-20/585891e51ff39.jpg
INFO: [ app_init ] --START--
INFO: Run Behavior\BuildLiteBehavior [ RunTime:0.000052s ]
INFO: [ app_init ] --END-- [ RunTime:0.001219s ]
ERR: 无法加载模块:Public

[ 2016-12-22T15:34:35+08:00 ] 127.0.0.1 /shanghua/Public/admin/js/showdate.js
INFO: [ app_init ] --START--
INFO: Run Behavior\BuildLiteBehavior [ RunTime:0.000065s ]
INFO: [ app_init ] --END-- [ RunTime:0.008485s ]
ERR: 无法加载模块:Public

[ 2016-12-22T15:36:02+08:00 ] 127.0.0.1 /shanghua/Public/uploads/2016-12-17/585549c1042cf.jpg
INFO: [ app_init ] --START--
INFO: Run Behavior\BuildLiteBehavior [ RunTime:0.000069s ]
INFO: [ app_init ] --END-- [ RunTime:0.001866s ]
ERR: 无法加载模块:Public

[ 2016-12-22T15:36:02+08:00 ] 127.0.0.1 /shanghua/Public/uploads/2016-12-17/585548c43bee7.jpg
INFO: [ app_init ] --START--
INFO: Run Behavior\BuildLiteBehavior [ RunTime:0.000069s ]
INFO: [ app_init ] --END-- [ RunTime:0.001662s ]
ERR: 无法加载模块:Public

[ 2016-12-22T15:36:02+08:00 ] 127.0.0.1 /shanghua/Public/uploads/2016-12-17/585549fc8c28b.jpg
INFO: [ app_init ] --START--
INFO: Run Behavior\BuildLiteBehavior [ RunTime:0.000060s ]
INFO: [ app_init ] --END-- [ RunTime:0.001597s ]
ERR: 无法加载模块:Public

[ 2016-12-22T15:36:02+08:00 ] 127.0.0.1 /shanghua/Public/uploads/2016-12-20/58589141547ee.jpg
INFO: [ app_init ] --START--
INFO: Run Behavior\BuildLiteBehavior [ RunTime:0.000072s ]
INFO: [ app_init ] --END-- [ RunTime:0.006683s ]
ERR: 无法加载模块:Public

[ 2016-12-22T15:36:02+08:00 ] 127.0.0.1 /shanghua/Public/uploads/2016-12-20/585891bbef477.jpg
INFO: [ app_init ] --START--
INFO: Run Behavior\BuildLiteBehavior [ RunTime:0.000065s ]
INFO: [ app_init ] --END-- [ RunTime:0.001926s ]
ERR: 无法加载模块:Public

[ 2016-12-22T15:36:02+08:00 ] 127.0.0.1 /shanghua/Public/uploads/2016-12-20/5858917c3c99f.jpg
INFO: [ app_init ] --START--
INFO: Run Behavior\BuildLiteBehavior [ RunTime:0.000050s ]
INFO: [ app_init ] --END-- [ RunTime:0.001248s ]
ERR: 无法加载模块:Public

[ 2016-12-22T15:36:02+08:00 ] 127.0.0.1 /shanghua/Public/uploads/2016-12-20/5858920c776d8.jpg
INFO: [ app_init ] --START--
INFO: Run Behavior\BuildLiteBehavior [ RunTime:0.000055s ]
INFO: [ app_init ] --END-- [ RunTime:0.001435s ]
ERR: 无法加载模块:Public

[ 2016-12-22T15:36:02+08:00 ] 127.0.0.1 /shanghua/Public/uploads/2016-12-20/585891e51ff39.jpg
INFO: [ app_init ] --START--
INFO: Run Behavior\BuildLiteBehavior [ RunTime:0.000052s ]
INFO: [ app_init ] --END-- [ RunTime:0.001707s ]
ERR: 无法加载模块:Public

[ 2016-12-22T17:35:41+08:00 ] 127.0.0.1 /shanghua/Public/uploads/2016-12-17/585548c43bee7.jpg
INFO: [ app_init ] --START--
INFO: Run Behavior\BuildLiteBehavior [ RunTime:0.000038s ]
INFO: [ app_init ] --END-- [ RunTime:0.001179s ]
ERR: 无法加载模块:Public

[ 2016-12-22T17:35:41+08:00 ] 127.0.0.1 /shanghua/Public/uploads/2016-12-17/585549fc8c28b.jpg
INFO: [ app_init ] --START--
INFO: Run Behavior\BuildLiteBehavior [ RunTime:0.000039s ]
INFO: [ app_init ] --END-- [ RunTime:0.001093s ]
ERR: 无法加载模块:Public

[ 2016-12-22T17:35:42+08:00 ] 127.0.0.1 /shanghua/Public/uploads/2016-12-17/585549c1042cf.jpg
INFO: [ app_init ] --START--
INFO: Run Behavior\BuildLiteBehavior [ RunTime:0.000058s ]
INFO: [ app_init ] --END-- [ RunTime:0.001378s ]
ERR: 无法加载模块:Public

[ 2016-12-22T17:35:42+08:00 ] 127.0.0.1 /shanghua/Public/uploads/2016-12-20/585891bbef477.jpg
INFO: [ app_init ] --START--
INFO: Run Behavior\BuildLiteBehavior [ RunTime:0.000057s ]
INFO: [ app_init ] --END-- [ RunTime:0.001377s ]
ERR: 无法加载模块:Public

[ 2016-12-22T17:35:42+08:00 ] 127.0.0.1 /shanghua/Public/uploads/2016-12-20/58589141547ee.jpg
INFO: [ app_init ] --START--
INFO: Run Behavior\BuildLiteBehavior [ RunTime:0.000039s ]
INFO: [ app_init ] --END-- [ RunTime:0.002790s ]
ERR: 无法加载模块:Public

[ 2016-12-22T17:35:42+08:00 ] 127.0.0.1 /shanghua/Public/uploads/2016-12-20/5858917c3c99f.jpg
INFO: [ app_init ] --START--
INFO: Run Behavior\BuildLiteBehavior [ RunTime:0.000059s ]
INFO: [ app_init ] --END-- [ RunTime:0.001808s ]
ERR: 无法加载模块:Public

[ 2016-12-22T17:35:42+08:00 ] 127.0.0.1 /shanghua/Public/uploads/2016-12-20/585891e51ff39.jpg
INFO: [ app_init ] --START--
INFO: Run Behavior\BuildLiteBehavior [ RunTime:0.000058s ]
INFO: [ app_init ] --END-- [ RunTime:0.001611s ]
ERR: 无法加载模块:Public

[ 2016-12-22T17:35:42+08:00 ] 127.0.0.1 /shanghua/Public/uploads/2016-12-20/5858920c776d8.jpg
INFO: [ app_init ] --START--
INFO: Run Behavior\BuildLiteBehavior [ RunTime:0.000056s ]
INFO: [ app_init ] --END-- [ RunTime:0.001941s ]
ERR: 无法加载模块:Public

[ 2016-12-22T17:35:47+08:00 ] 127.0.0.1 /shanghua/Public/home/images/r_b.png
INFO: [ app_init ] --START--
INFO: Run Behavior\BuildLiteBehavior [ RunTime:0.000044s ]
INFO: [ app_init ] --END-- [ RunTime:0.001295s ]
ERR: 无法加载模块:Public

[ 2016-12-22T17:35:57+08:00 ] 127.0.0.1 /shanghua/Public/home/images/r_b.png
INFO: [ app_init ] --START--
INFO: Run Behavior\BuildLiteBehavior [ RunTime:0.000207s ]
INFO: [ app_init ] --END-- [ RunTime:0.001400s ]
ERR: 无法加载模块:Public

[ 2016-12-22T17:37:16+08:00 ] 127.0.0.1 /shanghua/Public/home/images/r_b.png
INFO: [ app_init ] --START--
INFO: Run Behavior\BuildLiteBehavior [ RunTime:0.000176s ]
INFO: [ app_init ] --END-- [ RunTime:0.001599s ]
ERR: 无法加载模块:Public

[ 2016-12-22T17:42:49+08:00 ] 127.0.0.1 /shanghua/Public/uploads/2016-12-17/585548c43bee7.jpg
INFO: [ app_init ] --START--
INFO: Run Behavior\BuildLiteBehavior [ RunTime:0.000062s ]
INFO: [ app_init ] --END-- [ RunTime:0.001522s ]
ERR: 无法加载模块:Public

[ 2016-12-22T17:42:49+08:00 ] 127.0.0.1 /shanghua/Public/uploads/2016-12-17/585549fc8c28b.jpg
INFO: [ app_init ] --START--
INFO: Run Behavior\BuildLiteBehavior [ RunTime:0.000081s ]
INFO: [ app_init ] --END-- [ RunTime:0.002136s ]
ERR: 无法加载模块:Public

[ 2016-12-22T17:42:49+08:00 ] 127.0.0.1 /shanghua/Public/uploads/2016-12-17/585549c1042cf.jpg
INFO: [ app_init ] --START--
INFO: Run Behavior\BuildLiteBehavior [ RunTime:0.000053s ]
INFO: [ app_init ] --END-- [ RunTime:0.001389s ]
ERR: 无法加载模块:Public

[ 2016-12-22T17:42:49+08:00 ] 127.0.0.1 /shanghua/Public/uploads/2016-12-20/585891bbef477.jpg
INFO: [ app_init ] --START--
INFO: Run Behavior\BuildLiteBehavior [ RunTime:0.000055s ]
INFO: [ app_init ] --END-- [ RunTime:0.001382s ]
ERR: 无法加载模块:Public

[ 2016-12-22T17:42:49+08:00 ] 127.0.0.1 /shanghua/Public/uploads/2016-12-20/585891e51ff39.jpg
INFO: [ app_init ] --START--
INFO: Run Behavior\BuildLiteBehavior [ RunTime:0.000056s ]
INFO: [ app_init ] --END-- [ RunTime:0.001744s ]
ERR: 无法加载模块:Public

[ 2016-12-22T17:42:49+08:00 ] 127.0.0.1 /shanghua/Public/uploads/2016-12-20/58589141547ee.jpg
INFO: [ app_init ] --START--
INFO: Run Behavior\BuildLiteBehavior [ RunTime:0.000054s ]
INFO: [ app_init ] --END-- [ RunTime:0.001347s ]
ERR: 无法加载模块:Public

[ 2016-12-22T17:42:49+08:00 ] 127.0.0.1 /shanghua/Public/uploads/2016-12-20/5858920c776d8.jpg
INFO: [ app_init ] --START--
INFO: Run Behavior\BuildLiteBehavior [ RunTime:0.000059s ]
INFO: [ app_init ] --END-- [ RunTime:0.002443s ]
ERR: 无法加载模块:Public

[ 2016-12-22T17:42:49+08:00 ] 127.0.0.1 /shanghua/Public/uploads/2016-12-20/5858917c3c99f.jpg
INFO: [ app_init ] --START--
INFO: Run Behavior\BuildLiteBehavior [ RunTime:0.000059s ]
INFO: [ app_init ] --END-- [ RunTime:0.007089s ]
ERR: 无法加载模块:Public

[ 2016-12-22T21:55:58+08:00 ] 127.0.0.1 /shanghua/Public/home/images/r_b.png
INFO: [ app_init ] --START--
INFO: Run Behavior\BuildLiteBehavior [ RunTime:0.000031s ]
INFO: [ app_init ] --END-- [ RunTime:0.000991s ]
ERR: 无法加载模块:Public

[ 2016-12-22T21:56:04+08:00 ] 127.0.0.1 /shanghua/Public/home/images/r_b.png
INFO: [ app_init ] --START--
INFO: Run Behavior\BuildLiteBehavior [ RunTime:0.000069s ]
INFO: [ app_init ] --END-- [ RunTime:0.001700s ]
ERR: 无法加载模块:Public

[ 2016-12-22T21:56:21+08:00 ] 127.0.0.1 /shanghua/Public/home/images/r_b.png
INFO: [ app_init ] --START--
INFO: Run Behavior\BuildLiteBehavior [ RunTime:0.000037s ]
INFO: [ app_init ] --END-- [ RunTime:0.001003s ]
ERR: 无法加载模块:Public

[ 2016-12-22T21:56:33+08:00 ] 127.0.0.1 /shanghua/Public/home/images/r_b.png
INFO: [ app_init ] --START--
INFO: Run Behavior\BuildLiteBehavior [ RunTime:0.000062s ]
INFO: [ app_init ] --END-- [ RunTime:0.003242s ]
ERR: 无法加载模块:Public

[ 2016-12-22T21:56:39+08:00 ] 127.0.0.1 /shanghua/Public/uploads/2016-12-17/585548c43bee7.jpg
INFO: [ app_init ] --START--
INFO: Run Behavior\BuildLiteBehavior [ RunTime:0.000068s ]
INFO: [ app_init ] --END-- [ RunTime:0.002489s ]
ERR: 无法加载模块:Public

[ 2016-12-22T21:56:39+08:00 ] 127.0.0.1 /shanghua/Public/uploads/2016-12-17/585549c1042cf.jpg
INFO: [ app_init ] --START--
INFO: Run Behavior\BuildLiteBehavior [ RunTime:0.000072s ]
INFO: [ app_init ] --END-- [ RunTime:0.001948s ]
ERR: 无法加载模块:Public

[ 2016-12-22T21:56:39+08:00 ] 127.0.0.1 /shanghua/Public/uploads/2016-12-17/585549fc8c28b.jpg
INFO: [ app_init ] --START--
INFO: Run Behavior\BuildLiteBehavior [ RunTime:0.000236s ]
INFO: [ app_init ] --END-- [ RunTime:0.051482s ]
ERR: 无法加载模块:Public

[ 2016-12-22T21:56:39+08:00 ] 127.0.0.1 /shanghua/Public/uploads/2016-12-20/585891bbef477.jpg
INFO: [ app_init ] --START--
INFO: Run Behavior\BuildLiteBehavior [ RunTime:0.000066s ]
INFO: [ app_init ] --END-- [ RunTime:0.001654s ]
ERR: 无法加载模块:Public

[ 2016-12-22T21:56:40+08:00 ] 127.0.0.1 /shanghua/Public/uploads/2016-12-20/58589141547ee.jpg
INFO: [ app_init ] --START--
INFO: Run Behavior\BuildLiteBehavior [ RunTime:0.000053s ]
INFO: [ app_init ] --END-- [ RunTime:0.001237s ]
ERR: 无法加载模块:Public

[ 2016-12-22T21:56:39+08:00 ] 127.0.0.1 /shanghua/Public/uploads/2016-12-20/585891e51ff39.jpg
INFO: [ app_init ] --START--
INFO: Run Behavior\BuildLiteBehavior [ RunTime:0.000066s ]
INFO: [ app_init ] --END-- [ RunTime:0.001793s ]
ERR: 无法加载模块:Public

[ 2016-12-22T21:56:40+08:00 ] 127.0.0.1 /shanghua/Public/uploads/2016-12-20/5858917c3c99f.jpg
INFO: [ app_init ] --START--
INFO: Run Behavior\BuildLiteBehavior [ RunTime:0.000053s ]
INFO: [ app_init ] --END-- [ RunTime:0.001325s ]
ERR: 无法加载模块:Public

[ 2016-12-22T21:56:40+08:00 ] 127.0.0.1 /shanghua/Public/uploads/2016-12-20/5858920c776d8.jpg
INFO: [ app_init ] --START--
INFO: Run Behavior\BuildLiteBehavior [ RunTime:0.000055s ]
INFO: [ app_init ] --END-- [ RunTime:0.001748s ]
ERR: 无法加载模块:Public

[ 2016-12-22T21:56:44+08:00 ] 127.0.0.1 /shanghua/Public/home/images/r_b.png
INFO: [ app_init ] --START--
INFO: Run Behavior\BuildLiteBehavior [ RunTime:0.000032s ]
INFO: [ app_init ] --END-- [ RunTime:0.000605s ]
ERR: 无法加载模块:Public

[ 2016-12-22T21:56:51+08:00 ] 127.0.0.1 /shanghua/Public/home/images/r_b.png
INFO: [ app_init ] --START--
INFO: Run Behavior\BuildLiteBehavior [ RunTime:0.000056s ]
INFO: [ app_init ] --END-- [ RunTime:0.001430s ]
ERR: 无法加载模块:Public

[ 2016-12-22T22:05:04+08:00 ] 127.0.0.1 /shanghua/Public/uploads/2016-12-20/585891bbef477.jpg
INFO: [ app_init ] --START--
INFO: Run Behavior\BuildLiteBehavior [ RunTime:0.000068s ]
INFO: [ app_init ] --END-- [ RunTime:0.001905s ]
ERR: 无法加载模块:Public

[ 2016-12-22T22:05:04+08:00 ] 127.0.0.1 /shanghua/Public/uploads/2016-12-17/585549c1042cf.jpg
INFO: [ app_init ] --START--
INFO: Run Behavior\BuildLiteBehavior [ RunTime:0.000073s ]
INFO: [ app_init ] --END-- [ RunTime:0.003507s ]
ERR: 无法加载模块:Public

[ 2016-12-22T22:05:05+08:00 ] 127.0.0.1 /shanghua/Public/uploads/2016-12-17/585549fc8c28b.jpg
INFO: [ app_init ] --START--
INFO: Run Behavior\BuildLiteBehavior [ RunTime:0.000071s ]
INFO: [ app_init ] --END-- [ RunTime:0.030528s ]
ERR: 无法加载模块:Public

[ 2016-12-22T22:05:05+08:00 ] 127.0.0.1 /shanghua/Public/uploads/2016-12-20/585891e51ff39.jpg
INFO: [ app_init ] --START--
INFO: Run Behavior\BuildLiteBehavior [ RunTime:0.000071s ]
INFO: [ app_init ] --END-- [ RunTime:0.002027s ]
ERR: 无法加载模块:Public

[ 2016-12-22T22:05:05+08:00 ] 127.0.0.1 /shanghua/Public/uploads/2016-12-17/585548c43bee7.jpg
INFO: [ app_init ] --START--
INFO: Run Behavior\BuildLiteBehavior [ RunTime:0.000071s ]
INFO: [ app_init ] --END-- [ RunTime:0.002534s ]
ERR: 无法加载模块:Public

[ 2016-12-22T22:05:05+08:00 ] 127.0.0.1 /shanghua/Public/uploads/2016-12-20/58589141547ee.jpg
INFO: [ app_init ] --START--
INFO: Run Behavior\BuildLiteBehavior [ RunTime:0.000127s ]
INFO: [ app_init ] --END-- [ RunTime:0.002712s ]
ERR: 无法加载模块:Public

[ 2016-12-22T22:05:05+08:00 ] 127.0.0.1 /shanghua/Public/uploads/2016-12-20/5858920c776d8.jpg
INFO: [ app_init ] --START--
INFO: Run Behavior\BuildLiteBehavior [ RunTime:0.000055s ]
INFO: [ app_init ] --END-- [ RunTime:0.001459s ]
ERR: 无法加载模块:Public

[ 2016-12-22T22:05:05+08:00 ] 127.0.0.1 /shanghua/Public/uploads/2016-12-20/5858917c3c99f.jpg
INFO: [ app_init ] --START--
INFO: Run Behavior\BuildLiteBehavior [ RunTime:0.000053s ]
INFO: [ app_init ] --END-- [ RunTime:0.001884s ]
ERR: 无法加载模块:Public

[ 2016-12-22T22:05:11+08:00 ] 127.0.0.1 /shanghua/Public/home/images/r_b.png
INFO: [ app_init ] --START--
INFO: Run Behavior\BuildLiteBehavior [ RunTime:0.000059s ]
INFO: [ app_init ] --END-- [ RunTime:0.001441s ]
ERR: 无法加载模块:Public

[ 2016-12-22T22:05:54+08:00 ] 127.0.0.1 /shanghua/Public/home/images/r_b.png
INFO: [ app_init ] --START--
INFO: Run Behavior\BuildLiteBehavior [ RunTime:0.000059s ]
INFO: [ app_init ] --END-- [ RunTime:0.001979s ]
ERR: 无法加载模块:Public

[ 2016-12-22T22:06:56+08:00 ] 127.0.0.1 /shanghua/Public/uploads/2016-12-17/585548c43bee7.jpg
INFO: [ app_init ] --START--
INFO: Run Behavior\BuildLiteBehavior [ RunTime:0.000052s ]
INFO: [ app_init ] --END-- [ RunTime:0.002661s ]
ERR: 无法加载模块:Public

[ 2016-12-22T22:06:56+08:00 ] 127.0.0.1 /shanghua/Public/uploads/2016-12-17/585549fc8c28b.jpg
INFO: [ app_init ] --START--
INFO: Run Behavior\BuildLiteBehavior [ RunTime:0.000043s ]
INFO: [ app_init ] --END-- [ RunTime:0.001078s ]
ERR: 无法加载模块:Public

[ 2016-12-22T22:06:56+08:00 ] 127.0.0.1 /shanghua/Public/uploads/2016-12-17/585549c1042cf.jpg
INFO: [ app_init ] --START--
INFO: Run Behavior\BuildLiteBehavior [ RunTime:0.000044s ]
INFO: [ app_init ] --END-- [ RunTime:0.001107s ]
ERR: 无法加载模块:Public

[ 2016-12-22T22:06:56+08:00 ] 127.0.0.1 /shanghua/Public/uploads/2016-12-20/585891e51ff39.jpg
INFO: [ app_init ] --START--
INFO: Run Behavior\BuildLiteBehavior [ RunTime:0.000042s ]
INFO: [ app_init ] --END-- [ RunTime:0.001100s ]
ERR: 无法加载模块:Public

[ 2016-12-22T22:06:56+08:00 ] 127.0.0.1 /shanghua/Public/uploads/2016-12-20/58589141547ee.jpg
INFO: [ app_init ] --START--
INFO: Run Behavior\BuildLiteBehavior [ RunTime:0.000040s ]
INFO: [ app_init ] --END-- [ RunTime:0.001091s ]
ERR: 无法加载模块:Public

[ 2016-12-22T22:06:56+08:00 ] 127.0.0.1 /shanghua/Public/uploads/2016-12-20/5858920c776d8.jpg
INFO: [ app_init ] --START--
INFO: Run Behavior\BuildLiteBehavior [ RunTime:0.000066s ]
INFO: [ app_init ] --END-- [ RunTime:0.001150s ]
ERR: 无法加载模块:Public

[ 2016-12-22T22:06:56+08:00 ] 127.0.0.1 /shanghua/Public/uploads/2016-12-20/585891bbef477.jpg
INFO: [ app_init ] --START--
INFO: Run Behavior\BuildLiteBehavior [ RunTime:0.000040s ]
INFO: [ app_init ] --END-- [ RunTime:0.000995s ]
ERR: 无法加载模块:Public

[ 2016-12-22T22:06:56+08:00 ] 127.0.0.1 /shanghua/Public/uploads/2016-12-20/5858917c3c99f.jpg
INFO: [ app_init ] --START--
INFO: Run Behavior\BuildLiteBehavior [ RunTime:0.000040s ]
INFO: [ app_init ] --END-- [ RunTime:0.000980s ]
ERR: 无法加载模块:Public

[ 2016-12-22T22:08:16+08:00 ] 127.0.0.1 /shanghua/Public/uploads/2016-12-17/585548c43bee7.jpg
INFO: [ app_init ] --START--
INFO: Run Behavior\BuildLiteBehavior [ RunTime:0.000041s ]
INFO: [ app_init ] --END-- [ RunTime:0.001067s ]
ERR: 无法加载模块:Public

[ 2016-12-22T22:08:16+08:00 ] 127.0.0.1 /shanghua/Public/uploads/2016-12-17/585549c1042cf.jpg
INFO: [ app_init ] --START--
INFO: Run Behavior\BuildLiteBehavior [ RunTime:0.000052s ]
INFO: [ app_init ] --END-- [ RunTime:0.002132s ]
ERR: 无法加载模块:Public

[ 2016-12-22T22:08:17+08:00 ] 127.0.0.1 /shanghua/Public/uploads/2016-12-20/585891bbef477.jpg
INFO: [ app_init ] --START--
INFO: Run Behavior\BuildLiteBehavior [ RunTime:0.000045s ]
INFO: [ app_init ] --END-- [ RunTime:0.001198s ]
ERR: 无法加载模块:Public

[ 2016-12-22T22:08:17+08:00 ] 127.0.0.1 /shanghua/Public/uploads/2016-12-20/58589141547ee.jpg
INFO: [ app_init ] --START--
INFO: Run Behavior\BuildLiteBehavior [ RunTime:0.000046s ]
INFO: [ app_init ] --END-- [ RunTime:0.001131s ]
ERR: 无法加载模块:Public

[ 2016-12-22T22:08:17+08:00 ] 127.0.0.1 /shanghua/Public/uploads/2016-12-17/585549fc8c28b.jpg
INFO: [ app_init ] --START--
INFO: Run Behavior\BuildLiteBehavior [ RunTime:0.000046s ]
INFO: [ app_init ] --END-- [ RunTime:0.001283s ]
ERR: 无法加载模块:Public

[ 2016-12-22T22:08:17+08:00 ] 127.0.0.1 /shanghua/Public/uploads/2016-12-20/585891e51ff39.jpg
INFO: [ app_init ] --START--
INFO: Run Behavior\BuildLiteBehavior [ RunTime:0.000049s ]
INFO: [ app_init ] --END-- [ RunTime:0.048164s ]
ERR: 无法加载模块:Public

[ 2016-12-22T22:08:17+08:00 ] 127.0.0.1 /shanghua/Public/uploads/2016-12-20/5858920c776d8.jpg
INFO: [ app_init ] --START--
INFO: Run Behavior\BuildLiteBehavior [ RunTime:0.000042s ]
INFO: [ app_init ] --END-- [ RunTime:0.001488s ]
ERR: 无法加载模块:Public

[ 2016-12-22T22:08:17+08:00 ] 127.0.0.1 /shanghua/Public/uploads/2016-12-20/5858917c3c99f.jpg
INFO: [ app_init ] --START--
INFO: Run Behavior\BuildLiteBehavior [ RunTime:0.000049s ]
INFO: [ app_init ] --END-- [ RunTime:0.021148s ]
ERR: 无法加载模块:Public

[ 2016-12-22T22:08:25+08:00 ] 127.0.0.1 /shanghua/Public/home/images/r_b.png
INFO: [ app_init ] --START--
INFO: Run Behavior\BuildLiteBehavior [ RunTime:0.000064s ]
INFO: [ app_init ] --END-- [ RunTime:0.001701s ]
ERR: 无法加载模块:Public

[ 2016-12-22T22:09:09+08:00 ] 127.0.0.1 /shanghua/Public/home/images/r_b.png
INFO: [ app_init ] --START--
INFO: Run Behavior\BuildLiteBehavior [ RunTime:0.000061s ]
INFO: [ app_init ] --END-- [ RunTime:0.001469s ]
ERR: 无法加载模块:Public

[ 2016-12-22T22:10:42+08:00 ] 127.0.0.1 /shanghua/Public/uploads/2016-12-17/585548c43bee7.jpg
INFO: [ app_init ] --START--
INFO: Run Behavior\BuildLiteBehavior [ RunTime:0.000056s ]
INFO: [ app_init ] --END-- [ RunTime:0.001402s ]
ERR: 无法加载模块:Public

[ 2016-12-22T22:10:42+08:00 ] 127.0.0.1 /shanghua/Public/uploads/2016-12-17/585549fc8c28b.jpg
INFO: [ app_init ] --START--
INFO: Run Behavior\BuildLiteBehavior [ RunTime:0.000053s ]
INFO: [ app_init ] --END-- [ RunTime:0.001634s ]
ERR: 无法加载模块:Public

[ 2016-12-22T22:10:42+08:00 ] 127.0.0.1 /shanghua/Public/uploads/2016-12-17/585549c1042cf.jpg
INFO: [ app_init ] --START--
INFO: Run Behavior\BuildLiteBehavior [ RunTime:0.000035s ]
INFO: [ app_init ] --END-- [ RunTime:0.000913s ]
ERR: 无法加载模块:Public

[ 2016-12-22T22:10:42+08:00 ] 127.0.0.1 /shanghua/Public/home/images/r_b.png
INFO: [ app_init ] --START--
INFO: Run Behavior\BuildLiteBehavior [ RunTime:0.000036s ]
INFO: [ app_init ] --END-- [ RunTime:0.000913s ]
ERR: 无法加载模块:Public

[ 2016-12-22T22:10:42+08:00 ] 127.0.0.1 /shanghua/Public/uploads/2016-12-20/585891bbef477.jpg
INFO: [ app_init ] --START--
INFO: Run Behavior\BuildLiteBehavior [ RunTime:0.000054s ]
INFO: [ app_init ] --END-- [ RunTime:0.001319s ]
ERR: 无法加载模块:Public

[ 2016-12-22T22:10:42+08:00 ] 127.0.0.1 /shanghua/Public/uploads/2016-12-20/58589141547ee.jpg
INFO: [ app_init ] --START--
INFO: Run Behavior\BuildLiteBehavior [ RunTime:0.000047s ]
INFO: [ app_init ] --END-- [ RunTime:0.001058s ]
ERR: 无法加载模块:Public

[ 2016-12-22T22:10:42+08:00 ] 127.0.0.1 /shanghua/Public/uploads/2016-12-20/5858920c776d8.jpg
INFO: [ app_init ] --START--
INFO: Run Behavior\BuildLiteBehavior [ RunTime:0.000042s ]
INFO: [ app_init ] --END-- [ RunTime:0.001433s ]
ERR: 无法加载模块:Public

[ 2016-12-22T22:10:42+08:00 ] 127.0.0.1 /shanghua/Public/uploads/2016-12-20/585891e51ff39.jpg
INFO: [ app_init ] --START--
INFO: Run Behavior\BuildLiteBehavior [ RunTime:0.000046s ]
INFO: [ app_init ] --END-- [ RunTime:0.001301s ]
ERR: 无法加载模块:Public

[ 2016-12-22T22:10:42+08:00 ] 127.0.0.1 /shanghua/Public/uploads/2016-12-20/5858917c3c99f.jpg
INFO: [ app_init ] --START--
INFO: Run Behavior\BuildLiteBehavior [ RunTime:0.000050s ]
INFO: [ app_init ] --END-- [ RunTime:0.001332s ]
ERR: 无法加载模块:Public

[ 2016-12-22T22:10:47+08:00 ] 127.0.0.1 /shanghua/Public/uploads/2016-12-17/585549fc8c28b.jpg
INFO: [ app_init ] --START--
INFO: Run Behavior\BuildLiteBehavior [ RunTime:0.000075s ]
INFO: [ app_init ] --END-- [ RunTime:0.012779s ]
ERR: 无法加载模块:Public

[ 2016-12-22T22:10:47+08:00 ] 127.0.0.1 /shanghua/Public/uploads/2016-12-17/585549c1042cf.jpg
INFO: [ app_init ] --START--
INFO: Run Behavior\BuildLiteBehavior [ RunTime:0.000051s ]
INFO: [ app_init ] --END-- [ RunTime:0.001265s ]
ERR: 无法加载模块:Public

[ 2016-12-22T22:10:47+08:00 ] 127.0.0.1 /shanghua/Public/uploads/2016-12-20/585891bbef477.jpg
INFO: [ app_init ] --START--
INFO: Run Behavior\BuildLiteBehavior [ RunTime:0.000050s ]
INFO: [ app_init ] --END-- [ RunTime:0.001402s ]
ERR: 无法加载模块:Public

[ 2016-12-22T22:10:47+08:00 ] 127.0.0.1 /shanghua/Public/uploads/2016-12-20/58589141547ee.jpg
INFO: [ app_init ] --START--
INFO: Run Behavior\BuildLiteBehavior [ RunTime:0.000049s ]
INFO: [ app_init ] --END-- [ RunTime:0.001334s ]
ERR: 无法加载模块:Public

[ 2016-12-22T22:10:47+08:00 ] 127.0.0.1 /shanghua/Public/uploads/2016-12-20/585891e51ff39.jpg
INFO: [ app_init ] --START--
INFO: Run Behavior\BuildLiteBehavior [ RunTime:0.000055s ]
INFO: [ app_init ] --END-- [ RunTime:0.002191s ]
ERR: 无法加载模块:Public

[ 2016-12-22T22:10:47+08:00 ] 127.0.0.1 /shanghua/Public/uploads/2016-12-20/5858917c3c99f.jpg
INFO: [ app_init ] --START--
INFO: Run Behavior\BuildLiteBehavior [ RunTime:0.000050s ]
INFO: [ app_init ] --END-- [ RunTime:0.001251s ]
ERR: 无法加载模块:Public

[ 2016-12-22T22:10:47+08:00 ] 127.0.0.1 /shanghua/Public/uploads/2016-12-20/5858920c776d8.jpg
INFO: [ app_init ] --START--
INFO: Run Behavior\BuildLiteBehavior [ RunTime:0.000055s ]
INFO: [ app_init ] --END-- [ RunTime:0.001495s ]
ERR: 无法加载模块:Public

[ 2016-12-22T22:10:47+08:00 ] 127.0.0.1 /shanghua/Public/uploads/2016-12-17/585548c43bee7.jpg
INFO: [ app_init ] --START--
INFO: Run Behavior\BuildLiteBehavior [ RunTime:0.000052s ]
INFO: [ app_init ] --END-- [ RunTime:0.001246s ]
ERR: 无法加载模块:Public

[ 2016-12-22T22:10:55+08:00 ] 127.0.0.1 /shanghua/Public/home/images/r_b.png
INFO: [ app_init ] --START--
INFO: Run Behavior\BuildLiteBehavior [ RunTime:0.000045s ]
INFO: [ app_init ] --END-- [ RunTime:0.001127s ]
ERR: 无法加载模块:Public

