[ 2016-12-15T08:11:42+08:00 ] 127.0.0.1 /shanghua/Public/admin/js/showdate.js
INFO: [ app_init ] --START--
INFO: Run Behavior\BuildLiteBehavior [ RunTime:0.000042s ]
INFO: [ app_init ] --END-- [ RunTime:0.002549s ]
ERR: 无法加载模块:Public

[ 2016-12-15T08:12:52+08:00 ] 127.0.0.1 /shanghua/Public/admin/js/showdate.js
INFO: [ app_init ] --START--
INFO: Run Behavior\BuildLiteBehavior [ RunTime:0.000052s ]
INFO: [ app_init ] --END-- [ RunTime:0.002056s ]
ERR: 无法加载模块:Public

[ 2016-12-15T08:17:51+08:00 ] 127.0.0.1 /shanghua/Public/admin/js/showdate.js
INFO: [ app_init ] --START--
INFO: Run Behavior\BuildLiteBehavior [ RunTime:0.000054s ]
INFO: [ app_init ] --END-- [ RunTime:0.004094s ]
ERR: 无法加载模块:Public

[ 2016-12-15T08:24:27+08:00 ] 127.0.0.1 /shanghua/Public/admin/js/showdate.js
INFO: [ app_init ] --START--
INFO: Run Behavior\BuildLiteBehavior [ RunTime:0.000050s ]
INFO: [ app_init ] --END-- [ RunTime:0.001904s ]
ERR: 无法加载模块:Public

[ 2016-12-15T08:24:37+08:00 ] 127.0.0.1 /shanghua/Public/admin/js/showdate.js
INFO: [ app_init ] --START--
INFO: Run Behavior\BuildLiteBehavior [ RunTime:0.000050s ]
INFO: [ app_init ] --END-- [ RunTime:0.001924s ]
ERR: 无法加载模块:Public

[ 2016-12-15T08:24:47+08:00 ] 127.0.0.1 /shanghua/Public/admin/js/showdate.js
INFO: [ app_init ] --START--
INFO: Run Behavior\BuildLiteBehavior [ RunTime:0.000052s ]
INFO: [ app_init ] --END-- [ RunTime:0.006355s ]
ERR: 无法加载模块:Public

[ 2016-12-15T08:26:15+08:00 ] 127.0.0.1 /shanghua/Public/admin/js/showdate.js
INFO: [ app_init ] --START--
INFO: Run Behavior\BuildLiteBehavior [ RunTime:0.000058s ]
INFO: [ app_init ] --END-- [ RunTime:0.003491s ]
ERR: 无法加载模块:Public

[ 2016-12-15T08:26:17+08:00 ] 127.0.0.1 /shanghua/Public/admin/js/showdate.js
INFO: [ app_init ] --START--
INFO: Run Behavior\BuildLiteBehavior [ RunTime:0.000056s ]
INFO: [ app_init ] --END-- [ RunTime:0.006783s ]
ERR: 无法加载模块:Public

[ 2016-12-15T08:41:24+08:00 ] 127.0.0.1 /shanghua/Public/admin/js/showdate.js
INFO: [ app_init ] --START--
INFO: Run Behavior\BuildLiteBehavior [ RunTime:0.000064s ]
INFO: [ app_init ] --END-- [ RunTime:0.004491s ]
ERR: 无法加载模块:Public

[ 2016-12-15T08:46:13+08:00 ] 127.0.0.1 /shanghua/Public/admin/js/showdate.js
INFO: [ app_init ] --START--
INFO: Run Behavior\BuildLiteBehavior [ RunTime:0.000053s ]
INFO: [ app_init ] --END-- [ RunTime:0.003300s ]
ERR: 无法加载模块:Public

[ 2016-12-15T08:46:38+08:00 ] 127.0.0.1 /shanghua/Public/admin/js/showdate.js
INFO: [ app_init ] --START--
INFO: Run Behavior\BuildLiteBehavior [ RunTime:0.000054s ]
INFO: [ app_init ] --END-- [ RunTime:0.003686s ]
ERR: 无法加载模块:Public

[ 2016-12-15T08:55:39+08:00 ] 127.0.0.1 /shanghua/Public/admin/js/showdate.js
INFO: [ app_init ] --START--
INFO: Run Behavior\BuildLiteBehavior [ RunTime:0.000052s ]
INFO: [ app_init ] --END-- [ RunTime:0.001929s ]
ERR: 无法加载模块:Public

[ 2016-12-15T08:55:42+08:00 ] 127.0.0.1 /shanghua/Public/admin/js/showdate.js
INFO: [ app_init ] --START--
INFO: Run Behavior\BuildLiteBehavior [ RunTime:0.000046s ]
INFO: [ app_init ] --END-- [ RunTime:0.006096s ]
ERR: 无法加载模块:Public

[ 2016-12-15T08:55:50+08:00 ] 127.0.0.1 /shanghua/Public/home/images/r_b.png
INFO: [ app_init ] --START--
INFO: Run Behavior\BuildLiteBehavior [ RunTime:0.000045s ]
INFO: [ app_init ] --END-- [ RunTime:0.003542s ]
ERR: 无法加载模块:Public

[ 2016-12-15T08:56:49+08:00 ] 127.0.0.1 /shanghua/Public/home/images/r_b.png
INFO: [ app_init ] --START--
INFO: Run Behavior\BuildLiteBehavior [ RunTime:0.000047s ]
INFO: [ app_init ] --END-- [ RunTime:0.001703s ]
ERR: 无法加载模块:Public

[ 2016-12-15T08:56:54+08:00 ] 127.0.0.1 /shanghua/Public/admin/js/showdate.js
INFO: [ app_init ] --START--
INFO: Run Behavior\BuildLiteBehavior [ RunTime:0.000049s ]
INFO: [ app_init ] --END-- [ RunTime:0.001864s ]
ERR: 无法加载模块:Public

[ 2016-12-15T09:05:06+08:00 ] 127.0.0.1 /shanghua/Public/admin/js/showdate.js
INFO: [ app_init ] --START--
INFO: Run Behavior\BuildLiteBehavior [ RunTime:0.000066s ]
INFO: [ app_init ] --END-- [ RunTime:0.002115s ]
ERR: 无法加载模块:Public

[ 2016-12-15T09:05:11+08:00 ] 127.0.0.1 /shanghua/Public/admin/js/showdate.js
INFO: [ app_init ] --START--
INFO: Run Behavior\BuildLiteBehavior [ RunTime:0.000050s ]
INFO: [ app_init ] --END-- [ RunTime:0.001880s ]
ERR: 无法加载模块:Public

[ 2016-12-15T09:08:48+08:00 ] 127.0.0.1 /shanghua/Public/admin/js/showdate.js
INFO: [ app_init ] --START--
INFO: Run Behavior\BuildLiteBehavior [ RunTime:0.000068s ]
INFO: [ app_init ] --END-- [ RunTime:0.002694s ]
ERR: 无法加载模块:Public

[ 2016-12-15T09:09:20+08:00 ] 127.0.0.1 /shanghua/Public/admin/js/showdate.js
INFO: [ app_init ] --START--
INFO: Run Behavior\BuildLiteBehavior [ RunTime:0.000062s ]
INFO: [ app_init ] --END-- [ RunTime:0.001910s ]
ERR: 无法加载模块:Public

[ 2016-12-15T09:09:22+08:00 ] 127.0.0.1 /shanghua/Public/admin/js/showdate.js
INFO: [ app_init ] --START--
INFO: Run Behavior\BuildLiteBehavior [ RunTime:0.000045s ]
INFO: [ app_init ] --END-- [ RunTime:0.001602s ]
ERR: 无法加载模块:Public

[ 2016-12-15T09:09:52+08:00 ] 127.0.0.1 /shanghua/Public/admin/js/showdate.js
INFO: [ app_init ] --START--
INFO: Run Behavior\BuildLiteBehavior [ RunTime:0.000062s ]
INFO: [ app_init ] --END-- [ RunTime:0.008089s ]
ERR: 无法加载模块:Public

[ 2016-12-15T09:10:34+08:00 ] 127.0.0.1 /shanghua/Public/admin/js/showdate.js
INFO: [ app_init ] --START--
INFO: Run Behavior\BuildLiteBehavior [ RunTime:0.000064s ]
INFO: [ app_init ] --END-- [ RunTime:0.007950s ]
ERR: 无法加载模块:Public

[ 2016-12-15T09:18:48+08:00 ] 127.0.0.1 /shanghua/Public/admin/js/showdate.js
INFO: [ app_init ] --START--
INFO: Run Behavior\BuildLiteBehavior [ RunTime:0.001131s ]
INFO: [ app_init ] --END-- [ RunTime:0.043307s ]
ERR: 无法加载模块:Public

[ 2016-12-15T09:18:51+08:00 ] 127.0.0.1 /shanghua/Public/admin/js/showdate.js
INFO: [ app_init ] --START--
INFO: Run Behavior\BuildLiteBehavior [ RunTime:0.000054s ]
INFO: [ app_init ] --END-- [ RunTime:0.006383s ]
ERR: 无法加载模块:Public

[ 2016-12-15T09:18:55+08:00 ] 127.0.0.1 /shanghua/Public/admin/js/showdate.js
INFO: [ app_init ] --START--
INFO: Run Behavior\BuildLiteBehavior [ RunTime:0.000066s ]
INFO: [ app_init ] --END-- [ RunTime:0.002942s ]
ERR: 无法加载模块:Public

[ 2016-12-15T09:19:02+08:00 ] 127.0.0.1 /shanghua/Public/admin/js/showdate.js
INFO: [ app_init ] --START--
INFO: Run Behavior\BuildLiteBehavior [ RunTime:0.000042s ]
INFO: [ app_init ] --END-- [ RunTime:0.001420s ]
ERR: 无法加载模块:Public

[ 2016-12-15T09:28:16+08:00 ] 127.0.0.1 /shanghua/Public/admin/js/showdate.js
INFO: [ app_init ] --START--
INFO: Run Behavior\BuildLiteBehavior [ RunTime:0.000043s ]
INFO: [ app_init ] --END-- [ RunTime:0.003719s ]
ERR: 无法加载模块:Public

[ 2016-12-15T09:29:09+08:00 ] 127.0.0.1 /shanghua/Public/admin/js/showdate.js
INFO: [ app_init ] --START--
INFO: Run Behavior\BuildLiteBehavior [ RunTime:0.000049s ]
INFO: [ app_init ] --END-- [ RunTime:0.002118s ]
ERR: 无法加载模块:Public

[ 2016-12-15T09:33:45+08:00 ] 127.0.0.1 /shanghua/Public/admin/js/showdate.js
INFO: [ app_init ] --START--
INFO: Run Behavior\BuildLiteBehavior [ RunTime:0.000048s ]
INFO: [ app_init ] --END-- [ RunTime:0.001974s ]
ERR: 无法加载模块:Public

[ 2016-12-15T09:34:00+08:00 ] 127.0.0.1 /shanghua/Public/admin/js/showdate.js
INFO: [ app_init ] --START--
INFO: Run Behavior\BuildLiteBehavior [ RunTime:0.000057s ]
INFO: [ app_init ] --END-- [ RunTime:0.006592s ]
ERR: 无法加载模块:Public

[ 2016-12-15T09:34:35+08:00 ] 127.0.0.1 /shanghua/Public/admin/js/showdate.js
INFO: [ app_init ] --START--
INFO: Run Behavior\BuildLiteBehavior [ RunTime:0.000054s ]
INFO: [ app_init ] --END-- [ RunTime:0.002090s ]
ERR: 无法加载模块:Public

[ 2016-12-15T09:34:41+08:00 ] 127.0.0.1 /shanghua/Public/admin/js/showdate.js
INFO: [ app_init ] --START--
INFO: Run Behavior\BuildLiteBehavior [ RunTime:0.000061s ]
INFO: [ app_init ] --END-- [ RunTime:0.006326s ]
ERR: 无法加载模块:Public

[ 2016-12-15T09:39:18+08:00 ] 127.0.0.1 /shanghua/Public/admin/js/showdate.js
INFO: [ app_init ] --START--
INFO: Run Behavior\BuildLiteBehavior [ RunTime:0.000048s ]
INFO: [ app_init ] --END-- [ RunTime:0.001665s ]
ERR: 无法加载模块:Public

[ 2016-12-15T09:39:42+08:00 ] 127.0.0.1 /shanghua/Public/admin/js/showdate.js
INFO: [ app_init ] --START--
INFO: Run Behavior\BuildLiteBehavior [ RunTime:0.000048s ]
INFO: [ app_init ] --END-- [ RunTime:0.001664s ]
ERR: 无法加载模块:Public

[ 2016-12-15T09:40:04+08:00 ] 127.0.0.1 /shanghua/Public/admin/js/showdate.js
INFO: [ app_init ] --START--
INFO: Run Behavior\BuildLiteBehavior [ RunTime:0.000059s ]
INFO: [ app_init ] --END-- [ RunTime:0.006061s ]
ERR: 无法加载模块:Public

[ 2016-12-15T09:42:41+08:00 ] 127.0.0.1 /shanghua/Public/admin/js/showdate.js
INFO: [ app_init ] --START--
INFO: Run Behavior\BuildLiteBehavior [ RunTime:0.000055s ]
INFO: [ app_init ] --END-- [ RunTime:0.001998s ]
ERR: 无法加载模块:Public

[ 2016-12-15T09:43:14+08:00 ] 127.0.0.1 /shanghua/Public/admin/js/showdate.js
INFO: [ app_init ] --START--
INFO: Run Behavior\BuildLiteBehavior [ RunTime:0.000049s ]
INFO: [ app_init ] --END-- [ RunTime:0.001757s ]
ERR: 无法加载模块:Public

[ 2016-12-15T09:43:36+08:00 ] 127.0.0.1 /shanghua/Public/admin/js/showdate.js
INFO: [ app_init ] --START--
INFO: Run Behavior\BuildLiteBehavior [ RunTime:0.000121s ]
INFO: [ app_init ] --END-- [ RunTime:0.004279s ]
ERR: 无法加载模块:Public

[ 2016-12-15T09:43:42+08:00 ] 127.0.0.1 /shanghua/Public/home/images/r_b.png
INFO: [ app_init ] --START--
INFO: Run Behavior\BuildLiteBehavior [ RunTime:0.000055s ]
INFO: [ app_init ] --END-- [ RunTime:0.002283s ]
ERR: 无法加载模块:Public

[ 2016-12-15T09:44:06+08:00 ] 127.0.0.1 /shanghua/Public/admin/js/showdate.js
INFO: [ app_init ] --START--
INFO: Run Behavior\BuildLiteBehavior [ RunTime:0.000066s ]
INFO: [ app_init ] --END-- [ RunTime:0.002512s ]
ERR: 无法加载模块:Public

[ 2016-12-15T09:44:08+08:00 ] 127.0.0.1 /shanghua/Public/admin/js/showdate.js
INFO: [ app_init ] --START--
INFO: Run Behavior\BuildLiteBehavior [ RunTime:0.000048s ]
INFO: [ app_init ] --END-- [ RunTime:0.001803s ]
ERR: 无法加载模块:Public

[ 2016-12-15T09:44:12+08:00 ] 127.0.0.1 /shanghua/Public/home/images/r_b.png
INFO: [ app_init ] --START--
INFO: Run Behavior\BuildLiteBehavior [ RunTime:0.000046s ]
INFO: [ app_init ] --END-- [ RunTime:0.001603s ]
ERR: 无法加载模块:Public

[ 2016-12-15T09:44:18+08:00 ] 127.0.0.1 /shanghua/Public/admin/js/showdate.js
INFO: [ app_init ] --START--
INFO: Run Behavior\BuildLiteBehavior [ RunTime:0.000064s ]
INFO: [ app_init ] --END-- [ RunTime:0.002426s ]
ERR: 无法加载模块:Public

[ 2016-12-15T09:44:21+08:00 ] 127.0.0.1 /shanghua/Public/home/images/r_b.png
INFO: [ app_init ] --START--
INFO: Run Behavior\BuildLiteBehavior [ RunTime:0.000042s ]
INFO: [ app_init ] --END-- [ RunTime:0.001422s ]
ERR: 无法加载模块:Public

[ 2016-12-15T09:44:36+08:00 ] 127.0.0.1 /shanghua/Public/admin/js/showdate.js
INFO: [ app_init ] --START--
INFO: Run Behavior\BuildLiteBehavior [ RunTime:0.000071s ]
INFO: [ app_init ] --END-- [ RunTime:0.002043s ]
ERR: 无法加载模块:Public

[ 2016-12-15T09:44:38+08:00 ] 127.0.0.1 /shanghua/Public/admin/js/showdate.js
INFO: [ app_init ] --START--
INFO: Run Behavior\BuildLiteBehavior [ RunTime:0.000055s ]
INFO: [ app_init ] --END-- [ RunTime:0.004913s ]
ERR: 无法加载模块:Public

[ 2016-12-15T09:46:01+08:00 ] 127.0.0.1 /shanghua/Public/admin/js/showdate.js
INFO: [ app_init ] --START--
INFO: Run Behavior\BuildLiteBehavior [ RunTime:0.000047s ]
INFO: [ app_init ] --END-- [ RunTime:0.001605s ]
ERR: 无法加载模块:Public

[ 2016-12-15T09:46:43+08:00 ] 127.0.0.1 /shanghua/Public/admin/js/showdate.js
INFO: [ app_init ] --START--
INFO: Run Behavior\BuildLiteBehavior [ RunTime:0.000050s ]
INFO: [ app_init ] --END-- [ RunTime:0.001759s ]
ERR: 无法加载模块:Public

[ 2016-12-15T09:46:45+08:00 ] 127.0.0.1 /shanghua/Public/admin/js/showdate.js
INFO: [ app_init ] --START--
INFO: Run Behavior\BuildLiteBehavior [ RunTime:0.000045s ]
INFO: [ app_init ] --END-- [ RunTime:0.001688s ]
ERR: 无法加载模块:Public

[ 2016-12-15T09:47:41+08:00 ] 127.0.0.1 /shanghua/Public/admin/js/showdate.js
INFO: [ app_init ] --START--
INFO: Run Behavior\BuildLiteBehavior [ RunTime:0.000053s ]
INFO: [ app_init ] --END-- [ RunTime:0.002862s ]
ERR: 无法加载模块:Public

[ 2016-12-15T10:46:12+08:00 ] 127.0.0.1 /shanghua/Public/admin/js/showdate.js
INFO: [ app_init ] --START--
INFO: Run Behavior\BuildLiteBehavior [ RunTime:0.000054s ]
INFO: [ app_init ] --END-- [ RunTime:0.003269s ]
ERR: 无法加载模块:Public

[ 2016-12-15T10:46:18+08:00 ] 127.0.0.1 /shanghua/Public/home/images/r_b.png
INFO: [ app_init ] --START--
INFO: Run Behavior\BuildLiteBehavior [ RunTime:0.000054s ]
INFO: [ app_init ] --END-- [ RunTime:0.029006s ]
ERR: 无法加载模块:Public

[ 2016-12-15T10:46:18+08:00 ] 127.0.0.1 /shanghua/images/weixin.jpg
INFO: [ app_init ] --START--
INFO: Run Behavior\BuildLiteBehavior [ RunTime:0.000066s ]
INFO: [ app_init ] --END-- [ RunTime:0.001991s ]
ERR: 无法加载模块:Images

[ 2016-12-15T10:46:19+08:00 ] 127.0.0.1 /shanghua/Public/home/images/r_b.png
INFO: [ app_init ] --START--
INFO: Run Behavior\BuildLiteBehavior [ RunTime:0.000039s ]
INFO: [ app_init ] --END-- [ RunTime:0.001324s ]
ERR: 无法加载模块:Public

[ 2016-12-15T11:06:53+08:00 ] 127.0.0.1 /shanghua/Public/admin/js/showdate.js
INFO: [ app_init ] --START--
INFO: Run Behavior\BuildLiteBehavior [ RunTime:0.000056s ]
INFO: [ app_init ] --END-- [ RunTime:0.008221s ]
ERR: 无法加载模块:Public

[ 2016-12-15T11:09:27+08:00 ] 127.0.0.1 /shanghua/Public/admin/js/showdate.js
INFO: [ app_init ] --START--
INFO: Run Behavior\BuildLiteBehavior [ RunTime:0.000089s ]
INFO: [ app_init ] --END-- [ RunTime:0.002300s ]
ERR: 无法加载模块:Public

[ 2016-12-15T11:10:16+08:00 ] 127.0.0.1 /shanghua/Public/admin/js/showdate.js
INFO: [ app_init ] --START--
INFO: Run Behavior\BuildLiteBehavior [ RunTime:0.000036s ]
INFO: [ app_init ] --END-- [ RunTime:0.001222s ]
ERR: 无法加载模块:Public

[ 2016-12-15T11:12:54+08:00 ] 127.0.0.1 /shanghua/Public/admin/js/showdate.js
INFO: [ app_init ] --START--
INFO: Run Behavior\BuildLiteBehavior [ RunTime:0.000045s ]
INFO: [ app_init ] --END-- [ RunTime:0.001540s ]
ERR: 无法加载模块:Public

[ 2016-12-15T11:39:11+08:00 ] 127.0.0.1 /shanghua/Public/home/images/r_b.png
INFO: [ app_init ] --START--
INFO: Run Behavior\BuildLiteBehavior [ RunTime:0.000049s ]
INFO: [ app_init ] --END-- [ RunTime:0.014225s ]
ERR: 无法加载模块:Public

[ 2016-12-15T11:39:11+08:00 ] 127.0.0.1 /shanghua/images/weixin.jpg
INFO: [ app_init ] --START--
INFO: Run Behavior\BuildLiteBehavior [ RunTime:0.000047s ]
INFO: [ app_init ] --END-- [ RunTime:0.004599s ]
ERR: 无法加载模块:Images

[ 2016-12-15T11:41:24+08:00 ] 127.0.0.1 /shanghua/Public/home/images/r_b.png
INFO: [ app_init ] --START--
INFO: Run Behavior\BuildLiteBehavior [ RunTime:0.000045s ]
INFO: [ app_init ] --END-- [ RunTime:0.002038s ]
ERR: 无法加载模块:Public

[ 2016-12-15T11:42:49+08:00 ] 127.0.0.1 /shanghua/Public/home/images/r_b.png
INFO: [ app_init ] --START--
INFO: Run Behavior\BuildLiteBehavior [ RunTime:0.000052s ]
INFO: [ app_init ] --END-- [ RunTime:0.003418s ]
ERR: 无法加载模块:Public

[ 2016-12-15T11:42:54+08:00 ] 127.0.0.1 /shanghua/Public/home/images/r_b.png
INFO: [ app_init ] --START--
INFO: Run Behavior\BuildLiteBehavior [ RunTime:0.000053s ]
INFO: [ app_init ] --END-- [ RunTime:0.001944s ]
ERR: 无法加载模块:Public

[ 2016-12-15T11:43:18+08:00 ] 127.0.0.1 /shanghua/Public/home/images/r_b.png
INFO: [ app_init ] --START--
INFO: Run Behavior\BuildLiteBehavior [ RunTime:0.000043s ]
INFO: [ app_init ] --END-- [ RunTime:0.001482s ]
ERR: 无法加载模块:Public

[ 2016-12-15T11:44:46+08:00 ] 127.0.0.1 /shanghua/Public/uploads/2016-12-15/5851e6f6a937c.jpg
INFO: [ app_init ] --START--
INFO: Run Behavior\BuildLiteBehavior [ RunTime:0.000050s ]
INFO: [ app_init ] --END-- [ RunTime:0.001637s ]
ERR: 无法加载模块:Public

[ 2016-12-15T11:44:47+08:00 ] 127.0.0.1 /shanghua/Public/uploads/2016-12-15/5851e7a687feb.jpg
INFO: [ app_init ] --START--
INFO: Run Behavior\BuildLiteBehavior [ RunTime:0.000085s ]
INFO: [ app_init ] --END-- [ RunTime:0.003201s ]
ERR: 无法加载模块:Public

[ 2016-12-15T11:44:47+08:00 ] 127.0.0.1 /shanghua/Public/uploads/2016-12-15/5851e7e4ac246.jpg
INFO: [ app_init ] --START--
INFO: Run Behavior\BuildLiteBehavior [ RunTime:0.000054s ]
INFO: [ app_init ] --END-- [ RunTime:0.001949s ]
ERR: 无法加载模块:Public

[ 2016-12-15T11:44:47+08:00 ] 127.0.0.1 /shanghua/Public/home/images/r_b.png
INFO: [ app_init ] --START--
INFO: Run Behavior\BuildLiteBehavior [ RunTime:0.000049s ]
INFO: [ app_init ] --END-- [ RunTime:0.003061s ]
ERR: 无法加载模块:Public

[ 2016-12-15T11:44:53+08:00 ] 127.0.0.1 /shanghua/Public/uploads/2016-12-15/5851e7e4ac246.jpg
INFO: [ app_init ] --START--
INFO: Run Behavior\BuildLiteBehavior [ RunTime:0.000058s ]
INFO: [ app_init ] --END-- [ RunTime:0.002023s ]
ERR: 无法加载模块:Public

[ 2016-12-15T11:44:54+08:00 ] 127.0.0.1 /shanghua/Public/uploads/2016-12-15/5851e7a687feb.jpg
INFO: [ app_init ] --START--
INFO: Run Behavior\BuildLiteBehavior [ RunTime:0.000054s ]
INFO: [ app_init ] --END-- [ RunTime:0.004668s ]
ERR: 无法加载模块:Public

[ 2016-12-15T11:44:54+08:00 ] 127.0.0.1 /shanghua/Public/uploads/2016-12-15/5851e6f6a937c.jpg
INFO: [ app_init ] --START--
INFO: Run Behavior\BuildLiteBehavior [ RunTime:0.000052s ]
INFO: [ app_init ] --END-- [ RunTime:0.003196s ]
ERR: 无法加载模块:Public

[ 2016-12-15T11:44:57+08:00 ] 127.0.0.1 /shanghua/Public/uploads/2016-12-15/5851e7e4ac246.jpg
INFO: [ app_init ] --START--
INFO: Run Behavior\BuildLiteBehavior [ RunTime:0.000076s ]
INFO: [ app_init ] --END-- [ RunTime:0.022915s ]
ERR: 无法加载模块:Public

[ 2016-12-15T11:44:57+08:00 ] 127.0.0.1 /shanghua/Public/uploads/2016-12-15/5851e6f6a937c.jpg
INFO: [ app_init ] --START--
INFO: Run Behavior\BuildLiteBehavior [ RunTime:0.000047s ]
INFO: [ app_init ] --END-- [ RunTime:0.009370s ]
ERR: 无法加载模块:Public

[ 2016-12-15T11:44:57+08:00 ] 127.0.0.1 /shanghua/Public/uploads/2016-12-15/5851e7a687feb.jpg
INFO: [ app_init ] --START--
INFO: Run Behavior\BuildLiteBehavior [ RunTime:0.000045s ]
INFO: [ app_init ] --END-- [ RunTime:0.001584s ]
ERR: 无法加载模块:Public

[ 2016-12-15T11:45:15+08:00 ] 127.0.0.1 /shanghua/Public/uploads/2016-12-15/5851e7a687feb.jpg
INFO: [ app_init ] --START--
INFO: Run Behavior\BuildLiteBehavior [ RunTime:0.000373s ]
INFO: [ app_init ] --END-- [ RunTime:0.002430s ]
ERR: 无法加载模块:Public

[ 2016-12-15T11:45:15+08:00 ] 127.0.0.1 /shanghua/Public/uploads/2016-12-15/5851e6f6a937c.jpg
INFO: [ app_init ] --START--
INFO: Run Behavior\BuildLiteBehavior [ RunTime:0.000049s ]
INFO: [ app_init ] --END-- [ RunTime:0.089750s ]
ERR: 无法加载模块:Public

[ 2016-12-15T11:45:15+08:00 ] 127.0.0.1 /shanghua/Public/uploads/2016-12-15/5851e7e4ac246.jpg
INFO: [ app_init ] --START--
INFO: Run Behavior\BuildLiteBehavior [ RunTime:0.000043s ]
INFO: [ app_init ] --END-- [ RunTime:0.012985s ]
ERR: 无法加载模块:Public

[ 2016-12-15T11:46:46+08:00 ] 127.0.0.1 /shanghua/Public/admin/js/showdate.js
INFO: [ app_init ] --START--
INFO: Run Behavior\BuildLiteBehavior [ RunTime:0.000058s ]
INFO: [ app_init ] --END-- [ RunTime:0.008597s ]
ERR: 无法加载模块:Public

[ 2016-12-15T11:46:54+08:00 ] 127.0.0.1 /shanghua/Public/admin/js/showdate.js
INFO: [ app_init ] --START--
INFO: Run Behavior\BuildLiteBehavior [ RunTime:0.000060s ]
INFO: [ app_init ] --END-- [ RunTime:0.004330s ]
ERR: 无法加载模块:Public

[ 2016-12-15T11:46:54+08:00 ] 127.0.0.1 /shanghua/Public/uploads/2016-12-15/5851e6f6a937c.jpg
INFO: [ app_init ] --START--
INFO: Run Behavior\BuildLiteBehavior [ RunTime:0.000058s ]
INFO: [ app_init ] --END-- [ RunTime:0.004465s ]
ERR: 无法加载模块:Public

[ 2016-12-15T11:46:54+08:00 ] 127.0.0.1 /shanghua/Public/uploads/2016-12-15/5851e7a687feb.jpg
INFO: [ app_init ] --START--
INFO: Run Behavior\BuildLiteBehavior [ RunTime:0.000052s ]
INFO: [ app_init ] --END-- [ RunTime:0.001844s ]
ERR: 无法加载模块:Public

[ 2016-12-15T11:46:54+08:00 ] 127.0.0.1 /shanghua/Public/uploads/2016-12-15/5851e7e4ac246.jpg
INFO: [ app_init ] --START--
INFO: Run Behavior\BuildLiteBehavior [ RunTime:0.000056s ]
INFO: [ app_init ] --END-- [ RunTime:0.005120s ]
ERR: 无法加载模块:Public

[ 2016-12-15T11:46:54+08:00 ] 127.0.0.1 /shanghua/Public/uploads/2016-12-15/5851e956d690d.jpg
INFO: [ app_init ] --START--
INFO: Run Behavior\BuildLiteBehavior [ RunTime:0.000057s ]
INFO: [ app_init ] --END-- [ RunTime:0.009485s ]
ERR: 无法加载模块:Public

[ 2016-12-15T11:47:01+08:00 ] 127.0.0.1 /shanghua/Public/admin/js/showdate.js
INFO: [ app_init ] --START--
INFO: Run Behavior\BuildLiteBehavior [ RunTime:0.000043s ]
INFO: [ app_init ] --END-- [ RunTime:0.001455s ]
ERR: 无法加载模块:Public

[ 2016-12-15T11:47:13+08:00 ] 127.0.0.1 /shanghua/Public/admin/js/showdate.js
INFO: [ app_init ] --START--
INFO: Run Behavior\BuildLiteBehavior [ RunTime:0.000061s ]
INFO: [ app_init ] --END-- [ RunTime:0.007859s ]
ERR: 无法加载模块:Public

[ 2016-12-15T11:47:13+08:00 ] 127.0.0.1 /shanghua/Public/uploads/2016-12-15/5851e6f6a937c.jpg
INFO: [ app_init ] --START--
INFO: Run Behavior\BuildLiteBehavior [ RunTime:0.000050s ]
INFO: [ app_init ] --END-- [ RunTime:0.001602s ]
ERR: 无法加载模块:Public

[ 2016-12-15T11:47:13+08:00 ] 127.0.0.1 /shanghua/Public/uploads/2016-12-15/5851e7a687feb.jpg
INFO: [ app_init ] --START--
INFO: Run Behavior\BuildLiteBehavior [ RunTime:0.000053s ]
INFO: [ app_init ] --END-- [ RunTime:0.016498s ]
ERR: 无法加载模块:Public

[ 2016-12-15T11:47:13+08:00 ] 127.0.0.1 /shanghua/Public/uploads/2016-12-15/5851e7e4ac246.jpg
INFO: [ app_init ] --START--
INFO: Run Behavior\BuildLiteBehavior [ RunTime:0.000052s ]
INFO: [ app_init ] --END-- [ RunTime:0.002165s ]
ERR: 无法加载模块:Public

[ 2016-12-15T11:47:13+08:00 ] 127.0.0.1 /shanghua/Public/uploads/2016-12-15/5851e956d690d.jpg
INFO: [ app_init ] --START--
INFO: Run Behavior\BuildLiteBehavior [ RunTime:0.000061s ]
INFO: [ app_init ] --END-- [ RunTime:0.003312s ]
ERR: 无法加载模块:Public

[ 2016-12-15T11:47:17+08:00 ] 127.0.0.1 /shanghua/Public/admin/js/showdate.js
INFO: [ app_init ] --START--
INFO: Run Behavior\BuildLiteBehavior [ RunTime:0.000055s ]
INFO: [ app_init ] --END-- [ RunTime:0.005405s ]
ERR: 无法加载模块:Public

[ 2016-12-15T11:47:24+08:00 ] 127.0.0.1 /shanghua/Public/admin/js/showdate.js
INFO: [ app_init ] --START--
INFO: Run Behavior\BuildLiteBehavior [ RunTime:0.000052s ]
INFO: [ app_init ] --END-- [ RunTime:0.001980s ]
ERR: 无法加载模块:Public

[ 2016-12-15T11:47:24+08:00 ] 127.0.0.1 /shanghua/Public/uploads/2016-12-15/5851e9730619b.png
INFO: [ app_init ] --START--
INFO: Run Behavior\BuildLiteBehavior [ RunTime:0.000048s ]
INFO: [ app_init ] --END-- [ RunTime:0.002324s ]
ERR: 无法加载模块:Public

[ 2016-12-15T11:47:24+08:00 ] 127.0.0.1 /shanghua/Public/uploads/2016-12-15/5851e9a11d088.png
INFO: [ app_init ] --START--
INFO: Run Behavior\BuildLiteBehavior [ RunTime:0.000051s ]
INFO: [ app_init ] --END-- [ RunTime:0.004222s ]
ERR: 无法加载模块:Public

[ 2016-12-15T11:47:24+08:00 ] 127.0.0.1 /shanghua/Public/uploads/2016-12-15/5851ecb187f5c.png
INFO: [ app_init ] --START--
INFO: Run Behavior\BuildLiteBehavior [ RunTime:0.000048s ]
INFO: [ app_init ] --END-- [ RunTime:0.001755s ]
ERR: 无法加载模块:Public

[ 2016-12-15T11:47:24+08:00 ] 127.0.0.1 /shanghua/Public/uploads/2016-12-15/5851e9b47158b.jpg
INFO: [ app_init ] --START--
INFO: Run Behavior\BuildLiteBehavior [ RunTime:0.000048s ]
INFO: [ app_init ] --END-- [ RunTime:0.012725s ]
ERR: 无法加载模块:Public

[ 2016-12-15T11:47:30+08:00 ] 127.0.0.1 /shanghua/Public/admin/js/showdate.js
INFO: [ app_init ] --START--
INFO: Run Behavior\BuildLiteBehavior [ RunTime:0.000054s ]
INFO: [ app_init ] --END-- [ RunTime:0.002652s ]
ERR: 无法加载模块:Public

[ 2016-12-15T11:47:30+08:00 ] 127.0.0.1 /shanghua/Public/uploads/2016-12-15/5851e9730619b.png
INFO: [ app_init ] --START--
INFO: Run Behavior\BuildLiteBehavior [ RunTime:0.000052s ]
INFO: [ app_init ] --END-- [ RunTime:0.001792s ]
ERR: 无法加载模块:Public

[ 2016-12-15T11:47:30+08:00 ] 127.0.0.1 /shanghua/Public/uploads/2016-12-15/5851e9b47158b.jpg
INFO: [ app_init ] --START--
INFO: Run Behavior\BuildLiteBehavior [ RunTime:0.000043s ]
INFO: [ app_init ] --END-- [ RunTime:0.001404s ]
ERR: 无法加载模块:Public

[ 2016-12-15T11:47:30+08:00 ] 127.0.0.1 /shanghua/Public/uploads/2016-12-15/5851ecb187f5c.png
INFO: [ app_init ] --START--
INFO: Run Behavior\BuildLiteBehavior [ RunTime:0.000058s ]
INFO: [ app_init ] --END-- [ RunTime:0.030184s ]
ERR: 无法加载模块:Public

[ 2016-12-15T11:47:30+08:00 ] 127.0.0.1 /shanghua/Public/uploads/2016-12-15/5851e9a11d088.png
INFO: [ app_init ] --START--
INFO: Run Behavior\BuildLiteBehavior [ RunTime:0.000050s ]
INFO: [ app_init ] --END-- [ RunTime:0.009677s ]
ERR: 无法加载模块:Public

[ 2016-12-15T11:50:36+08:00 ] 127.0.0.1 /shanghua/Public/admin/js/showdate.js
INFO: [ app_init ] --START--
INFO: Run Behavior\BuildLiteBehavior [ RunTime:0.000063s ]
INFO: [ app_init ] --END-- [ RunTime:0.002970s ]
ERR: 无法加载模块:Public

[ 2016-12-15T11:52:01+08:00 ] 127.0.0.1 /shanghua/Public/admin/js/showdate.js
INFO: [ app_init ] --START--
INFO: Run Behavior\BuildLiteBehavior [ RunTime:0.000185s ]
INFO: [ app_init ] --END-- [ RunTime:0.006783s ]
ERR: 无法加载模块:Public

[ 2016-12-15T11:52:07+08:00 ] 127.0.0.1 /shanghua/Public/admin/js/showdate.js
INFO: [ app_init ] --START--
INFO: Run Behavior\BuildLiteBehavior [ RunTime:0.000056s ]
INFO: [ app_init ] --END-- [ RunTime:0.002816s ]
ERR: 无法加载模块:Public

[ 2016-12-15T11:52:33+08:00 ] 127.0.0.1 /shanghua/Public/admin/js/showdate.js
INFO: [ app_init ] --START--
INFO: Run Behavior\BuildLiteBehavior [ RunTime:0.000053s ]
INFO: [ app_init ] --END-- [ RunTime:0.006805s ]
ERR: 无法加载模块:Public

[ 2016-12-15T11:55:27+08:00 ] 127.0.0.1 /shanghua/Public/admin/js/showdate.js
INFO: [ app_init ] --START--
INFO: Run Behavior\BuildLiteBehavior [ RunTime:0.000054s ]
INFO: [ app_init ] --END-- [ RunTime:0.005269s ]
ERR: 无法加载模块:Public

[ 2016-12-15T11:56:16+08:00 ] 127.0.0.1 /shanghua/Public/admin/js/showdate.js
INFO: [ app_init ] --START--
INFO: Run Behavior\BuildLiteBehavior [ RunTime:0.000056s ]
INFO: [ app_init ] --END-- [ RunTime:0.005226s ]
ERR: 无法加载模块:Public

[ 2016-12-15T11:56:18+08:00 ] 127.0.0.1 /shanghua/Public/uploads/2016-12-15/58520dee8e1fd.jpg
INFO: [ app_init ] --START--
INFO: Run Behavior\BuildLiteBehavior [ RunTime:0.000038s ]
INFO: [ app_init ] --END-- [ RunTime:0.001279s ]
ERR: 无法加载模块:Public

[ 2016-12-15T11:56:18+08:00 ] 127.0.0.1 /shanghua/Public/uploads/2016-12-15/58520d5f59435.jpg
INFO: [ app_init ] --START--
INFO: Run Behavior\BuildLiteBehavior [ RunTime:0.000033s ]
INFO: [ app_init ] --END-- [ RunTime:0.001058s ]
ERR: 无法加载模块:Public

[ 2016-12-15T11:56:18+08:00 ] 127.0.0.1 /shanghua/Public/uploads/2016-12-15/58520d8276ebf.jpg
INFO: [ app_init ] --START--
INFO: Run Behavior\BuildLiteBehavior [ RunTime:0.000040s ]
INFO: [ app_init ] --END-- [ RunTime:0.002546s ]
ERR: 无法加载模块:Public

[ 2016-12-15T11:56:18+08:00 ] 127.0.0.1 /shanghua/Public/uploads/2016-12-15/58520e116011a.jpg
INFO: [ app_init ] --START--
INFO: Run Behavior\BuildLiteBehavior [ RunTime:0.000037s ]
INFO: [ app_init ] --END-- [ RunTime:0.001385s ]
ERR: 无法加载模块:Public

[ 2016-12-15T11:56:18+08:00 ] 127.0.0.1 /shanghua/Public/uploads/2016-12-15/58520da9e4568.jpg
INFO: [ app_init ] --START--
INFO: Run Behavior\BuildLiteBehavior [ RunTime:0.000052s ]
INFO: [ app_init ] --END-- [ RunTime:0.001821s ]
ERR: 无法加载模块:Public

[ 2016-12-15T11:56:18+08:00 ] 127.0.0.1 /shanghua/Public/uploads/2016-12-15/58520e31ba75c.jpg
INFO: [ app_init ] --START--
INFO: Run Behavior\BuildLiteBehavior [ RunTime:0.000038s ]
INFO: [ app_init ] --END-- [ RunTime:0.001222s ]
ERR: 无法加载模块:Public

[ 2016-12-15T11:56:18+08:00 ] 127.0.0.1 /shanghua/Public/uploads/2016-12-15/58520dd16255f.jpg
INFO: [ app_init ] --START--
INFO: Run Behavior\BuildLiteBehavior [ RunTime:0.000190s ]
INFO: [ app_init ] --END-- [ RunTime:0.001978s ]
ERR: 无法加载模块:Public

[ 2016-12-15T11:56:18+08:00 ] 127.0.0.1 /shanghua/Public/uploads/2016-12-15/58520e5a73518.jpg
INFO: [ app_init ] --START--
INFO: Run Behavior\BuildLiteBehavior [ RunTime:0.000041s ]
INFO: [ app_init ] --END-- [ RunTime:0.001202s ]
ERR: 无法加载模块:Public

[ 2016-12-15T11:56:18+08:00 ] 127.0.0.1 /shanghua/Public/uploads/2016-12-15/58520e7988038.jpg
INFO: [ app_init ] --START--
INFO: Run Behavior\BuildLiteBehavior [ RunTime:0.000043s ]
INFO: [ app_init ] --END-- [ RunTime:0.001578s ]
ERR: 无法加载模块:Public

[ 2016-12-15T11:58:18+08:00 ] 127.0.0.1 /shanghua/Public/home/images/r_b.png
INFO: [ app_init ] --START--
INFO: Run Behavior\BuildLiteBehavior [ RunTime:0.000037s ]
INFO: [ app_init ] --END-- [ RunTime:0.001470s ]
ERR: 无法加载模块:Public

[ 2016-12-15T12:03:24+08:00 ] 127.0.0.1 /shanghua/Public/home/images/r_b.png
INFO: [ app_init ] --START--
INFO: Run Behavior\BuildLiteBehavior [ RunTime:0.000125s ]
INFO: [ app_init ] --END-- [ RunTime:0.002412s ]
ERR: 无法加载模块:Public

[ 2016-12-15T12:04:03+08:00 ] 127.0.0.1 /shanghua/Public/home/images/r_b.png
INFO: [ app_init ] --START--
INFO: Run Behavior\BuildLiteBehavior [ RunTime:0.000136s ]
INFO: [ app_init ] --END-- [ RunTime:0.002151s ]
ERR: 无法加载模块:Public

[ 2016-12-15T12:05:32+08:00 ] 127.0.0.1 /shanghua/Public/home/images/r_b.png
INFO: [ app_init ] --START--
INFO: Run Behavior\BuildLiteBehavior [ RunTime:0.000050s ]
INFO: [ app_init ] --END-- [ RunTime:0.002247s ]
ERR: 无法加载模块:Public

[ 2016-12-15T12:06:56+08:00 ] 127.0.0.1 /shanghua/Public/home/images/r_b.png
INFO: [ app_init ] --START--
INFO: Run Behavior\BuildLiteBehavior [ RunTime:0.000044s ]
INFO: [ app_init ] --END-- [ RunTime:0.001446s ]
ERR: 无法加载模块:Public

[ 2016-12-15T12:09:25+08:00 ] 127.0.0.1 /shanghua/Public/home/images/r_b.png
INFO: [ app_init ] --START--
INFO: Run Behavior\BuildLiteBehavior [ RunTime:0.000055s ]
INFO: [ app_init ] --END-- [ RunTime:0.002148s ]
ERR: 无法加载模块:Public

[ 2016-12-15T12:09:42+08:00 ] 127.0.0.1 /shanghua/Public/home/images/r_b.png
INFO: [ app_init ] --START--
INFO: Run Behavior\BuildLiteBehavior [ RunTime:0.000054s ]
INFO: [ app_init ] --END-- [ RunTime:0.002211s ]
ERR: 无法加载模块:Public

[ 2016-12-15T12:10:09+08:00 ] 127.0.0.1 /shanghua/Public/home/images/r_b.png
INFO: [ app_init ] --START--
INFO: Run Behavior\BuildLiteBehavior [ RunTime:0.000042s ]
INFO: [ app_init ] --END-- [ RunTime:0.001789s ]
ERR: 无法加载模块:Public

[ 2016-12-15T12:10:16+08:00 ] 127.0.0.1 /shanghua/Public/home/images/r_b.png
INFO: [ app_init ] --START--
INFO: Run Behavior\BuildLiteBehavior [ RunTime:0.000063s ]
INFO: [ app_init ] --END-- [ RunTime:0.004776s ]
ERR: 无法加载模块:Public

[ 2016-12-15T12:11:14+08:00 ] 127.0.0.1 /shanghua/Public/home/images/.png
INFO: [ app_init ] --START--
INFO: Run Behavior\BuildLiteBehavior [ RunTime:0.000053s ]
INFO: [ app_init ] --END-- [ RunTime:0.001881s ]
ERR: 无法加载模块:Public

[ 2016-12-15T12:12:07+08:00 ] 127.0.0.1 /shanghua/Public/home/images/r_b.png
INFO: [ app_init ] --START--
INFO: Run Behavior\BuildLiteBehavior [ RunTime:0.000054s ]
INFO: [ app_init ] --END-- [ RunTime:0.003778s ]
ERR: 无法加载模块:Public

[ 2016-12-15T12:55:16+08:00 ] 127.0.0.1 /shanghua/Public/home/images/r_b.png
INFO: [ app_init ] --START--
INFO: Run Behavior\BuildLiteBehavior [ RunTime:0.000036s ]
INFO: [ app_init ] --END-- [ RunTime:0.001426s ]
ERR: 无法加载模块:Public

[ 2016-12-15T12:57:26+08:00 ] 127.0.0.1 /shanghua/Public/uploads/2016-12-14/585093098eab2.png
INFO: [ app_init ] --START--
INFO: Run Behavior\BuildLiteBehavior [ RunTime:0.000050s ]
INFO: [ app_init ] --END-- [ RunTime:0.005912s ]
ERR: 无法加载模块:Public

[ 2016-12-15T12:57:26+08:00 ] 127.0.0.1 /shanghua/Public/uploads/2016-12-14/585093272d86c.png
INFO: [ app_init ] --START--
INFO: Run Behavior\BuildLiteBehavior [ RunTime:0.000050s ]
INFO: [ app_init ] --END-- [ RunTime:0.003460s ]
ERR: 无法加载模块:Public

[ 2016-12-15T12:57:26+08:00 ] 127.0.0.1 /shanghua/Public/uploads/2016-12-14/5850933a98797.png
INFO: [ app_init ] --START--
INFO: Run Behavior\BuildLiteBehavior [ RunTime:0.000046s ]
INFO: [ app_init ] --END-- [ RunTime:0.001652s ]
ERR: 无法加载模块:Public

[ 2016-12-15T12:57:27+08:00 ] 127.0.0.1 /shanghua/Public/uploads/2016-12-14/58509364d97b2.png
INFO: [ app_init ] --START--
INFO: Run Behavior\BuildLiteBehavior [ RunTime:0.000044s ]
INFO: [ app_init ] --END-- [ RunTime:0.001558s ]
ERR: 无法加载模块:Public

[ 2016-12-15T12:57:27+08:00 ] 127.0.0.1 /shanghua/Public/uploads/2016-12-14/5850938c942a0.png
INFO: [ app_init ] --START--
INFO: Run Behavior\BuildLiteBehavior [ RunTime:0.000045s ]
INFO: [ app_init ] --END-- [ RunTime:0.064928s ]
ERR: 无法加载模块:Public

[ 2016-12-15T12:57:27+08:00 ] 127.0.0.1 /shanghua/Public/uploads/2016-12-14/5850934b67b88.png
INFO: [ app_init ] --START--
INFO: Run Behavior\BuildLiteBehavior [ RunTime:0.000045s ]
INFO: [ app_init ] --END-- [ RunTime:0.048624s ]
ERR: 无法加载模块:Public

[ 2016-12-15T12:57:27+08:00 ] 127.0.0.1 /shanghua/Public/home/images/r_b.png
INFO: [ app_init ] --START--
INFO: Run Behavior\BuildLiteBehavior [ RunTime:0.000045s ]
INFO: [ app_init ] --END-- [ RunTime:0.010008s ]
ERR: 无法加载模块:Public

[ 2016-12-15T12:57:32+08:00 ] 127.0.0.1 /shanghua/Public/uploads/2016-12-14/5850934b67b88.png
INFO: [ app_init ] --START--
INFO: Run Behavior\BuildLiteBehavior [ RunTime:0.000040s ]
INFO: [ app_init ] --END-- [ RunTime:0.001389s ]
ERR: 无法加载模块:Public

[ 2016-12-15T12:57:32+08:00 ] 127.0.0.1 /shanghua/Public/uploads/2016-12-14/58509364d97b2.png
INFO: [ app_init ] --START--
INFO: Run Behavior\BuildLiteBehavior [ RunTime:0.000038s ]
INFO: [ app_init ] --END-- [ RunTime:0.001328s ]
ERR: 无法加载模块:Public

[ 2016-12-15T12:57:32+08:00 ] 127.0.0.1 /shanghua/Public/uploads/2016-12-14/585093272d86c.png
INFO: [ app_init ] --START--
INFO: Run Behavior\BuildLiteBehavior [ RunTime:0.000040s ]
INFO: [ app_init ] --END-- [ RunTime:0.001434s ]
ERR: 无法加载模块:Public

[ 2016-12-15T12:57:32+08:00 ] 127.0.0.1 /shanghua/Public/uploads/2016-12-14/585093098eab2.png
INFO: [ app_init ] --START--
INFO: Run Behavior\BuildLiteBehavior [ RunTime:0.000036s ]
INFO: [ app_init ] --END-- [ RunTime:0.001220s ]
ERR: 无法加载模块:Public

[ 2016-12-15T12:57:32+08:00 ] 127.0.0.1 /shanghua/Public/uploads/2016-12-14/5850938c942a0.png
INFO: [ app_init ] --START--
INFO: Run Behavior\BuildLiteBehavior [ RunTime:0.000045s ]
INFO: [ app_init ] --END-- [ RunTime:0.035589s ]
ERR: 无法加载模块:Public

[ 2016-12-15T12:57:32+08:00 ] 127.0.0.1 /shanghua/Public/uploads/2016-12-14/5850933a98797.png
INFO: [ app_init ] --START--
INFO: Run Behavior\BuildLiteBehavior [ RunTime:0.000044s ]
INFO: [ app_init ] --END-- [ RunTime:0.002025s ]
ERR: 无法加载模块:Public

[ 2016-12-15T12:57:40+08:00 ] 127.0.0.1 /shanghua/Public/uploads/2016-12-14/5850b21fede46.png
INFO: [ app_init ] --START--
INFO: Run Behavior\BuildLiteBehavior [ RunTime:0.000053s ]
INFO: [ app_init ] --END-- [ RunTime:0.001895s ]
ERR: 无法加载模块:Public

[ 2016-12-15T12:57:40+08:00 ] 127.0.0.1 /shanghua/Public/uploads/2016-12-14/5850b2795b907.png
INFO: [ app_init ] --START--
INFO: Run Behavior\BuildLiteBehavior [ RunTime:0.000055s ]
INFO: [ app_init ] --END-- [ RunTime:0.058003s ]
ERR: 无法加载模块:Public

[ 2016-12-15T12:57:40+08:00 ] 127.0.0.1 /shanghua/Public/uploads/2016-12-14/5850b25242029.png
INFO: [ app_init ] --START--
INFO: Run Behavior\BuildLiteBehavior [ RunTime:0.000058s ]
INFO: [ app_init ] --END-- [ RunTime:0.022462s ]
ERR: 无法加载模块:Public

[ 2016-12-15T12:57:40+08:00 ] 127.0.0.1 /shanghua/Public/uploads/2016-12-14/5850b522ca443.png
INFO: [ app_init ] --START--
INFO: Run Behavior\BuildLiteBehavior [ RunTime:0.000048s ]
INFO: [ app_init ] --END-- [ RunTime:0.013005s ]
ERR: 无法加载模块:Public

[ 2016-12-15T12:57:40+08:00 ] 127.0.0.1 /shanghua/Public/home/fonts/kalinga.woff
INFO: [ app_init ] --START--
INFO: Run Behavior\BuildLiteBehavior [ RunTime:0.000048s ]
INFO: [ app_init ] --END-- [ RunTime:0.036189s ]
ERR: 无法加载模块:Public

[ 2016-12-15T12:57:40+08:00 ] 127.0.0.1 /shanghua/Public/uploads/2016-12-14/5850b5517c593.png
INFO: [ app_init ] --START--
INFO: Run Behavior\BuildLiteBehavior [ RunTime:0.000049s ]
INFO: [ app_init ] --END-- [ RunTime:0.156686s ]
ERR: 无法加载模块:Public

[ 2016-12-15T12:57:40+08:00 ] 127.0.0.1 /shanghua/Public/uploads/2016-12-14/5850b5d1a5717.png
INFO: [ app_init ] --START--
INFO: Run Behavior\BuildLiteBehavior [ RunTime:0.000051s ]
INFO: [ app_init ] --END-- [ RunTime:0.001712s ]
ERR: 无法加载模块:Public

[ 2016-12-15T12:57:40+08:00 ] 127.0.0.1 /shanghua/Public/uploads/2016-12-14/5850b5ba2ba46.png
INFO: [ app_init ] --START--
INFO: Run Behavior\BuildLiteBehavior [ RunTime:0.000047s ]
INFO: [ app_init ] --END-- [ RunTime:0.001662s ]
ERR: 无法加载模块:Public

[ 2016-12-15T12:57:40+08:00 ] 127.0.0.1 /shanghua/Public/uploads/2016-12-14/5850b58feecce.png
INFO: [ app_init ] --START--
INFO: Run Behavior\BuildLiteBehavior [ RunTime:0.000044s ]
INFO: [ app_init ] --END-- [ RunTime:0.001483s ]
ERR: 无法加载模块:Public

[ 2016-12-15T12:57:40+08:00 ] 127.0.0.1 /shanghua/Public/uploads/2016-12-14/5850b5eabf218.png
INFO: [ app_init ] --START--
INFO: Run Behavior\BuildLiteBehavior [ RunTime:0.000158s ]
INFO: [ app_init ] --END-- [ RunTime:0.001985s ]
ERR: 无法加载模块:Public

[ 2016-12-15T12:57:40+08:00 ] 127.0.0.1 /shanghua/Public/home/fonts/kalinga.ttf
INFO: [ app_init ] --START--
INFO: Run Behavior\BuildLiteBehavior [ RunTime:0.000045s ]
INFO: [ app_init ] --END-- [ RunTime:0.001457s ]
ERR: 无法加载模块:Public

[ 2016-12-15T13:05:45+08:00 ] 127.0.0.1 /shanghua/Public/home/images/r_b.png
INFO: [ app_init ] --START--
INFO: Run Behavior\BuildLiteBehavior [ RunTime:0.000054s ]
INFO: [ app_init ] --END-- [ RunTime:0.005894s ]
ERR: 无法加载模块:Public

[ 2016-12-15T13:11:23+08:00 ] 127.0.0.1 /shanghua/Public/home/images/r_b.png
INFO: [ app_init ] --START--
INFO: Run Behavior\BuildLiteBehavior [ RunTime:0.000031s ]
INFO: [ app_init ] --END-- [ RunTime:0.000997s ]
ERR: 无法加载模块:Public

[ 2016-12-15T13:15:44+08:00 ] 127.0.0.1 /shanghua/Public/home/images/r_b.png
INFO: [ app_init ] --START--
INFO: Run Behavior\BuildLiteBehavior [ RunTime:0.000049s ]
INFO: [ app_init ] --END-- [ RunTime:0.001581s ]
ERR: 无法加载模块:Public

[ 2016-12-15T13:16:00+08:00 ] 127.0.0.1 /shanghua/Public/home/images/r_b.png
INFO: [ app_init ] --START--
INFO: Run Behavior\BuildLiteBehavior [ RunTime:0.000038s ]
INFO: [ app_init ] --END-- [ RunTime:0.001441s ]
ERR: 无法加载模块:Public

[ 2016-12-15T13:16:02+08:00 ] 127.0.0.1 /shanghua/Public/home/images/r_b.png
INFO: [ app_init ] --START--
INFO: Run Behavior\BuildLiteBehavior [ RunTime:0.000040s ]
INFO: [ app_init ] --END-- [ RunTime:0.001585s ]
ERR: 无法加载模块:Public

[ 2016-12-15T13:16:05+08:00 ] 127.0.0.1 /shanghua/Public/home/images/r_b.png
INFO: [ app_init ] --START--
INFO: Run Behavior\BuildLiteBehavior [ RunTime:0.000051s ]
INFO: [ app_init ] --END-- [ RunTime:0.001701s ]
ERR: 无法加载模块:Public

[ 2016-12-15T13:16:09+08:00 ] 127.0.0.1 /shanghua/Public/home/images/r_b.png
INFO: [ app_init ] --START--
INFO: Run Behavior\BuildLiteBehavior [ RunTime:0.000055s ]
INFO: [ app_init ] --END-- [ RunTime:0.006193s ]
ERR: 无法加载模块:Public

[ 2016-12-15T13:22:19+08:00 ] 127.0.0.1 /shanghua/Public/home/images/r_b.png
INFO: [ app_init ] --START--
INFO: Run Behavior\BuildLiteBehavior [ RunTime:0.000036s ]
INFO: [ app_init ] --END-- [ RunTime:0.001381s ]
ERR: 无法加载模块:Public

[ 2016-12-15T13:22:22+08:00 ] 127.0.0.1 /shanghua/Public/home/images/r_b.png
INFO: [ app_init ] --START--
INFO: Run Behavior\BuildLiteBehavior [ RunTime:0.000056s ]
INFO: [ app_init ] --END-- [ RunTime:0.025164s ]
ERR: 无法加载模块:Public

[ 2016-12-15T13:22:35+08:00 ] 127.0.0.1 /shanghua/Public/home/images/r_b.png
INFO: [ app_init ] --START--
INFO: Run Behavior\BuildLiteBehavior [ RunTime:0.000050s ]
INFO: [ app_init ] --END-- [ RunTime:0.001908s ]
ERR: 无法加载模块:Public

[ 2016-12-15T13:22:37+08:00 ] 127.0.0.1 /shanghua/Public/home/images/r_b.png
INFO: [ app_init ] --START--
INFO: Run Behavior\BuildLiteBehavior [ RunTime:0.000052s ]
INFO: [ app_init ] --END-- [ RunTime:0.002344s ]
ERR: 无法加载模块:Public

[ 2016-12-15T13:22:41+08:00 ] 127.0.0.1 /shanghua/Public/home/images/r_b.png
INFO: [ app_init ] --START--
INFO: Run Behavior\BuildLiteBehavior [ RunTime:0.000043s ]
INFO: [ app_init ] --END-- [ RunTime:0.001593s ]
ERR: 无法加载模块:Public

[ 2016-12-15T13:22:44+08:00 ] 127.0.0.1 /shanghua/Public/home/images/r_b.png
INFO: [ app_init ] --START--
INFO: Run Behavior\BuildLiteBehavior [ RunTime:0.000050s ]
INFO: [ app_init ] --END-- [ RunTime:0.001668s ]
ERR: 无法加载模块:Public

[ 2016-12-15T13:22:47+08:00 ] 127.0.0.1 /shanghua/Public/home/images/r_b.png
INFO: [ app_init ] --START--
INFO: Run Behavior\BuildLiteBehavior [ RunTime:0.000140s ]
INFO: [ app_init ] --END-- [ RunTime:0.001545s ]
ERR: 无法加载模块:Public

[ 2016-12-15T13:22:57+08:00 ] 127.0.0.1 /shanghua/Public/home/images/r_b.png
INFO: [ app_init ] --START--
INFO: Run Behavior\BuildLiteBehavior [ RunTime:0.000049s ]
INFO: [ app_init ] --END-- [ RunTime:0.002413s ]
ERR: 无法加载模块:Public

[ 2016-12-15T13:23:01+08:00 ] 127.0.0.1 /shanghua/Public/home/images/r_b.png
INFO: [ app_init ] --START--
INFO: Run Behavior\BuildLiteBehavior [ RunTime:0.000048s ]
INFO: [ app_init ] --END-- [ RunTime:0.002675s ]
ERR: 无法加载模块:Public

[ 2016-12-15T13:23:05+08:00 ] 127.0.0.1 /shanghua/Public/home/images/r_b.png
INFO: [ app_init ] --START--
INFO: Run Behavior\BuildLiteBehavior [ RunTime:0.000055s ]
INFO: [ app_init ] --END-- [ RunTime:0.003084s ]
ERR: 无法加载模块:Public

[ 2016-12-15T13:23:20+08:00 ] 127.0.0.1 /shanghua/Public/home/images/r_b.png
INFO: [ app_init ] --START--
INFO: Run Behavior\BuildLiteBehavior [ RunTime:0.000039s ]
INFO: [ app_init ] --END-- [ RunTime:0.001425s ]
ERR: 无法加载模块:Public

[ 2016-12-15T13:24:59+08:00 ] 127.0.0.1 /shanghua/Public/home/images/r_b.png
INFO: [ app_init ] --START--
INFO: Run Behavior\BuildLiteBehavior [ RunTime:0.000035s ]
INFO: [ app_init ] --END-- [ RunTime:0.001278s ]
ERR: 无法加载模块:Public

[ 2016-12-15T13:29:50+08:00 ] 127.0.0.1 /shanghua/Public/home/images/r_b.png
INFO: [ app_init ] --START--
INFO: Run Behavior\BuildLiteBehavior [ RunTime:0.000039s ]
INFO: [ app_init ] --END-- [ RunTime:0.001240s ]
ERR: 无法加载模块:Public

[ 2016-12-15T13:29:53+08:00 ] 127.0.0.1 /shanghua/Public/home/images/.png
INFO: [ app_init ] --START--
INFO: Run Behavior\BuildLiteBehavior [ RunTime:0.000034s ]
INFO: [ app_init ] --END-- [ RunTime:0.001162s ]
ERR: 无法加载模块:Public

[ 2016-12-15T13:30:50+08:00 ] 127.0.0.1 /shanghua/Public/home/images/r_b.png
INFO: [ app_init ] --START--
INFO: Run Behavior\BuildLiteBehavior [ RunTime:0.000028s ]
INFO: [ app_init ] --END-- [ RunTime:0.001115s ]
ERR: 无法加载模块:Public

[ 2016-12-15T13:31:01+08:00 ] 127.0.0.1 /shanghua/Public/home/images/r_b.png
INFO: [ app_init ] --START--
INFO: Run Behavior\BuildLiteBehavior [ RunTime:0.000501s ]
INFO: [ app_init ] --END-- [ RunTime:0.002977s ]
ERR: 无法加载模块:Public

[ 2016-12-15T13:31:10+08:00 ] 127.0.0.1 /shanghua/Public/home/images/r_b.png
INFO: [ app_init ] --START--
INFO: Run Behavior\BuildLiteBehavior [ RunTime:0.000034s ]
INFO: [ app_init ] --END-- [ RunTime:0.001003s ]
ERR: 无法加载模块:Public

[ 2016-12-15T13:32:11+08:00 ] 127.0.0.1 /shanghua/Public/home/images/r_b.png
INFO: [ app_init ] --START--
INFO: Run Behavior\BuildLiteBehavior [ RunTime:0.000050s ]
INFO: [ app_init ] --END-- [ RunTime:0.001385s ]
ERR: 无法加载模块:Public

[ 2016-12-15T13:32:25+08:00 ] 127.0.0.1 /shanghua/Public/home/images/r_b.png
INFO: [ app_init ] --START--
INFO: Run Behavior\BuildLiteBehavior [ RunTime:0.000040s ]
INFO: [ app_init ] --END-- [ RunTime:0.001600s ]
ERR: 无法加载模块:Public

