[ 2016-12-05T13:47:18+08:00 ] 127.0.0.1 /shanghua/index.php/Admin/Success/lists
INFO: [ app_init ] --START--
INFO: Run Behavior\BuildLiteBehavior [ RunTime:0.000040s ]
INFO: [ app_init ] --END-- [ RunTime:0.001571s ]
INFO: [ app_begin ] --START--
INFO: Run Behavior\ReadHtmlCacheBehavior [ RunTime:0.001937s ]
INFO: [ app_begin ] --END-- [ RunTime:0.002106s ]
ERR: 无法加载控制器:Success

[ 2016-12-05T13:47:30+08:00 ] 127.0.0.1 /shanghua/index.php/Admin/index/index
INFO: [ app_init ] --START--
INFO: Run Behavior\BuildLiteBehavior [ RunTime:0.000035s ]
INFO: [ app_init ] --END-- [ RunTime:0.001046s ]
INFO: [ app_begin ] --START--
INFO: Run Behavior\ReadHtmlCacheBehavior [ RunTime:0.001639s ]
INFO: [ app_begin ] --END-- [ RunTime:0.001775s ]
INFO: [ view_parse ] --START--
INFO: [ template_filter ] --START--
INFO: Run Behavior\ContentReplaceBehavior [ RunTime:0.000199s ]
INFO: [ template_filter ] --END-- [ RunTime:0.000352s ]
INFO: Run Behavior\ParseTemplateBehavior [ RunTime:0.072734s ]
INFO: [ view_parse ] --END-- [ RunTime:0.072903s ]
INFO: [ view_filter ] --START--
INFO: Run Behavior\WriteHtmlCacheBehavior [ RunTime:0.000837s ]
INFO: [ view_filter ] --END-- [ RunTime:0.000935s ]
INFO: [ app_end ] --START--
INFO: Run Behavior\ShowPageTraceBehavior [ RunTime:0.001373s ]
INFO: [ app_end ] --END-- [ RunTime:0.001500s ]

[ 2016-12-05T13:47:50+08:00 ] 127.0.0.1 /shanghua/index.php/Admin/Users/lists
INFO: [ app_init ] --START--
INFO: Run Behavior\BuildLiteBehavior [ RunTime:0.000034s ]
INFO: [ app_init ] --END-- [ RunTime:0.001135s ]
INFO: [ app_begin ] --START--
INFO: Run Behavior\ReadHtmlCacheBehavior [ RunTime:0.001564s ]
INFO: [ app_begin ] --END-- [ RunTime:0.001702s ]
SQL: SHOW COLUMNS FROM `admin_user` [ RunTime:0.0365s ]
SQL: SELECT * FROM `admin_user`  [ RunTime:0.0010s ]
INFO: [ view_parse ] --START--
INFO: [ template_filter ] --START--
INFO: Run Behavior\ContentReplaceBehavior [ RunTime:0.000204s ]
INFO: [ template_filter ] --END-- [ RunTime:0.000365s ]
NOTIC: [8] Undefined variable: d D:\apache2.2\root\shanghua\Application\Runtime\Cache\Admin\cc56135e5aa554a29120dc705ad6ea7c.php 第 124 行.
NOTIC: [8] Undefined variable: d D:\apache2.2\root\shanghua\Application\Runtime\Cache\Admin\cc56135e5aa554a29120dc705ad6ea7c.php 第 124 行.
INFO: Run Behavior\ParseTemplateBehavior [ RunTime:0.055600s ]
INFO: [ view_parse ] --END-- [ RunTime:0.055742s ]
INFO: [ view_filter ] --START--
INFO: Run Behavior\WriteHtmlCacheBehavior [ RunTime:0.000879s ]
INFO: [ view_filter ] --END-- [ RunTime:0.000999s ]
INFO: [ app_end ] --START--
INFO: Run Behavior\ShowPageTraceBehavior [ RunTime:0.001784s ]
INFO: [ app_end ] --END-- [ RunTime:0.001914s ]

[ 2016-12-05T13:48:10+08:00 ] 127.0.0.1 /shanghua/index.php/Admin/New/lists
INFO: [ app_init ] --START--
INFO: Run Behavior\BuildLiteBehavior [ RunTime:0.000034s ]
INFO: [ app_init ] --END-- [ RunTime:0.001052s ]
INFO: [ app_begin ] --START--
INFO: Run Behavior\ReadHtmlCacheBehavior [ RunTime:0.001793s ]
INFO: [ app_begin ] --END-- [ RunTime:0.001972s ]
SQL: SHOW COLUMNS FROM `news` [ RunTime:0.0415s ]
SQL: SELECT * FROM `news`  [ RunTime:0.0006s ]
INFO: [ view_parse ] --START--
INFO: [ template_filter ] --START--
INFO: Run Behavior\ContentReplaceBehavior [ RunTime:0.000217s ]
INFO: [ template_filter ] --END-- [ RunTime:0.000437s ]
NOTIC: [8] Undefined index: news_id D:\apache2.2\root\shanghua\Application\Runtime\Cache\Admin\b82f6166dc7ce355fc0a2ad75d1410cb.php 第 123 行.
NOTIC: [8] Undefined index: news_id D:\apache2.2\root\shanghua\Application\Runtime\Cache\Admin\b82f6166dc7ce355fc0a2ad75d1410cb.php 第 123 行.
INFO: Run Behavior\ParseTemplateBehavior [ RunTime:0.047302s ]
INFO: [ view_parse ] --END-- [ RunTime:0.047434s ]
INFO: [ view_filter ] --START--
INFO: Run Behavior\WriteHtmlCacheBehavior [ RunTime:0.001083s ]
INFO: [ view_filter ] --END-- [ RunTime:0.001219s ]
INFO: [ app_end ] --START--
INFO: Run Behavior\ShowPageTraceBehavior [ RunTime:0.002016s ]
INFO: [ app_end ] --END-- [ RunTime:0.002298s ]

[ 2016-12-05T13:48:17+08:00 ] 127.0.0.1 /shanghua/index.php/Admin/Product/lists
INFO: [ app_init ] --START--
INFO: Run Behavior\BuildLiteBehavior [ RunTime:0.000033s ]
INFO: [ app_init ] --END-- [ RunTime:0.000833s ]
INFO: [ app_begin ] --START--
INFO: Run Behavior\ReadHtmlCacheBehavior [ RunTime:0.001277s ]
INFO: [ app_begin ] --END-- [ RunTime:0.001429s ]
SQL: SHOW COLUMNS FROM `product` [ RunTime:0.0499s ]
SQL: SELECT * FROM `product`  [ RunTime:0.0006s ]
INFO: [ view_parse ] --START--
INFO: [ template_filter ] --START--
INFO: Run Behavior\ContentReplaceBehavior [ RunTime:0.000192s ]
INFO: [ template_filter ] --END-- [ RunTime:0.000356s ]
NOTIC: [8] Undefined index: product_id D:\apache2.2\root\shanghua\Application\Runtime\Cache\Admin\86f5f9f3a3d56112a6ce1247c7f71fbf.php 第 121 行.
INFO: Run Behavior\ParseTemplateBehavior [ RunTime:0.021468s ]
INFO: [ view_parse ] --END-- [ RunTime:0.021576s ]
INFO: [ view_filter ] --START--
INFO: Run Behavior\WriteHtmlCacheBehavior [ RunTime:0.000473s ]
INFO: [ view_filter ] --END-- [ RunTime:0.000571s ]
INFO: [ app_end ] --START--
INFO: Run Behavior\ShowPageTraceBehavior [ RunTime:0.000951s ]
INFO: [ app_end ] --END-- [ RunTime:0.001050s ]

[ 2016-12-05T13:48:42+08:00 ] 127.0.0.1 /shanghua/index.php/Admin/Case/lists
INFO: [ app_init ] --START--
INFO: Run Behavior\BuildLiteBehavior [ RunTime:0.000030s ]
INFO: [ app_init ] --END-- [ RunTime:0.000761s ]
INFO: [ app_begin ] --START--
INFO: Run Behavior\ReadHtmlCacheBehavior [ RunTime:0.001025s ]
INFO: [ app_begin ] --END-- [ RunTime:0.001146s ]
SQL: SHOW COLUMNS FROM `case` [ RunTime:0.0435s ]
SQL: SELECT * FROM `case`  [ RunTime:0.0007s ]
INFO: [ view_parse ] --START--
INFO: [ template_filter ] --START--
INFO: Run Behavior\ContentReplaceBehavior [ RunTime:0.000161s ]
INFO: [ template_filter ] --END-- [ RunTime:0.000300s ]
NOTIC: [8] Undefined index: case_id D:\apache2.2\root\shanghua\Application\Runtime\Cache\Admin\b190d67ea81a3a1c57d0504791efd73b.php 第 121 行.
INFO: Run Behavior\ParseTemplateBehavior [ RunTime:0.029410s ]
INFO: [ view_parse ] --END-- [ RunTime:0.029545s ]
INFO: [ view_filter ] --START--
INFO: Run Behavior\WriteHtmlCacheBehavior [ RunTime:0.000435s ]
INFO: [ view_filter ] --END-- [ RunTime:0.000528s ]
INFO: [ app_end ] --START--
INFO: Run Behavior\ShowPageTraceBehavior [ RunTime:0.000947s ]
INFO: [ app_end ] --END-- [ RunTime:0.001042s ]

[ 2016-12-05T13:48:53+08:00 ] 127.0.0.1 /shanghua/index.php/Admin/Apply/lists
INFO: [ app_init ] --START--
INFO: Run Behavior\BuildLiteBehavior [ RunTime:0.000031s ]
INFO: [ app_init ] --END-- [ RunTime:0.000783s ]
INFO: [ app_begin ] --START--
INFO: Run Behavior\ReadHtmlCacheBehavior [ RunTime:0.001112s ]
INFO: [ app_begin ] --END-- [ RunTime:0.001245s ]
SQL: SHOW COLUMNS FROM `apply` [ RunTime:0.0283s ]
SQL: SELECT * FROM `apply`  [ RunTime:0.0007s ]
INFO: [ view_parse ] --START--
INFO: [ template_filter ] --START--
INFO: Run Behavior\ContentReplaceBehavior [ RunTime:0.000206s ]
INFO: [ template_filter ] --END-- [ RunTime:0.000350s ]
NOTIC: [8] Undefined index: apply_id D:\apache2.2\root\shanghua\Application\Runtime\Cache\Admin\69b4f873f6d0f6ef7d3acee93d77630a.php 第 124 行.
INFO: Run Behavior\ParseTemplateBehavior [ RunTime:0.030536s ]
INFO: [ view_parse ] --END-- [ RunTime:0.030674s ]
INFO: [ view_filter ] --START--
INFO: Run Behavior\WriteHtmlCacheBehavior [ RunTime:0.001246s ]
INFO: [ view_filter ] --END-- [ RunTime:0.001457s ]
INFO: [ app_end ] --START--
INFO: Run Behavior\ShowPageTraceBehavior [ RunTime:0.001491s ]
INFO: [ app_end ] --END-- [ RunTime:0.001669s ]

[ 2016-12-05T13:49:00+08:00 ] 127.0.0.1 /shanghua/index.php/Admin/Honor/lists
INFO: [ app_init ] --START--
INFO: Run Behavior\BuildLiteBehavior [ RunTime:0.000033s ]
INFO: [ app_init ] --END-- [ RunTime:0.000843s ]
INFO: [ app_begin ] --START--
INFO: Run Behavior\ReadHtmlCacheBehavior [ RunTime:0.001128s ]
INFO: [ app_begin ] --END-- [ RunTime:0.001258s ]
SQL: SHOW COLUMNS FROM `honor` [ RunTime:0.0298s ]
SQL: SELECT * FROM `honor`  [ RunTime:0.0008s ]
INFO: [ view_parse ] --START--
INFO: [ template_filter ] --START--
INFO: Run Behavior\ContentReplaceBehavior [ RunTime:0.000175s ]
INFO: [ template_filter ] --END-- [ RunTime:0.000322s ]
NOTIC: [8] Undefined index: honor_id D:\apache2.2\root\shanghua\Application\Runtime\Cache\Admin\4703bd40fa3ad2d8beb40b7641ba6c64.php 第 120 行.
INFO: Run Behavior\ParseTemplateBehavior [ RunTime:0.036093s ]
INFO: [ view_parse ] --END-- [ RunTime:0.036256s ]
INFO: [ view_filter ] --START--
INFO: Run Behavior\WriteHtmlCacheBehavior [ RunTime:0.000689s ]
INFO: [ view_filter ] --END-- [ RunTime:0.000807s ]
INFO: [ app_end ] --START--
INFO: Run Behavior\ShowPageTraceBehavior [ RunTime:0.001096s ]
INFO: [ app_end ] --END-- [ RunTime:0.001224s ]

[ 2016-12-05T13:49:15+08:00 ] 127.0.0.1 /shanghua/index.php/Admin/Job/lists
INFO: [ app_init ] --START--
INFO: Run Behavior\BuildLiteBehavior [ RunTime:0.000035s ]
INFO: [ app_init ] --END-- [ RunTime:0.000908s ]
INFO: [ app_begin ] --START--
INFO: Run Behavior\ReadHtmlCacheBehavior [ RunTime:0.001148s ]
INFO: [ app_begin ] --END-- [ RunTime:0.001297s ]
SQL: SHOW COLUMNS FROM `job` [ RunTime:0.0714s ]
SQL: SELECT * FROM `job`  [ RunTime:0.0009s ]
INFO: [ view_parse ] --START--
INFO: [ template_filter ] --START--
INFO: Run Behavior\ContentReplaceBehavior [ RunTime:0.000178s ]
INFO: [ template_filter ] --END-- [ RunTime:0.000322s ]
NOTIC: [8] Undefined index: job_id D:\apache2.2\root\shanghua\Application\Runtime\Cache\Admin\de77eeaa0453fc11c4b43e298fe79f12.php 第 125 行.
NOTIC: [8] Undefined index: job_id D:\apache2.2\root\shanghua\Application\Runtime\Cache\Admin\de77eeaa0453fc11c4b43e298fe79f12.php 第 125 行.
INFO: Run Behavior\ParseTemplateBehavior [ RunTime:0.070469s ]
INFO: [ view_parse ] --END-- [ RunTime:0.070645s ]
INFO: [ view_filter ] --START--
INFO: Run Behavior\WriteHtmlCacheBehavior [ RunTime:0.000616s ]
INFO: [ view_filter ] --END-- [ RunTime:0.000744s ]
INFO: [ app_end ] --START--
INFO: Run Behavior\ShowPageTraceBehavior [ RunTime:0.001641s ]
INFO: [ app_end ] --END-- [ RunTime:0.001811s ]

[ 2016-12-05T13:49:26+08:00 ] 127.0.0.1 /shanghua/index.php/Admin/Advice/lists
INFO: [ app_init ] --START--
INFO: Run Behavior\BuildLiteBehavior [ RunTime:0.000034s ]
INFO: [ app_init ] --END-- [ RunTime:0.000859s ]
INFO: [ app_begin ] --START--
INFO: Run Behavior\ReadHtmlCacheBehavior [ RunTime:0.001177s ]
INFO: [ app_begin ] --END-- [ RunTime:0.001315s ]
SQL: SHOW COLUMNS FROM `advice` [ RunTime:0.0303s ]
SQL: SELECT * FROM `advice`  [ RunTime:0.0008s ]
INFO: [ view_parse ] --START--
INFO: [ template_filter ] --START--
INFO: Run Behavior\ContentReplaceBehavior [ RunTime:0.000201s ]
INFO: [ template_filter ] --END-- [ RunTime:0.000376s ]
NOTIC: [8] Undefined index: advice_id D:\apache2.2\root\shanghua\Application\Runtime\Cache\Admin\42b015d9fef8966450f1d0e24192cb99.php 第 123 行.
INFO: Run Behavior\ParseTemplateBehavior [ RunTime:0.031449s ]
INFO: [ view_parse ] --END-- [ RunTime:0.031578s ]
INFO: [ view_filter ] --START--
INFO: Run Behavior\WriteHtmlCacheBehavior [ RunTime:0.000502s ]
INFO: [ view_filter ] --END-- [ RunTime:0.000613s ]
INFO: [ app_end ] --START--
INFO: Run Behavior\ShowPageTraceBehavior [ RunTime:0.001129s ]
INFO: [ app_end ] --END-- [ RunTime:0.001254s ]

