[ 2016-12-12T14:06:24+08:00 ] 127.0.0.1 /shanghua/index.php/Admin/Index/index
INFO: [ app_init ] --START--
INFO: Run Behavior\BuildLiteBehavior [ RunTime:0.000072s ]
INFO: [ app_init ] --END-- [ RunTime:0.025576s ]
INFO: [ app_begin ] --START--
INFO: Run Behavior\ReadHtmlCacheBehavior [ RunTime:0.152503s ]
INFO: [ app_begin ] --END-- [ RunTime:0.152789s ]
INFO: [ view_parse ] --START--
INFO: [ template_filter ] --START--
INFO: Run Behavior\ContentReplaceBehavior [ RunTime:0.000166s ]
INFO: [ template_filter ] --END-- [ RunTime:0.000413s ]
INFO: Run Behavior\ParseTemplateBehavior [ RunTime:0.255252s ]
INFO: [ view_parse ] --END-- [ RunTime:0.255568s ]
INFO: [ view_filter ] --START--
INFO: Run Behavior\WriteHtmlCacheBehavior [ RunTime:0.069431s ]
INFO: [ view_filter ] --END-- [ RunTime:0.069667s ]

[ 2016-12-12T14:06:28+08:00 ] 127.0.0.1 /shanghua/index.php/Admin/Admin/login
INFO: [ app_init ] --START--
INFO: Run Behavior\BuildLiteBehavior [ RunTime:0.000037s ]
INFO: [ app_init ] --END-- [ RunTime:0.001208s ]
INFO: [ app_begin ] --START--
INFO: Run Behavior\ReadHtmlCacheBehavior [ RunTime:0.001479s ]
INFO: [ app_begin ] --END-- [ RunTime:0.001653s ]
INFO: [ view_parse ] --START--
INFO: [ template_filter ] --START--
INFO: Run Behavior\ContentReplaceBehavior [ RunTime:0.000133s ]
INFO: [ template_filter ] --END-- [ RunTime:0.000313s ]
INFO: Run Behavior\ParseTemplateBehavior [ RunTime:0.060079s ]
INFO: [ view_parse ] --END-- [ RunTime:0.060304s ]
INFO: [ view_filter ] --START--
INFO: Run Behavior\WriteHtmlCacheBehavior [ RunTime:0.000983s ]
INFO: [ view_filter ] --END-- [ RunTime:0.001131s ]
INFO: [ app_end ] --START--
INFO: Run Behavior\ShowPageTraceBehavior [ RunTime:0.019352s ]
INFO: [ app_end ] --END-- [ RunTime:0.019526s ]

[ 2016-12-12T14:06:38+08:00 ] 127.0.0.1 /shanghua/index.php/Admin/Admin/login
INFO: [ app_init ] --START--
INFO: Run Behavior\BuildLiteBehavior [ RunTime:0.000047s ]
INFO: [ app_init ] --END-- [ RunTime:0.001805s ]
INFO: [ app_begin ] --START--
INFO: Run Behavior\ReadHtmlCacheBehavior [ RunTime:0.002489s ]
INFO: [ app_begin ] --END-- [ RunTime:0.009795s ]
SQL: SHOW COLUMNS FROM `admin_user` [ RunTime:0.1475s ]
SQL: SELECT COUNT(*) AS tp_count FROM `admin_user` WHERE `username` = 'wangna' AND `password` = '123456' LIMIT 1   [ RunTime:0.0316s ]
INFO: [ view_parse ] --START--
INFO: [ template_filter ] --START--
INFO: Run Behavior\ContentReplaceBehavior [ RunTime:0.000228s ]
INFO: [ template_filter ] --END-- [ RunTime:0.000509s ]
INFO: Run Behavior\ParseTemplateBehavior [ RunTime:0.055875s ]
INFO: [ view_parse ] --END-- [ RunTime:0.056176s ]
INFO: [ view_filter ] --START--
INFO: Run Behavior\WriteHtmlCacheBehavior [ RunTime:0.001923s ]
INFO: [ view_filter ] --END-- [ RunTime:0.002179s ]
INFO: [ app_end ] --START--
INFO: Run Behavior\ShowPageTraceBehavior [ RunTime:0.003152s ]
INFO: [ app_end ] --END-- [ RunTime:0.003436s ]

[ 2016-12-12T14:06:40+08:00 ] 127.0.0.1 /shanghua/index.php/Admin/Index/index
INFO: [ app_init ] --START--
INFO: Run Behavior\BuildLiteBehavior [ RunTime:0.000062s ]
INFO: [ app_init ] --END-- [ RunTime:0.002089s ]
INFO: [ app_begin ] --START--
INFO: Run Behavior\ReadHtmlCacheBehavior [ RunTime:0.003097s ]
INFO: [ app_begin ] --END-- [ RunTime:0.003409s ]
INFO: [ view_parse ] --START--
INFO: [ template_filter ] --START--
INFO: Run Behavior\ContentReplaceBehavior [ RunTime:0.000387s ]
INFO: [ template_filter ] --END-- [ RunTime:0.000697s ]
INFO: Run Behavior\ParseTemplateBehavior [ RunTime:0.102729s ]
INFO: [ view_parse ] --END-- [ RunTime:0.103098s ]
INFO: [ view_filter ] --START--
INFO: Run Behavior\WriteHtmlCacheBehavior [ RunTime:0.001895s ]
INFO: [ view_filter ] --END-- [ RunTime:0.002163s ]
INFO: [ app_end ] --START--
INFO: Run Behavior\ShowPageTraceBehavior [ RunTime:0.005269s ]
INFO: [ app_end ] --END-- [ RunTime:0.007626s ]

[ 2016-12-12T14:45:28+08:00 ] 127.0.0.1 /shanghua/index.php/Admin/Index/index
INFO: [ app_init ] --START--
INFO: Run Behavior\BuildLiteBehavior [ RunTime:0.000058s ]
INFO: [ app_init ] --END-- [ RunTime:0.002198s ]
INFO: [ app_begin ] --START--
INFO: Run Behavior\ReadHtmlCacheBehavior [ RunTime:0.004117s ]
INFO: [ app_begin ] --END-- [ RunTime:0.004453s ]
INFO: [ view_parse ] --START--
INFO: [ template_filter ] --START--
INFO: Run Behavior\ContentReplaceBehavior [ RunTime:0.000387s ]
INFO: [ template_filter ] --END-- [ RunTime:0.000677s ]
INFO: Run Behavior\ParseTemplateBehavior [ RunTime:0.054870s ]
INFO: [ view_parse ] --END-- [ RunTime:0.055240s ]
INFO: [ view_filter ] --START--
INFO: Run Behavior\WriteHtmlCacheBehavior [ RunTime:0.002495s ]
INFO: [ view_filter ] --END-- [ RunTime:0.002769s ]
INFO: [ app_end ] --START--
INFO: Run Behavior\ShowPageTraceBehavior [ RunTime:0.007523s ]
INFO: [ app_end ] --END-- [ RunTime:0.008809s ]

[ 2016-12-12T14:45:41+08:00 ] 127.0.0.1 /shanghua/index.php/Admin/Advice/lists
INFO: [ app_init ] --START--
INFO: Run Behavior\BuildLiteBehavior [ RunTime:0.000042s ]
INFO: [ app_init ] --END-- [ RunTime:0.001541s ]
INFO: [ app_begin ] --START--
INFO: Run Behavior\ReadHtmlCacheBehavior [ RunTime:0.002305s ]
INFO: [ app_begin ] --END-- [ RunTime:0.002583s ]
SQL: SHOW COLUMNS FROM `advice` [ RunTime:0.0767s ]
SQL: SELECT * FROM `advice`  [ RunTime:0.0020s ]
INFO: [ view_parse ] --START--
INFO: [ template_filter ] --START--
INFO: Run Behavior\ContentReplaceBehavior [ RunTime:0.000367s ]
INFO: [ template_filter ] --END-- [ RunTime:0.000665s ]
NOTIC: [8] Undefined index: advice_id D:\PHP\shanghua\Application\Runtime\Cache\Admin\42b015d9fef8966450f1d0e24192cb99.php 第 112 行.
INFO: Run Behavior\ParseTemplateBehavior [ RunTime:0.075504s ]
INFO: [ view_parse ] --END-- [ RunTime:0.075791s ]
INFO: [ view_filter ] --START--
INFO: Run Behavior\WriteHtmlCacheBehavior [ RunTime:0.002187s ]
INFO: [ view_filter ] --END-- [ RunTime:0.002444s ]
INFO: [ app_end ] --START--
INFO: Run Behavior\ShowPageTraceBehavior [ RunTime:0.003260s ]
INFO: [ app_end ] --END-- [ RunTime:0.003521s ]

[ 2016-12-12T14:46:51+08:00 ] 127.0.0.1 /shanghua/index.php/Admin/Advice/lists
INFO: [ app_init ] --START--
INFO: Run Behavior\BuildLiteBehavior [ RunTime:0.000054s ]
INFO: [ app_init ] --END-- [ RunTime:0.001915s ]
INFO: [ app_begin ] --START--
INFO: Run Behavior\ReadHtmlCacheBehavior [ RunTime:0.003023s ]
INFO: [ app_begin ] --END-- [ RunTime:0.003325s ]
SQL: SHOW COLUMNS FROM `advice` [ RunTime:0.0409s ]
SQL: SELECT * FROM `advice`  [ RunTime:0.0020s ]
INFO: [ view_parse ] --START--
INFO: [ template_filter ] --START--
INFO: Run Behavior\ContentReplaceBehavior [ RunTime:0.000364s ]
INFO: [ template_filter ] --END-- [ RunTime:0.000657s ]
NOTIC: [8] Undefined index: advice_id D:\PHP\shanghua\Application\Runtime\Cache\Admin\42b015d9fef8966450f1d0e24192cb99.php 第 112 行.
INFO: Run Behavior\ParseTemplateBehavior [ RunTime:0.047248s ]
INFO: [ view_parse ] --END-- [ RunTime:0.047522s ]
INFO: [ view_filter ] --START--
INFO: Run Behavior\WriteHtmlCacheBehavior [ RunTime:0.001980s ]
INFO: [ view_filter ] --END-- [ RunTime:0.002255s ]
INFO: [ app_end ] --START--
INFO: Run Behavior\ShowPageTraceBehavior [ RunTime:0.002881s ]
INFO: [ app_end ] --END-- [ RunTime:0.003160s ]

[ 2016-12-12T14:47:23+08:00 ] 127.0.0.1 /shanghua/index.php/Admin/Users/lists
INFO: [ app_init ] --START--
INFO: Run Behavior\BuildLiteBehavior [ RunTime:0.000068s ]
INFO: [ app_init ] --END-- [ RunTime:0.005807s ]
INFO: [ app_begin ] --START--
INFO: Run Behavior\ReadHtmlCacheBehavior [ RunTime:0.003998s ]
INFO: [ app_begin ] --END-- [ RunTime:0.004342s ]
SQL: SHOW COLUMNS FROM `admin_user` [ RunTime:0.0406s ]
SQL: SELECT * FROM `admin_user`  [ RunTime:0.0017s ]
INFO: [ view_parse ] --START--
INFO: [ template_filter ] --START--
INFO: Run Behavior\ContentReplaceBehavior [ RunTime:0.000377s ]
INFO: [ template_filter ] --END-- [ RunTime:0.000661s ]
NOTIC: [8] Undefined variable: d D:\PHP\shanghua\Application\Runtime\Cache\Admin\cc56135e5aa554a29120dc705ad6ea7c.php 第 112 行.
NOTIC: [8] Undefined variable: d D:\PHP\shanghua\Application\Runtime\Cache\Admin\cc56135e5aa554a29120dc705ad6ea7c.php 第 112 行.
INFO: Run Behavior\ParseTemplateBehavior [ RunTime:0.083545s ]
INFO: [ view_parse ] --END-- [ RunTime:0.083814s ]
INFO: [ view_filter ] --START--
INFO: Run Behavior\WriteHtmlCacheBehavior [ RunTime:0.002099s ]
INFO: [ view_filter ] --END-- [ RunTime:0.002345s ]
INFO: [ app_end ] --START--
INFO: Run Behavior\ShowPageTraceBehavior [ RunTime:0.003064s ]
INFO: [ app_end ] --END-- [ RunTime:0.003314s ]

[ 2016-12-12T14:47:29+08:00 ] 127.0.0.1 /shanghua/index.php/Admin/Users/manage/data/1
INFO: [ app_init ] --START--
INFO: Run Behavior\BuildLiteBehavior [ RunTime:0.000056s ]
INFO: [ app_init ] --END-- [ RunTime:0.001946s ]
INFO: [ app_begin ] --START--
INFO: Run Behavior\ReadHtmlCacheBehavior [ RunTime:0.002591s ]
INFO: [ app_begin ] --END-- [ RunTime:0.002877s ]
SQL: SHOW COLUMNS FROM `admin_user` [ RunTime:0.0397s ]
SQL: SELECT * FROM `admin_user` WHERE `id` = 1 LIMIT 1   [ RunTime:0.0019s ]
INFO: [ view_parse ] --START--
INFO: [ template_filter ] --START--
INFO: Run Behavior\ContentReplaceBehavior [ RunTime:0.000361s ]
INFO: [ template_filter ] --END-- [ RunTime:0.000640s ]
INFO: Run Behavior\ParseTemplateBehavior [ RunTime:0.041685s ]
INFO: [ view_parse ] --END-- [ RunTime:0.041986s ]
INFO: [ view_filter ] --START--
INFO: Run Behavior\WriteHtmlCacheBehavior [ RunTime:0.001467s ]
INFO: [ view_filter ] --END-- [ RunTime:0.001700s ]
INFO: [ app_end ] --START--
INFO: Run Behavior\ShowPageTraceBehavior [ RunTime:0.002582s ]
INFO: [ app_end ] --END-- [ RunTime:0.002828s ]

[ 2016-12-12T14:47:39+08:00 ] 127.0.0.1 /shanghua/index.php/Admin/Users/pass
INFO: [ app_init ] --START--
INFO: Run Behavior\BuildLiteBehavior [ RunTime:0.000059s ]
INFO: [ app_init ] --END-- [ RunTime:0.001969s ]
INFO: [ app_begin ] --START--
INFO: Run Behavior\ReadHtmlCacheBehavior [ RunTime:0.002620s ]
INFO: [ app_begin ] --END-- [ RunTime:0.002886s ]
SQL: SHOW COLUMNS FROM `admin_user` [ RunTime:0.0413s ]
SQL: SELECT * FROM `admin_user` WHERE `username` = 'wangna' LIMIT 1   [ RunTime:0.0018s ]
INFO: [ view_parse ] --START--
INFO: [ template_filter ] --START--
INFO: Run Behavior\ContentReplaceBehavior [ RunTime:0.000344s ]
INFO: [ template_filter ] --END-- [ RunTime:0.000627s ]
INFO: Run Behavior\ParseTemplateBehavior [ RunTime:0.054318s ]
INFO: [ view_parse ] --END-- [ RunTime:0.054663s ]
INFO: [ view_filter ] --START--
INFO: Run Behavior\WriteHtmlCacheBehavior [ RunTime:0.001707s ]
INFO: [ view_filter ] --END-- [ RunTime:0.001976s ]
INFO: [ app_end ] --START--
INFO: Run Behavior\ShowPageTraceBehavior [ RunTime:0.002963s ]
INFO: [ app_end ] --END-- [ RunTime:0.003239s ]

[ 2016-12-12T15:04:15+08:00 ] 127.0.0.1 /shanghua/index.php/Admin/Index/index
INFO: [ app_init ] --START--
INFO: Run Behavior\BuildLiteBehavior [ RunTime:0.000061s ]
INFO: [ app_init ] --END-- [ RunTime:0.002531s ]
INFO: [ app_begin ] --START--
INFO: Run Behavior\ReadHtmlCacheBehavior [ RunTime:0.003457s ]
INFO: [ app_begin ] --END-- [ RunTime:0.003877s ]
INFO: [ view_parse ] --START--
INFO: [ template_filter ] --START--
INFO: Run Behavior\ContentReplaceBehavior [ RunTime:0.000382s ]
INFO: [ template_filter ] --END-- [ RunTime:0.000686s ]
INFO: Run Behavior\ParseTemplateBehavior [ RunTime:0.049821s ]
INFO: [ view_parse ] --END-- [ RunTime:0.050161s ]
INFO: [ view_filter ] --START--
INFO: Run Behavior\WriteHtmlCacheBehavior [ RunTime:0.003026s ]
INFO: [ view_filter ] --END-- [ RunTime:0.003302s ]
INFO: [ app_end ] --START--
INFO: Run Behavior\ShowPageTraceBehavior [ RunTime:0.006096s ]
INFO: [ app_end ] --END-- [ RunTime:0.006515s ]

[ 2016-12-12T15:04:19+08:00 ] 127.0.0.1 /shanghua/index.php/Admin/Advice/lists
INFO: [ app_init ] --START--
INFO: Run Behavior\BuildLiteBehavior [ RunTime:0.000065s ]
INFO: [ app_init ] --END-- [ RunTime:0.002339s ]
INFO: [ app_begin ] --START--
INFO: Run Behavior\ReadHtmlCacheBehavior [ RunTime:0.003382s ]
INFO: [ app_begin ] --END-- [ RunTime:0.003709s ]
SQL: SHOW COLUMNS FROM `advice` [ RunTime:0.0417s ]
SQL: SELECT * FROM `advice`  [ RunTime:0.0020s ]
INFO: [ view_parse ] --START--
INFO: [ template_filter ] --START--
INFO: Run Behavior\ContentReplaceBehavior [ RunTime:0.000368s ]
INFO: [ template_filter ] --END-- [ RunTime:0.000713s ]
NOTIC: [8] Undefined index: advice_id D:\PHP\shanghua\Application\Runtime\Cache\Admin\42b015d9fef8966450f1d0e24192cb99.php 第 112 行.
INFO: Run Behavior\ParseTemplateBehavior [ RunTime:0.049515s ]
INFO: [ view_parse ] --END-- [ RunTime:0.049804s ]
INFO: [ view_filter ] --START--
INFO: Run Behavior\WriteHtmlCacheBehavior [ RunTime:0.001907s ]
INFO: [ view_filter ] --END-- [ RunTime:0.002192s ]
INFO: [ app_end ] --START--
INFO: Run Behavior\ShowPageTraceBehavior [ RunTime:0.003704s ]
INFO: [ app_end ] --END-- [ RunTime:0.004002s ]

[ 2016-12-12T15:10:28+08:00 ] 127.0.0.1 /shanghua/index.php/Admin/Index/index
INFO: [ app_init ] --START--
INFO: Run Behavior\BuildLiteBehavior [ RunTime:0.000047s ]
INFO: [ app_init ] --END-- [ RunTime:0.001777s ]
INFO: [ app_begin ] --START--
INFO: Run Behavior\ReadHtmlCacheBehavior [ RunTime:0.002974s ]
INFO: [ app_begin ] --END-- [ RunTime:0.003243s ]
INFO: [ view_parse ] --START--
INFO: [ template_filter ] --START--
INFO: Run Behavior\ContentReplaceBehavior [ RunTime:0.000316s ]
INFO: [ template_filter ] --END-- [ RunTime:0.000561s ]
INFO: Run Behavior\ParseTemplateBehavior [ RunTime:0.038947s ]
INFO: [ view_parse ] --END-- [ RunTime:0.039216s ]
INFO: [ view_filter ] --START--
INFO: Run Behavior\WriteHtmlCacheBehavior [ RunTime:0.001641s ]
INFO: [ view_filter ] --END-- [ RunTime:0.001837s ]
INFO: [ app_end ] --START--
INFO: Run Behavior\ShowPageTraceBehavior [ RunTime:0.002953s ]
INFO: [ app_end ] --END-- [ RunTime:0.003207s ]

[ 2016-12-12T15:10:32+08:00 ] 127.0.0.1 /shanghua/index.php/Admin/Users/lists
INFO: [ app_init ] --START--
INFO: Run Behavior\BuildLiteBehavior [ RunTime:0.000060s ]
INFO: [ app_init ] --END-- [ RunTime:0.002206s ]
INFO: [ app_begin ] --START--
INFO: Run Behavior\ReadHtmlCacheBehavior [ RunTime:0.003580s ]
INFO: [ app_begin ] --END-- [ RunTime:0.003896s ]
SQL: SHOW COLUMNS FROM `admin_user` [ RunTime:0.0297s ]
SQL: SELECT * FROM `admin_user`  [ RunTime:0.0013s ]
INFO: [ view_parse ] --START--
INFO: [ template_filter ] --START--
INFO: Run Behavior\ContentReplaceBehavior [ RunTime:0.000278s ]
INFO: [ template_filter ] --END-- [ RunTime:0.000483s ]
NOTIC: [8] Undefined variable: d D:\PHP\shanghua\Application\Runtime\Cache\Admin\cc56135e5aa554a29120dc705ad6ea7c.php 第 112 行.
NOTIC: [8] Undefined variable: d D:\PHP\shanghua\Application\Runtime\Cache\Admin\cc56135e5aa554a29120dc705ad6ea7c.php 第 112 行.
INFO: Run Behavior\ParseTemplateBehavior [ RunTime:0.033547s ]
INFO: [ view_parse ] --END-- [ RunTime:0.033743s ]
INFO: [ view_filter ] --START--
INFO: Run Behavior\WriteHtmlCacheBehavior [ RunTime:0.001420s ]
INFO: [ view_filter ] --END-- [ RunTime:0.001628s ]
INFO: [ app_end ] --START--
INFO: Run Behavior\ShowPageTraceBehavior [ RunTime:0.002375s ]
INFO: [ app_end ] --END-- [ RunTime:0.002569s ]

[ 2016-12-12T17:29:10+08:00 ] 127.0.0.1 /shanghua/index.php/admin.php
INFO: [ app_init ] --START--
INFO: Run Behavior\BuildLiteBehavior [ RunTime:0.000048s ]
INFO: [ app_init ] --END-- [ RunTime:0.001887s ]
INFO: [ app_begin ] --START--
INFO: Run Behavior\ReadHtmlCacheBehavior [ RunTime:0.003034s ]
INFO: [ app_begin ] --END-- [ RunTime:0.003302s ]
INFO: [ view_parse ] --START--
INFO: [ template_filter ] --START--
INFO: Run Behavior\ContentReplaceBehavior [ RunTime:0.000343s ]
INFO: [ template_filter ] --END-- [ RunTime:0.000597s ]
INFO: Run Behavior\ParseTemplateBehavior [ RunTime:0.055256s ]
INFO: [ view_parse ] --END-- [ RunTime:0.055538s ]
INFO: [ view_filter ] --START--
INFO: Run Behavior\WriteHtmlCacheBehavior [ RunTime:0.001564s ]
INFO: [ view_filter ] --END-- [ RunTime:0.001768s ]
INFO: [ app_end ] --START--
INFO: Run Behavior\ShowPageTraceBehavior [ RunTime:0.011999s ]
INFO: [ app_end ] --END-- [ RunTime:0.012246s ]

[ 2016-12-12T17:30:03+08:00 ] 127.0.0.1 /shanghua/index.php/admin.php
INFO: [ app_init ] --START--
INFO: Run Behavior\BuildLiteBehavior [ RunTime:0.000062s ]
INFO: [ app_init ] --END-- [ RunTime:0.002310s ]
INFO: [ app_begin ] --START--
INFO: Run Behavior\ReadHtmlCacheBehavior [ RunTime:0.003186s ]
INFO: [ app_begin ] --END-- [ RunTime:0.003491s ]
INFO: [ view_parse ] --START--
INFO: [ template_filter ] --START--
INFO: Run Behavior\ContentReplaceBehavior [ RunTime:0.000398s ]
INFO: [ template_filter ] --END-- [ RunTime:0.000705s ]
INFO: Run Behavior\ParseTemplateBehavior [ RunTime:0.044313s ]
INFO: [ view_parse ] --END-- [ RunTime:0.044619s ]
INFO: [ view_filter ] --START--
INFO: Run Behavior\WriteHtmlCacheBehavior [ RunTime:0.001886s ]
INFO: [ view_filter ] --END-- [ RunTime:0.002130s ]
INFO: [ app_end ] --START--
INFO: Run Behavior\ShowPageTraceBehavior [ RunTime:0.003050s ]
INFO: [ app_end ] --END-- [ RunTime:0.003292s ]

[ 2016-12-12T17:31:44+08:00 ] 127.0.0.1 /shanghua/index.php/admin.php
INFO: [ app_init ] --START--
INFO: Run Behavior\BuildLiteBehavior [ RunTime:0.000059s ]
INFO: [ app_init ] --END-- [ RunTime:0.002227s ]
INFO: [ app_begin ] --START--
INFO: Run Behavior\ReadHtmlCacheBehavior [ RunTime:0.003250s ]
INFO: [ app_begin ] --END-- [ RunTime:0.003538s ]
INFO: [ view_parse ] --START--
INFO: [ template_filter ] --START--
INFO: Run Behavior\ContentReplaceBehavior [ RunTime:0.000417s ]
INFO: [ template_filter ] --END-- [ RunTime:0.000714s ]
INFO: Run Behavior\ParseTemplateBehavior [ RunTime:0.045970s ]
INFO: [ view_parse ] --END-- [ RunTime:0.046281s ]
INFO: [ view_filter ] --START--
INFO: Run Behavior\WriteHtmlCacheBehavior [ RunTime:0.002034s ]
INFO: [ view_filter ] --END-- [ RunTime:0.002290s ]
INFO: [ app_end ] --START--
INFO: Run Behavior\ShowPageTraceBehavior [ RunTime:0.010947s ]
INFO: [ app_end ] --END-- [ RunTime:0.011272s ]

[ 2016-12-12T17:31:58+08:00 ] 127.0.0.1 /shanghua/index.php/admin.php
INFO: [ app_init ] --START--
INFO: Run Behavior\BuildLiteBehavior [ RunTime:0.000050s ]
INFO: [ app_init ] --END-- [ RunTime:0.001829s ]
INFO: [ app_begin ] --START--
INFO: Run Behavior\ReadHtmlCacheBehavior [ RunTime:0.002889s ]
INFO: [ app_begin ] --END-- [ RunTime:0.003223s ]
INFO: [ view_parse ] --START--
INFO: [ template_filter ] --START--
INFO: Run Behavior\ContentReplaceBehavior [ RunTime:0.000342s ]
INFO: [ template_filter ] --END-- [ RunTime:0.000591s ]
INFO: Run Behavior\ParseTemplateBehavior [ RunTime:0.036392s ]
INFO: [ view_parse ] --END-- [ RunTime:0.036740s ]
INFO: [ view_filter ] --START--
INFO: Run Behavior\WriteHtmlCacheBehavior [ RunTime:0.002081s ]
INFO: [ view_filter ] --END-- [ RunTime:0.002318s ]
INFO: [ app_end ] --START--
INFO: Run Behavior\ShowPageTraceBehavior [ RunTime:0.003940s ]
INFO: [ app_end ] --END-- [ RunTime:0.004301s ]

[ 2016-12-12T17:32:39+08:00 ] 127.0.0.1 /shanghua/index.php/admin.php
INFO: [ app_init ] --START--
INFO: Run Behavior\BuildLiteBehavior [ RunTime:0.000065s ]
INFO: [ app_init ] --END-- [ RunTime:0.002639s ]
INFO: [ app_begin ] --START--
INFO: Run Behavior\ReadHtmlCacheBehavior [ RunTime:0.004909s ]
INFO: [ app_begin ] --END-- [ RunTime:0.005219s ]
INFO: [ view_parse ] --START--
INFO: [ template_filter ] --START--
INFO: Run Behavior\ContentReplaceBehavior [ RunTime:0.000410s ]
INFO: [ template_filter ] --END-- [ RunTime:0.000736s ]
INFO: Run Behavior\ParseTemplateBehavior [ RunTime:0.047702s ]
INFO: [ view_parse ] --END-- [ RunTime:0.048019s ]
INFO: [ view_filter ] --START--
INFO: Run Behavior\WriteHtmlCacheBehavior [ RunTime:0.002779s ]
INFO: [ view_filter ] --END-- [ RunTime:0.003063s ]
INFO: [ app_end ] --START--
INFO: Run Behavior\ShowPageTraceBehavior [ RunTime:0.003708s ]
INFO: [ app_end ] --END-- [ RunTime:0.004034s ]

[ 2016-12-12T17:32:41+08:00 ] 127.0.0.1 /shanghua/index.php/admin.php
INFO: [ app_init ] --START--
INFO: Run Behavior\BuildLiteBehavior [ RunTime:0.000055s ]
INFO: [ app_init ] --END-- [ RunTime:0.003145s ]
INFO: [ app_begin ] --START--
INFO: Run Behavior\ReadHtmlCacheBehavior [ RunTime:0.002748s ]
INFO: [ app_begin ] --END-- [ RunTime:0.003003s ]
INFO: [ view_parse ] --START--
INFO: [ template_filter ] --START--
INFO: Run Behavior\ContentReplaceBehavior [ RunTime:0.000325s ]
INFO: [ template_filter ] --END-- [ RunTime:0.000604s ]
INFO: Run Behavior\ParseTemplateBehavior [ RunTime:0.039346s ]
INFO: [ view_parse ] --END-- [ RunTime:0.039606s ]
INFO: [ view_filter ] --START--
INFO: Run Behavior\WriteHtmlCacheBehavior [ RunTime:0.002818s ]
INFO: [ view_filter ] --END-- [ RunTime:0.003045s ]
INFO: [ app_end ] --START--
INFO: Run Behavior\ShowPageTraceBehavior [ RunTime:0.005108s ]
INFO: [ app_end ] --END-- [ RunTime:0.005369s ]

[ 2016-12-12T17:33:52+08:00 ] 127.0.0.1 /shanghua/index.php/Admin/New/lists
INFO: [ app_init ] --START--
INFO: Run Behavior\BuildLiteBehavior [ RunTime:0.000062s ]
INFO: [ app_init ] --END-- [ RunTime:0.002396s ]
INFO: [ app_begin ] --START--
INFO: Run Behavior\ReadHtmlCacheBehavior [ RunTime:0.003982s ]
INFO: [ app_begin ] --END-- [ RunTime:0.004321s ]
SQL: SHOW COLUMNS FROM `news` [ RunTime:0.0886s ]
SQL: SELECT * FROM `news`  [ RunTime:0.0017s ]
INFO: [ view_parse ] --START--
INFO: [ template_filter ] --START--
INFO: Run Behavior\ContentReplaceBehavior [ RunTime:0.000322s ]
INFO: [ template_filter ] --END-- [ RunTime:0.000584s ]
NOTIC: [8] Undefined index: news_id D:\PHP\shanghua\Application\Runtime\Cache\Admin\b82f6166dc7ce355fc0a2ad75d1410cb.php 第 112 行.
NOTIC: [8] Undefined index: thumb D:\PHP\shanghua\Application\Runtime\Cache\Admin\b82f6166dc7ce355fc0a2ad75d1410cb.php 第 113 行.
NOTIC: [8] Undefined index: news_id D:\PHP\shanghua\Application\Runtime\Cache\Admin\b82f6166dc7ce355fc0a2ad75d1410cb.php 第 112 行.
NOTIC: [8] Undefined index: thumb D:\PHP\shanghua\Application\Runtime\Cache\Admin\b82f6166dc7ce355fc0a2ad75d1410cb.php 第 113 行.
INFO: Run Behavior\ParseTemplateBehavior [ RunTime:0.054835s ]
INFO: [ view_parse ] --END-- [ RunTime:0.055087s ]
INFO: [ view_filter ] --START--
INFO: Run Behavior\WriteHtmlCacheBehavior [ RunTime:0.001842s ]
INFO: [ view_filter ] --END-- [ RunTime:0.002063s ]
INFO: [ app_end ] --START--
INFO: Run Behavior\ShowPageTraceBehavior [ RunTime:0.002740s ]
INFO: [ app_end ] --END-- [ RunTime:0.002999s ]

[ 2016-12-12T17:39:22+08:00 ] 127.0.0.1 /shanghua/index.php/admin.php
INFO: [ app_init ] --START--
INFO: Run Behavior\BuildLiteBehavior [ RunTime:0.000050s ]
INFO: [ app_init ] --END-- [ RunTime:0.001847s ]
INFO: [ app_begin ] --START--
INFO: Run Behavior\ReadHtmlCacheBehavior [ RunTime:0.002421s ]
INFO: [ app_begin ] --END-- [ RunTime:0.002636s ]
INFO: [ view_parse ] --START--
INFO: [ template_filter ] --START--
INFO: Run Behavior\ContentReplaceBehavior [ RunTime:0.000151s ]
INFO: [ template_filter ] --END-- [ RunTime:0.000365s ]
INFO: Run Behavior\ParseTemplateBehavior [ RunTime:0.042838s ]
INFO: [ view_parse ] --END-- [ RunTime:0.043505s ]
INFO: [ view_filter ] --START--
INFO: Run Behavior\WriteHtmlCacheBehavior [ RunTime:0.001695s ]
INFO: [ view_filter ] --END-- [ RunTime:0.001892s ]

[ 2016-12-12T17:39:25+08:00 ] 127.0.0.1 /shanghua/index.php/Admin/Admin/login
INFO: [ app_init ] --START--
INFO: Run Behavior\BuildLiteBehavior [ RunTime:0.000035s ]
INFO: [ app_init ] --END-- [ RunTime:0.001109s ]
INFO: [ app_begin ] --START--
INFO: Run Behavior\ReadHtmlCacheBehavior [ RunTime:0.001618s ]
INFO: [ app_begin ] --END-- [ RunTime:0.001802s ]
INFO: [ view_parse ] --START--
INFO: [ template_filter ] --START--
INFO: Run Behavior\ContentReplaceBehavior [ RunTime:0.000148s ]
INFO: [ template_filter ] --END-- [ RunTime:0.000340s ]
INFO: Run Behavior\ParseTemplateBehavior [ RunTime:0.019210s ]
INFO: [ view_parse ] --END-- [ RunTime:0.019399s ]
INFO: [ view_filter ] --START--
INFO: Run Behavior\WriteHtmlCacheBehavior [ RunTime:0.000956s ]
INFO: [ view_filter ] --END-- [ RunTime:0.001117s ]
INFO: [ app_end ] --START--
INFO: Run Behavior\ShowPageTraceBehavior [ RunTime:0.001843s ]
INFO: [ app_end ] --END-- [ RunTime:0.002003s ]

[ 2016-12-12T17:39:28+08:00 ] 127.0.0.1 /shanghua/index.php/Admin/Admin/login
INFO: [ app_init ] --START--
INFO: Run Behavior\BuildLiteBehavior [ RunTime:0.000037s ]
INFO: [ app_init ] --END-- [ RunTime:0.001064s ]
INFO: [ app_begin ] --START--
INFO: Run Behavior\ReadHtmlCacheBehavior [ RunTime:0.001217s ]
INFO: [ app_begin ] --END-- [ RunTime:0.001372s ]
SQL: SHOW COLUMNS FROM `admin_user` [ RunTime:0.0254s ]
SQL: SELECT COUNT(*) AS tp_count FROM `admin_user` WHERE `username` = 'wangna' AND `password` = '941215' LIMIT 1   [ RunTime:0.0009s ]
INFO: [ view_parse ] --START--
INFO: [ template_filter ] --START--
INFO: Run Behavior\ContentReplaceBehavior [ RunTime:0.000099s ]
INFO: [ template_filter ] --END-- [ RunTime:0.000248s ]
INFO: Run Behavior\ParseTemplateBehavior [ RunTime:0.013984s ]
INFO: [ view_parse ] --END-- [ RunTime:0.014127s ]
INFO: [ view_filter ] --START--
INFO: Run Behavior\WriteHtmlCacheBehavior [ RunTime:0.000671s ]
INFO: [ view_filter ] --END-- [ RunTime:0.000772s ]

[ 2016-12-12T17:39:31+08:00 ] 127.0.0.1 /shanghua/index.php/Admin/Admin/login
INFO: [ app_init ] --START--
INFO: Run Behavior\BuildLiteBehavior [ RunTime:0.000058s ]
INFO: [ app_init ] --END-- [ RunTime:0.002026s ]
INFO: [ app_begin ] --START--
INFO: Run Behavior\ReadHtmlCacheBehavior [ RunTime:0.004356s ]
INFO: [ app_begin ] --END-- [ RunTime:0.004849s ]
INFO: [ view_parse ] --START--
INFO: [ template_filter ] --START--
INFO: Run Behavior\ContentReplaceBehavior [ RunTime:0.000230s ]
INFO: [ template_filter ] --END-- [ RunTime:0.000530s ]
INFO: Run Behavior\ParseTemplateBehavior [ RunTime:0.039406s ]
INFO: [ view_parse ] --END-- [ RunTime:0.039926s ]
INFO: [ view_filter ] --START--
INFO: Run Behavior\WriteHtmlCacheBehavior [ RunTime:0.001864s ]
INFO: [ view_filter ] --END-- [ RunTime:0.002142s ]
INFO: [ app_end ] --START--
INFO: Run Behavior\ShowPageTraceBehavior [ RunTime:0.003400s ]
INFO: [ app_end ] --END-- [ RunTime:0.003707s ]

[ 2016-12-12T17:39:38+08:00 ] 127.0.0.1 /shanghua/index.php/Admin/Admin/login
INFO: [ app_init ] --START--
INFO: Run Behavior\BuildLiteBehavior [ RunTime:0.000062s ]
INFO: [ app_init ] --END-- [ RunTime:0.015464s ]
INFO: [ app_begin ] --START--
INFO: Run Behavior\ReadHtmlCacheBehavior [ RunTime:0.002697s ]
INFO: [ app_begin ] --END-- [ RunTime:0.002975s ]
SQL: SHOW COLUMNS FROM `admin_user` [ RunTime:0.0500s ]
SQL: SELECT COUNT(*) AS tp_count FROM `admin_user` WHERE `username` = 'wangna' AND `password` = '123456' LIMIT 1   [ RunTime:0.0016s ]
INFO: [ view_parse ] --START--
INFO: [ template_filter ] --START--
INFO: Run Behavior\ContentReplaceBehavior [ RunTime:0.000202s ]
INFO: [ template_filter ] --END-- [ RunTime:0.000481s ]
INFO: Run Behavior\ParseTemplateBehavior [ RunTime:0.031358s ]
INFO: [ view_parse ] --END-- [ RunTime:0.031661s ]
INFO: [ view_filter ] --START--
INFO: Run Behavior\WriteHtmlCacheBehavior [ RunTime:0.001427s ]
INFO: [ view_filter ] --END-- [ RunTime:0.001654s ]
INFO: [ app_end ] --START--
INFO: Run Behavior\ShowPageTraceBehavior [ RunTime:0.002563s ]
INFO: [ app_end ] --END-- [ RunTime:0.002803s ]

[ 2016-12-12T17:39:39+08:00 ] 127.0.0.1 /shanghua/index.php/Admin/Index/index
INFO: [ app_init ] --START--
INFO: Run Behavior\BuildLiteBehavior [ RunTime:0.000063s ]
INFO: [ app_init ] --END-- [ RunTime:0.002566s ]
INFO: [ app_begin ] --START--
INFO: Run Behavior\ReadHtmlCacheBehavior [ RunTime:0.003855s ]
INFO: [ app_begin ] --END-- [ RunTime:0.004173s ]
INFO: [ view_parse ] --START--
INFO: [ template_filter ] --START--
INFO: Run Behavior\ContentReplaceBehavior [ RunTime:0.000419s ]
INFO: [ template_filter ] --END-- [ RunTime:0.000737s ]
INFO: Run Behavior\ParseTemplateBehavior [ RunTime:0.057297s ]
INFO: [ view_parse ] --END-- [ RunTime:0.057629s ]
INFO: [ view_filter ] --START--
INFO: Run Behavior\WriteHtmlCacheBehavior [ RunTime:0.001480s ]
INFO: [ view_filter ] --END-- [ RunTime:0.001739s ]
INFO: [ app_end ] --START--
INFO: Run Behavior\ShowPageTraceBehavior [ RunTime:0.004468s ]
INFO: [ app_end ] --END-- [ RunTime:0.004810s ]

[ 2016-12-12T17:39:44+08:00 ] 127.0.0.1 /shanghua/index.php/Admin/Users/lists
INFO: [ app_init ] --START--
INFO: Run Behavior\BuildLiteBehavior [ RunTime:0.000047s ]
INFO: [ app_init ] --END-- [ RunTime:0.001613s ]
INFO: [ app_begin ] --START--
INFO: Run Behavior\ReadHtmlCacheBehavior [ RunTime:0.002777s ]
INFO: [ app_begin ] --END-- [ RunTime:0.003039s ]
SQL: SHOW COLUMNS FROM `admin_user` [ RunTime:0.0363s ]
SQL: SELECT * FROM `admin_user`  [ RunTime:0.0014s ]
INFO: [ view_parse ] --START--
INFO: [ template_filter ] --START--
INFO: Run Behavior\ContentReplaceBehavior [ RunTime:0.000249s ]
INFO: [ template_filter ] --END-- [ RunTime:0.000451s ]
NOTIC: [8] Undefined variable: d D:\PHP\shanghua\Application\Runtime\Cache\Admin\cc56135e5aa554a29120dc705ad6ea7c.php 第 112 行.
NOTIC: [8] Undefined variable: d D:\PHP\shanghua\Application\Runtime\Cache\Admin\cc56135e5aa554a29120dc705ad6ea7c.php 第 112 行.
NOTIC: [8] Undefined variable: d D:\PHP\shanghua\Application\Runtime\Cache\Admin\cc56135e5aa554a29120dc705ad6ea7c.php 第 112 行.
NOTIC: [8] Undefined variable: d D:\PHP\shanghua\Application\Runtime\Cache\Admin\cc56135e5aa554a29120dc705ad6ea7c.php 第 112 行.
NOTIC: [8] Undefined variable: d D:\PHP\shanghua\Application\Runtime\Cache\Admin\cc56135e5aa554a29120dc705ad6ea7c.php 第 112 行.
INFO: Run Behavior\ParseTemplateBehavior [ RunTime:0.031172s ]
INFO: [ view_parse ] --END-- [ RunTime:0.031391s ]
INFO: [ view_filter ] --START--
INFO: Run Behavior\WriteHtmlCacheBehavior [ RunTime:0.001223s ]
INFO: [ view_filter ] --END-- [ RunTime:0.001410s ]
INFO: [ app_end ] --START--
INFO: Run Behavior\ShowPageTraceBehavior [ RunTime:0.002509s ]
INFO: [ app_end ] --END-- [ RunTime:0.002726s ]

[ 2016-12-12T17:39:49+08:00 ] 127.0.0.1 /shanghua/index.php/Admin/New/lists
INFO: [ app_init ] --START--
INFO: Run Behavior\BuildLiteBehavior [ RunTime:0.000070s ]
INFO: [ app_init ] --END-- [ RunTime:0.002223s ]
INFO: [ app_begin ] --START--
INFO: Run Behavior\ReadHtmlCacheBehavior [ RunTime:0.002772s ]
INFO: [ app_begin ] --END-- [ RunTime:0.003081s ]
SQL: SHOW COLUMNS FROM `news` [ RunTime:0.0510s ]
SQL: SELECT * FROM `news`  [ RunTime:0.0020s ]
INFO: [ view_parse ] --START--
INFO: [ template_filter ] --START--
INFO: Run Behavior\ContentReplaceBehavior [ RunTime:0.000386s ]
INFO: [ template_filter ] --END-- [ RunTime:0.000690s ]
NOTIC: [8] Undefined index: news_id D:\PHP\shanghua\Application\Runtime\Cache\Admin\b82f6166dc7ce355fc0a2ad75d1410cb.php 第 112 行.
NOTIC: [8] Undefined index: news_id D:\PHP\shanghua\Application\Runtime\Cache\Admin\b82f6166dc7ce355fc0a2ad75d1410cb.php 第 112 行.
INFO: Run Behavior\ParseTemplateBehavior [ RunTime:0.048000s ]
INFO: [ view_parse ] --END-- [ RunTime:0.048290s ]
INFO: [ view_filter ] --START--
INFO: Run Behavior\WriteHtmlCacheBehavior [ RunTime:0.001789s ]
INFO: [ view_filter ] --END-- [ RunTime:0.002110s ]
INFO: [ app_end ] --START--
INFO: Run Behavior\ShowPageTraceBehavior [ RunTime:0.002639s ]
INFO: [ app_end ] --END-- [ RunTime:0.002887s ]

[ 2016-12-12T17:39:53+08:00 ] 127.0.0.1 /shanghua/index.php/Admin/New/edit/id/2
INFO: [ app_init ] --START--
INFO: Run Behavior\BuildLiteBehavior [ RunTime:0.000047s ]
INFO: [ app_init ] --END-- [ RunTime:0.001718s ]
INFO: [ app_begin ] --START--
INFO: Run Behavior\ReadHtmlCacheBehavior [ RunTime:0.002981s ]
INFO: [ app_begin ] --END-- [ RunTime:0.003283s ]
SQL: SHOW COLUMNS FROM `news` [ RunTime:0.0497s ]
SQL: SELECT * FROM `news` WHERE `id` = 2 LIMIT 1   [ RunTime:0.0019s ]
INFO: [ view_parse ] --START--
INFO: [ template_filter ] --START--
INFO: Run Behavior\ContentReplaceBehavior [ RunTime:0.000350s ]
INFO: [ template_filter ] --END-- [ RunTime:0.000638s ]
INFO: Run Behavior\ParseTemplateBehavior [ RunTime:0.079587s ]
INFO: [ view_parse ] --END-- [ RunTime:0.079933s ]
INFO: [ view_filter ] --START--
INFO: Run Behavior\WriteHtmlCacheBehavior [ RunTime:0.001967s ]
INFO: [ view_filter ] --END-- [ RunTime:0.002219s ]
INFO: [ app_end ] --START--
INFO: Run Behavior\ShowPageTraceBehavior [ RunTime:0.003042s ]
INFO: [ app_end ] --END-- [ RunTime:0.003306s ]

[ 2016-12-12T17:39:57+08:00 ] 127.0.0.1 /shanghua/index.php/Admin/Users/lists
INFO: [ app_init ] --START--
INFO: Run Behavior\BuildLiteBehavior [ RunTime:0.000057s ]
INFO: [ app_init ] --END-- [ RunTime:0.001967s ]
INFO: [ app_begin ] --START--
INFO: Run Behavior\ReadHtmlCacheBehavior [ RunTime:0.002476s ]
INFO: [ app_begin ] --END-- [ RunTime:0.002813s ]
SQL: SHOW COLUMNS FROM `admin_user` [ RunTime:0.0510s ]
SQL: SELECT * FROM `admin_user`  [ RunTime:0.0022s ]
INFO: [ view_parse ] --START--
INFO: [ template_filter ] --START--
INFO: Run Behavior\ContentReplaceBehavior [ RunTime:0.000412s ]
INFO: [ template_filter ] --END-- [ RunTime:0.000832s ]
NOTIC: [8] Undefined variable: d D:\PHP\shanghua\Application\Runtime\Cache\Admin\cc56135e5aa554a29120dc705ad6ea7c.php 第 112 行.
NOTIC: [8] Undefined variable: d D:\PHP\shanghua\Application\Runtime\Cache\Admin\cc56135e5aa554a29120dc705ad6ea7c.php 第 112 行.
NOTIC: [8] Undefined variable: d D:\PHP\shanghua\Application\Runtime\Cache\Admin\cc56135e5aa554a29120dc705ad6ea7c.php 第 112 行.
NOTIC: [8] Undefined variable: d D:\PHP\shanghua\Application\Runtime\Cache\Admin\cc56135e5aa554a29120dc705ad6ea7c.php 第 112 行.
NOTIC: [8] Undefined variable: d D:\PHP\shanghua\Application\Runtime\Cache\Admin\cc56135e5aa554a29120dc705ad6ea7c.php 第 112 行.
INFO: Run Behavior\ParseTemplateBehavior [ RunTime:0.049828s ]
INFO: [ view_parse ] --END-- [ RunTime:0.050104s ]
INFO: [ view_filter ] --START--
INFO: Run Behavior\WriteHtmlCacheBehavior [ RunTime:0.002162s ]
INFO: [ view_filter ] --END-- [ RunTime:0.002552s ]
INFO: [ app_end ] --START--
INFO: Run Behavior\ShowPageTraceBehavior [ RunTime:0.003378s ]
INFO: [ app_end ] --END-- [ RunTime:0.003972s ]

[ 2016-12-12T17:47:22+08:00 ] 127.0.0.1 /shanghua/index.php/Admin/Index/index
INFO: [ app_init ] --START--
INFO: Run Behavior\BuildLiteBehavior [ RunTime:0.000056s ]
INFO: [ app_init ] --END-- [ RunTime:0.002193s ]
INFO: [ app_begin ] --START--
INFO: Run Behavior\ReadHtmlCacheBehavior [ RunTime:0.003339s ]
INFO: [ app_begin ] --END-- [ RunTime:0.003638s ]
INFO: [ view_parse ] --START--
INFO: [ template_filter ] --START--
INFO: Run Behavior\ContentReplaceBehavior [ RunTime:0.000405s ]
INFO: [ template_filter ] --END-- [ RunTime:0.000700s ]
INFO: Run Behavior\ParseTemplateBehavior [ RunTime:0.074173s ]
INFO: [ view_parse ] --END-- [ RunTime:0.074506s ]
INFO: [ view_filter ] --START--
INFO: Run Behavior\WriteHtmlCacheBehavior [ RunTime:0.002232s ]
INFO: [ view_filter ] --END-- [ RunTime:0.002530s ]
INFO: [ app_end ] --START--
INFO: Run Behavior\ShowPageTraceBehavior [ RunTime:0.006266s ]
INFO: [ app_end ] --END-- [ RunTime:0.006680s ]

